#
# A fatal error has been detected by the Java Runtime Environment:
#
#  SIGSEGV (0xb) at pc=0x00007f35d15fa719, pid=17216, tid=0x00007f35d3fff700
#
# JRE version: Java(TM) SE Runtime Environment (8.0_144-b01) (build 1.8.0_144-b01)
# Java VM: Java HotSpot(TM) 64-Bit Server VM (25.144-b01 mixed mode linux-amd64 compressed oops)
# Problematic frame:
# C  [libvlccore.so.8+0x97719]
#
# Failed to write core dump. Core dumps have been disabled. To enable core dumping, try "ulimit -c unlimited" before starting Java again
#
# If you would like to submit a bug report, please visit:
#   http://bugreport.java.com/bugreport/crash.jsp
# The crash happened outside the Java Virtual Machine in native code.
# See problematic frame for where to report the bug.
#

---------------  T H R E A D  ---------------

Current thread (0x00007f35f00c8800):  JavaThread "Thread-0" [_thread_in_native, id=17250, stack(0x00007f35d3eff000,0x00007f35d4000000)]

siginfo: si_signo: 11 (SIGSEGV), si_code: 1 (SEGV_MAPERR), si_addr: 0x0000000000000000

Registers:
RAX=0x00007f359c1d5718, RBX=0x00007f359c1e4170, RCX=0x0000000000000001, RDX=0x0000000000000001
RSP=0x00007f35d3ffcd70, RBP=0x00007f359c1e4170, RSI=0x0000000000000001, RDI=0x000000000000000b
R8 =0x00007f359c1d5710, R9 =0x0000000000000001, R10=0x0000000000000007, R11=0x00007f359c1d5130
R12=0x0000000000000000, R13=0x0000000000000001, R14=0x00007f35d3ffce70, R15=0x000000000000000b
RIP=0x00007f35d15fa719, EFLAGS=0x0000000000010202, CSGSFS=0x002b000000000033, ERR=0x0000000000000004
  TRAPNO=0x000000000000000e

Top of Stack: (sp=0x00007f35d3ffcd70)
0x00007f35d3ffcd70:   00007f359c1d5710 0000000000000014
0x00007f35d3ffcd80:   00007f359c1d51e0 00007f35d3ffce60
0x00007f35d3ffcd90:   00007f359c1d51e0 ffffffff00000000
0x00007f35d3ffcda0:   00007f359c1e2fa0 00007f35f6ad953c
0x00007f35d3ffcdb0:   00007f359c1e2f40 00007f35f6ad9184
0x00007f35d3ffcdc0:   00007f35d3ffce70 00007f35d3ffce60
0x00007f35d3ffcdd0:   00007f359c1e4170 00007f359c1e9390
0x00007f35d3ffcde0:   00007f359c1d51e0 ffffffff00000000
0x00007f35d3ffcdf0:   00007f359c1e2fa0 00007f35d15f974c
0x00007f35d3ffce00:   00007f359c1bdac8 00007f35d3ffce70
0x00007f35d3ffce10:   00007f359c1d5710 0000000bd3ffce40
0x00007f35d3ffce20:   00007f3500000000 00007f359c1d51c0
0x00007f35d3ffce30:   00007f359c1d51e0 0000000000000001
0x00007f35d3ffce40:   0000000000000000 00007f35f6b6a836
0x00007f35d3ffce50:   00007f35d3ffce80 00007f359c1d5710
0x00007f35d3ffce60:   00007f3500000291 0000000000000001
0x00007f35d3ffce70:   0000000000000000 0000000000000001
0x00007f35d3ffce80:   0000000000000000 0000000100000001
0x00007f35d3ffce90:   0000000000000000 0000000000000000
0x00007f35d3ffcea0:   0000000000000000 0000000000000000
0x00007f35d3ffceb0:   0000000000000000 0000000000000000
0x00007f35d3ffcec0:   0000000000000000 0000000000000000
0x00007f35d3ffced0:   0000000000000000 0000000000000000
0x00007f35d3ffcee0:   0000000000000000 0000000000000000
0x00007f35d3ffcef0:   0000000000000000 0000000000000000
0x00007f35d3ffcf00:   0000000000000000 0000000000000000
0x00007f35d3ffcf10:   0000000000000000 0000000000000000
0x00007f35d3ffcf20:   0000000000000000 0000000000000000
0x00007f35d3ffcf30:   0000000000000000 0000000000000000
0x00007f35d3ffcf40:   0000000000000000 0000000000000000
0x00007f35d3ffcf50:   0000000000000000 0000000000000000
0x00007f35d3ffcf60:   0000000000000000 0000000000000000 

Instructions: (pc=0x00007f35d15fa719)
0x00007f35d15fa6f9:   49 63 f5 45 39 ef 49 8d 04 f0 0f 8e e7 07 00 00
0x00007f35d15fa709:   45 89 e9 4c 8b 20 45 29 f9 41 f7 d1 41 83 e1 07
0x00007f35d15fa719:   41 80 3c 24 2d 0f 84 6c 04 00 00 41 83 c5 01 48
0x00007f35d15fa729:   83 c0 08 45 39 ef 45 89 6e 08 0f 84 bf 02 00 00 

Register to memory mapping:

RAX=0x00007f359c1d5718 is an unknown value
RBX=0x00007f359c1e4170 is an unknown value
RCX=0x0000000000000001 is an unknown value
RDX=0x0000000000000001 is an unknown value
RSP=0x00007f35d3ffcd70 is pointing into the stack for thread: 0x00007f35f00c8800
RBP=0x00007f359c1e4170 is an unknown value
RSI=0x0000000000000001 is an unknown value
RDI=0x000000000000000b is an unknown value
R8 =0x00007f359c1d5710 is an unknown value
R9 =0x0000000000000001 is an unknown value
R10=0x0000000000000007 is an unknown value
R11=0x00007f359c1d5130 is an unknown value
R12=0x0000000000000000 is an unknown value
R13=0x0000000000000001 is an unknown value
R14=0x00007f35d3ffce70 is pointing into the stack for thread: 0x00007f35f00c8800
R15=0x000000000000000b is an unknown value


Stack: [0x00007f35d3eff000,0x00007f35d4000000],  sp=0x00007f35d3ffcd70,  free space=1015k
Native frames: (J=compiled Java code, j=interpreted, Vv=VM code, C=native code)
C  [libvlccore.so.8+0x97719]

Java frames: (J=compiled Java code, j=interpreted, Vv=VM code)
j  com.sun.jna.Native.invokePointer(JI[Ljava/lang/Object;)J+0
j  com.sun.jna.Function.invokePointer(I[Ljava/lang/Object;)Lcom/sun/jna/Pointer;+6
j  com.sun.jna.Function.invoke([Ljava/lang/Object;Ljava/lang/Class;Z)Ljava/lang/Object;+426
j  com.sun.jna.Function.invoke(Ljava/lang/Class;[Ljava/lang/Object;Ljava/util/Map;)Ljava/lang/Object;+262
j  com.sun.jna.Library$Handler.invoke(Ljava/lang/Object;Ljava/lang/reflect/Method;[Ljava/lang/Object;)Ljava/lang/Object;+316
j  com.sun.proxy.$Proxy1.libvlc_new(I[Ljava/lang/String;)Luk/co/caprica/vlcj/binding/internal/libvlc_instance_t;+23
j  uk.co.caprica.vlcj.player.MediaPlayerFactory.<init>(Luk/co/caprica/vlcj/binding/LibVlc;[Ljava/lang/String;)V+70
j  uk.co.caprica.vlcj.player.MediaPlayerFactory.<init>([Ljava/lang/String;)V+13
j  servers.ClientHandler.run()V+83
v  ~StubRoutines::call_stub

---------------  P R O C E S S  ---------------

Java Threads: ( => current thread )
  0x00007f359c151800 JavaThread "AWT-XAWT" daemon [_thread_in_native, id=17274, stack(0x00007f35d1d9b000,0x00007f35d1e9c000)]
  0x00007f359c138000 JavaThread "Java2D Disposer" daemon [_thread_blocked, id=17273, stack(0x00007f35d22ac000,0x00007f35d23ad000)]
=>0x00007f35f00c8800 JavaThread "Thread-0" [_thread_in_native, id=17250, stack(0x00007f35d3eff000,0x00007f35d4000000)]
  0x00007f35f00c0000 JavaThread "Service Thread" daemon [_thread_blocked, id=17232, stack(0x00007f35d8695000,0x00007f35d8796000)]
  0x00007f35f00bd000 JavaThread "C1 CompilerThread2" daemon [_thread_blocked, id=17231, stack(0x00007f35d8796000,0x00007f35d8897000)]
  0x00007f35f00bb800 JavaThread "C2 CompilerThread1" daemon [_thread_in_native, id=17230, stack(0x00007f35d8897000,0x00007f35d8998000)]
  0x00007f35f00b8800 JavaThread "C2 CompilerThread0" daemon [_thread_in_native, id=17229, stack(0x00007f35d8998000,0x00007f35d8a99000)]
  0x00007f35f00b7000 JavaThread "Signal Dispatcher" daemon [_thread_blocked, id=17228, stack(0x00007f35d8a99000,0x00007f35d8b9a000)]
  0x00007f35f0084000 JavaThread "Finalizer" daemon [_thread_blocked, id=17227, stack(0x00007f35d8e72000,0x00007f35d8f73000)]
  0x00007f35f007f800 JavaThread "Reference Handler" daemon [_thread_blocked, id=17226, stack(0x00007f35d8f73000,0x00007f35d9074000)]
  0x00007f35f000a000 JavaThread "main" [_thread_in_native, id=17217, stack(0x00007f35f7559000,0x00007f35f765a000)]

Other Threads:
  0x00007f35f0078000 VMThread [stack: 0x00007f35d9074000,0x00007f35d9175000] [id=17225]
  0x00007f35f00c3000 WatcherThread [stack: 0x00007f35d8594000,0x00007f35d8695000] [id=17233]

VM state:not at safepoint (normal execution)

VM Mutex/Monitor currently owned by a thread: None

Heap:
 PSYoungGen      total 18432K, used 10880K [0x00000000ebd80000, 0x00000000ed200000, 0x0000000100000000)
  eden space 15872K, 68% used [0x00000000ebd80000,0x00000000ec820300,0x00000000ecd00000)
  from space 2560K, 0% used [0x00000000ecf80000,0x00000000ecf80000,0x00000000ed200000)
  to   space 2560K, 0% used [0x00000000ecd00000,0x00000000ecd00000,0x00000000ecf80000)
 ParOldGen       total 42496K, used 0K [0x00000000c3800000, 0x00000000c6180000, 0x00000000ebd80000)
  object space 42496K, 0% used [0x00000000c3800000,0x00000000c3800000,0x00000000c6180000)
 Metaspace       used 8081K, capacity 8216K, committed 8448K, reserved 1056768K
  class space    used 885K, capacity 956K, committed 1024K, reserved 1048576K

Card table byte_map: [0x00007f35f4112000,0x00007f35f42f7000] byte_map_base: 0x00007f35f3af6000

Marking Bits: (ParMarkBitMap*) 0x00007f35f6a27dc0
 Begin Bits: [0x00007f35da1c0000, 0x00007f35db0e0000)
 End Bits:   [0x00007f35db0e0000, 0x00007f35dc000000)

Polling page: 0x00007f35f7678000

CodeCache: size=245760Kb used=2275Kb max_used=2275Kb free=243484Kb
 bounds [0x00007f35e1000000, 0x00007f35e1270000, 0x00007f35f0000000]
 total_blobs=978 nmethods=542 adapters=349
 compilation: enabled

Compilation events (10 events):
Event: 24.126 Thread 0x00007f35f00bd000  544       3       java.util.jar.JarFile::maybeInstantiateVerifier (96 bytes)
Event: 24.127 Thread 0x00007f35f00bd000 nmethod 544 0x00007f35e1236910 code [0x00007f35e1236b40, 0x00007f35e12377c8]
Event: 24.128 Thread 0x00007f35f00bd000  545       1       java.util.jar.Manifest::getEntries (5 bytes)
Event: 24.128 Thread 0x00007f35f00bd000 nmethod 545 0x00007f35e1231290 code [0x00007f35e12313e0, 0x00007f35e12314f0]
Event: 24.128 Thread 0x00007f35f00bd000  546       3       java.util.jar.Attributes::getValue (9 bytes)
Event: 24.128 Thread 0x00007f35f00bd000 nmethod 546 0x00007f35e1230c50 code [0x00007f35e1230de0, 0x00007f35e1231148]
Event: 24.129 Thread 0x00007f35f00bd000  547       1       java.util.jar.JarFile::access$300 (5 bytes)
Event: 24.129 Thread 0x00007f35f00bd000 nmethod 547 0x00007f35e12308d0 code [0x00007f35e1230a20, 0x00007f35e1230b10]
Event: 24.129 Thread 0x00007f35f00bd000  548  s!   3       java.net.URLStreamHandler::getHostAddress (54 bytes)
Event: 24.129 Thread 0x00007f35f00bd000 nmethod 548 0x00007f35e1237d90 code [0x00007f35e1237f40, 0x00007f35e12386f8]

GC Heap History (0 events):
No events

Deoptimization events (6 events):
Event: 24.015 Thread 0x00007f35f00c8800 Uncommon trap: reason=unstable_if action=reinterpret pc=0x00007f35e11a75b0 method=java.lang.String.replace(CC)Ljava/lang/String; @ 26
Event: 24.068 Thread 0x00007f35f00c8800 Uncommon trap: reason=unstable_if action=reinterpret pc=0x00007f35e1208814 method=java.util.HashMap.getNode(ILjava/lang/Object;)Ljava/util/HashMap$Node; @ 129
Event: 24.085 Thread 0x00007f35f00c8800 Uncommon trap: reason=class_check action=maybe_recompile pc=0x00007f35e1225404 method=java.io.DataOutputStream.writeByte(I)V @ 5
Event: 24.085 Thread 0x00007f35f00c8800 Uncommon trap: reason=class_check action=maybe_recompile pc=0x00007f35e1225404 method=java.io.DataOutputStream.writeByte(I)V @ 5
Event: 24.085 Thread 0x00007f35f00c8800 Uncommon trap: reason=class_check action=maybe_recompile pc=0x00007f35e1225404 method=java.io.DataOutputStream.writeByte(I)V @ 5
Event: 24.085 Thread 0x00007f35f00c8800 Uncommon trap: reason=class_check action=maybe_recompile pc=0x00007f35e1225404 method=java.io.DataOutputStream.writeByte(I)V @ 5

Internal exceptions (10 events):
Event: 23.770 Thread 0x00007f35f00c8800 Exception <a 'java/security/PrivilegedActionException'> (0x00000000ebf2ac08) thrown at [/HUDSON3/workspace/8-2-build-linux-amd64/jdk8u144/9417/hotspot/src/share/vm/prims/jvm.cpp, line 1390]
Event: 23.770 Thread 0x00007f35f00c8800 Exception <a 'java/security/PrivilegedActionException'> (0x00000000ebf2ae18) thrown at [/HUDSON3/workspace/8-2-build-linux-amd64/jdk8u144/9417/hotspot/src/share/vm/prims/jvm.cpp, line 1390]
Event: 23.834 Thread 0x00007f35f00c8800 Exception <a 'java/lang/NoSuchFieldError': method resolution failed> (0x00000000ec02d758) thrown at [/HUDSON3/workspace/8-2-build-linux-amd64/jdk8u144/9417/hotspot/src/share/vm/prims/methodHandles.cpp, line 1146]
Event: 23.837 Thread 0x00007f35f00c8800 Exception <a 'java/lang/NoSuchFieldError': method resolution failed> (0x00000000ec03ab58) thrown at [/HUDSON3/workspace/8-2-build-linux-amd64/jdk8u144/9417/hotspot/src/share/vm/prims/methodHandles.cpp, line 1146]
Event: 23.868 Thread 0x00007f35f00c8800 Exception <a 'java/io/FileNotFoundException'> (0x00000000ec0c5eb0) thrown at [/HUDSON3/workspace/8-2-build-linux-amd64/jdk8u144/9417/hotspot/src/share/vm/prims/jni.cpp, line 709]
Event: 23.868 Thread 0x00007f35f00c8800 Exception <a 'java/io/FileNotFoundException'> (0x00000000ec0c6888) thrown at [/HUDSON3/workspace/8-2-build-linux-amd64/jdk8u144/9417/hotspot/src/share/vm/prims/jni.cpp, line 709]
Event: 23.973 Thread 0x00007f35f00c8800 Exception <a 'java/lang/UnsatisfiedLinkError': libX11.so: cannot open shared object file: No such file or directory> (0x00000000ec290a50) thrown at [/HUDSON3/workspace/8-2-build-linux-amd64/jdk8u144/9417/hotspot/src/share/vm/prims/jni.cpp, line 735]
Event: 23.974 Thread 0x00007f35f00c8800 Exception <a 'java/lang/UnsatisfiedLinkError': libX11.so: cannot open shared object file: No such file or directory> (0x00000000ec291a78) thrown at [/HUDSON3/workspace/8-2-build-linux-amd64/jdk8u144/9417/hotspot/src/share/vm/prims/jni.cpp, line 735]
Event: 24.034 Thread 0x00007f35f00c8800 Exception <a 'java/lang/UnsatisfiedLinkError': libvlc.so: cannot open shared object file: No such file or directory> (0x00000000ec45ce10) thrown at [/HUDSON3/workspace/8-2-build-linux-amd64/jdk8u144/9417/hotspot/src/share/vm/prims/jni.cpp, line 735]
Event: 24.035 Thread 0x00007f35f00c8800 Exception <a 'java/lang/UnsatisfiedLinkError': libvlc.so: cannot open shared object file: No such file or directory> (0x00000000ec45de38) thrown at [/HUDSON3/workspace/8-2-build-linux-amd64/jdk8u144/9417/hotspot/src/share/vm/prims/jni.cpp, line 735]

Events (10 events):
Event: 24.123 loading class com/sun/jna/Function$PostCallRead
Event: 24.123 loading class com/sun/jna/Function$PostCallRead done
Event: 24.125 loading class com/sun/jna/Memory$SharedMemory
Event: 24.125 loading class com/sun/jna/Memory$SharedMemory done
Event: 24.126 loading class com/sun/jna/WeakIdentityHashMap
Event: 24.126 loading class com/sun/jna/WeakIdentityHashMap done
Event: 24.128 loading class com/sun/jna/NativeMappedConverter
Event: 24.128 loading class com/sun/jna/NativeMappedConverter done
Event: 24.130 loading class com/sun/jna/TypeConverter
Event: 24.130 loading class com/sun/jna/TypeConverter done


Dynamic libraries:
00400000-00401000 r-xp 00000000 08:06 6164757                            /usr/lib/jvm/java-8-oracle/bin/java
00600000-00601000 rw-p 00000000 08:06 6164757                            /usr/lib/jvm/java-8-oracle/bin/java
02371000-02392000 rw-p 00000000 00:00 0                                  [heap]
c3800000-c6180000 rw-p 00000000 00:00 0 
c6180000-ebd80000 ---p 00000000 00:00 0 
ebd80000-ed200000 rw-p 00000000 00:00 0 
ed200000-100000000 ---p 00000000 00:00 0 
100000000-100100000 rw-p 00000000 00:00 0 
100100000-140000000 ---p 00000000 00:00 0 
7f3594000000-7f3594021000 rw-p 00000000 00:00 0 
7f3594021000-7f3598000000 ---p 00000000 00:00 0 
7f359c000000-7f359c318000 rw-p 00000000 00:00 0 
7f359c318000-7f35a0000000 ---p 00000000 00:00 0 
7f35a0000000-7f35a0021000 rw-p 00000000 00:00 0 
7f35a0021000-7f35a4000000 ---p 00000000 00:00 0 
7f35a4000000-7f35a4021000 rw-p 00000000 00:00 0 
7f35a4021000-7f35a8000000 ---p 00000000 00:00 0 
7f35a8000000-7f35a8021000 rw-p 00000000 00:00 0 
7f35a8021000-7f35ac000000 ---p 00000000 00:00 0 
7f35ac000000-7f35ac11d000 rw-p 00000000 00:00 0 
7f35ac11d000-7f35b0000000 ---p 00000000 00:00 0 
7f35b0000000-7f35b0224000 rw-p 00000000 00:00 0 
7f35b0224000-7f35b4000000 ---p 00000000 00:00 0 
7f35b4000000-7f35b4021000 rw-p 00000000 00:00 0 
7f35b4021000-7f35b8000000 ---p 00000000 00:00 0 
7f35b8000000-7f35b8132000 rw-p 00000000 00:00 0 
7f35b8132000-7f35bc000000 ---p 00000000 00:00 0 
7f35bc000000-7f35bc021000 rw-p 00000000 00:00 0 
7f35bc021000-7f35c0000000 ---p 00000000 00:00 0 
7f35c0000000-7f35c0021000 rw-p 00000000 00:00 0 
7f35c0021000-7f35c4000000 ---p 00000000 00:00 0 
7f35c4000000-7f35c4021000 rw-p 00000000 00:00 0 
7f35c4021000-7f35c8000000 ---p 00000000 00:00 0 
7f35c8000000-7f35c8021000 rw-p 00000000 00:00 0 
7f35c8021000-7f35cc000000 ---p 00000000 00:00 0 
7f35cc000000-7f35cc021000 rw-p 00000000 00:00 0 
7f35cc021000-7f35d0000000 ---p 00000000 00:00 0 
7f35d04b6000-7f35d04c8000 r-xp 00000000 08:06 6296090                    /lib/x86_64-linux-gnu/libgpg-error.so.0.17.0
7f35d04c8000-7f35d06c8000 ---p 00012000 08:06 6296090                    /lib/x86_64-linux-gnu/libgpg-error.so.0.17.0
7f35d06c8000-7f35d06c9000 r--p 00012000 08:06 6296090                    /lib/x86_64-linux-gnu/libgpg-error.so.0.17.0
7f35d06c9000-7f35d06ca000 rw-p 00013000 08:06 6296090                    /lib/x86_64-linux-gnu/libgpg-error.so.0.17.0
7f35d06ca000-7f35d0738000 r-xp 00000000 08:06 6296175                    /lib/x86_64-linux-gnu/libpcre.so.3.13.2
7f35d0738000-7f35d0938000 ---p 0006e000 08:06 6296175                    /lib/x86_64-linux-gnu/libpcre.so.3.13.2
7f35d0938000-7f35d0939000 r--p 0006e000 08:06 6296175                    /lib/x86_64-linux-gnu/libpcre.so.3.13.2
7f35d0939000-7f35d093a000 rw-p 0006f000 08:06 6296175                    /lib/x86_64-linux-gnu/libpcre.so.3.13.2
7f35d093a000-7f35d0a12000 r-xp 00000000 08:06 6296086                    /lib/x86_64-linux-gnu/libgcrypt.so.20.0.5
7f35d0a12000-7f35d0c11000 ---p 000d8000 08:06 6296086                    /lib/x86_64-linux-gnu/libgcrypt.so.20.0.5
7f35d0c11000-7f35d0c12000 r--p 000d7000 08:06 6296086                    /lib/x86_64-linux-gnu/libgcrypt.so.20.0.5
7f35d0c12000-7f35d0c1a000 rw-p 000d8000 08:06 6296086                    /lib/x86_64-linux-gnu/libgcrypt.so.20.0.5
7f35d0c1a000-7f35d0c1b000 rw-p 00000000 00:00 0 
7f35d0c1b000-7f35d0c3c000 r-xp 00000000 08:06 6296113                    /lib/x86_64-linux-gnu/liblzma.so.5.0.0
7f35d0c3c000-7f35d0e3b000 ---p 00021000 08:06 6296113                    /lib/x86_64-linux-gnu/liblzma.so.5.0.0
7f35d0e3b000-7f35d0e3c000 r--p 00020000 08:06 6296113                    /lib/x86_64-linux-gnu/liblzma.so.5.0.0
7f35d0e3c000-7f35d0e3d000 rw-p 00021000 08:06 6296113                    /lib/x86_64-linux-gnu/liblzma.so.5.0.0
7f35d0e3d000-7f35d0e5c000 r-xp 00000000 08:06 6296204                    /lib/x86_64-linux-gnu/libselinux.so.1
7f35d0e5c000-7f35d105b000 ---p 0001f000 08:06 6296204                    /lib/x86_64-linux-gnu/libselinux.so.1
7f35d105b000-7f35d105c000 r--p 0001e000 08:06 6296204                    /lib/x86_64-linux-gnu/libselinux.so.1
7f35d105c000-7f35d105d000 rw-p 0001f000 08:06 6296204                    /lib/x86_64-linux-gnu/libselinux.so.1
7f35d105d000-7f35d105f000 rw-p 00000000 00:00 0 
7f35d105f000-7f35d10df000 r-xp 00000000 08:06 6296214                    /lib/x86_64-linux-gnu/libsystemd.so.0.14.0
7f35d10df000-7f35d10e2000 r--p 0007f000 08:06 6296214                    /lib/x86_64-linux-gnu/libsystemd.so.0.14.0
7f35d10e2000-7f35d10e3000 rw-p 00082000 08:06 6296214                    /lib/x86_64-linux-gnu/libsystemd.so.0.14.0
7f35d10e3000-7f35d10e4000 rw-p 00000000 00:00 0 
7f35d10e4000-7f35d112e000 r-xp 00000000 08:06 6296062                    /lib/x86_64-linux-gnu/libdbus-1.so.3.14.6
7f35d112e000-7f35d132e000 ---p 0004a000 08:06 6296062                    /lib/x86_64-linux-gnu/libdbus-1.so.3.14.6
7f35d132e000-7f35d132f000 r--p 0004a000 08:06 6296062                    /lib/x86_64-linux-gnu/libdbus-1.so.3.14.6
7f35d132f000-7f35d1330000 rw-p 0004b000 08:06 6296062                    /lib/x86_64-linux-gnu/libdbus-1.so.3.14.6
7f35d1330000-7f35d1361000 r-xp 00000000 08:06 4990906                    /usr/lib/x86_64-linux-gnu/libidn.so.11.6.15
7f35d1361000-7f35d1561000 ---p 00031000 08:06 4990906                    /usr/lib/x86_64-linux-gnu/libidn.so.11.6.15
7f35d1561000-7f35d1562000 r--p 00031000 08:06 4990906                    /usr/lib/x86_64-linux-gnu/libidn.so.11.6.15
7f35d1562000-7f35d1563000 rw-p 00032000 08:06 4990906                    /usr/lib/x86_64-linux-gnu/libidn.so.11.6.15
7f35d1563000-7f35d165e000 r-xp 00000000 08:06 4992446                    /usr/lib/libvlccore.so.8.0.0
7f35d165e000-7f35d185e000 ---p 000fb000 08:06 4992446                    /usr/lib/libvlccore.so.8.0.0
7f35d185e000-7f35d1861000 r--p 000fb000 08:06 4992446                    /usr/lib/libvlccore.so.8.0.0
7f35d1861000-7f35d1862000 rw-p 000fe000 08:06 4992446                    /usr/lib/libvlccore.so.8.0.0
7f35d1862000-7f35d1881000 r-xp 00000000 08:06 4992448                    /usr/lib/libvlc.so.5.5.0
7f35d1881000-7f35d1a80000 ---p 0001f000 08:06 4992448                    /usr/lib/libvlc.so.5.5.0
7f35d1a80000-7f35d1a81000 r--p 0001e000 08:06 4992448                    /usr/lib/libvlc.so.5.5.0
7f35d1a81000-7f35d1a82000 rw-p 0001f000 08:06 4992448                    /usr/lib/libvlc.so.5.5.0
7f35d1a82000-7f35d1a99000 r-xp 00000000 08:06 10494218                   /tmp/jna--1426877892/jna3125521253692065282.tmp (deleted)
7f35d1a99000-7f35d1b98000 ---p 00017000 08:06 10494218                   /tmp/jna--1426877892/jna3125521253692065282.tmp (deleted)
7f35d1b98000-7f35d1b9a000 rw-p 00016000 08:06 10494218                   /tmp/jna--1426877892/jna3125521253692065282.tmp (deleted)
7f35d1b9a000-7f35d1b9b000 r-xp 00000000 08:06 6165299                    /usr/lib/jvm/java-8-oracle/jre/lib/amd64/libjawt.so
7f35d1b9b000-7f35d1d9a000 ---p 00001000 08:06 6165299                    /usr/lib/jvm/java-8-oracle/jre/lib/amd64/libjawt.so
7f35d1d9a000-7f35d1d9b000 rw-p 00000000 08:06 6165299                    /usr/lib/jvm/java-8-oracle/jre/lib/amd64/libjawt.so
7f35d1d9b000-7f35d1d9e000 ---p 00000000 00:00 0 
7f35d1d9e000-7f35d1e9c000 rw-p 00000000 00:00 0 
7f35d1e9c000-7f35d1ea1000 r-xp 00000000 08:06 4990177                    /usr/lib/x86_64-linux-gnu/libXfixes.so.3.1.0
7f35d1ea1000-7f35d20a0000 ---p 00005000 08:06 4990177                    /usr/lib/x86_64-linux-gnu/libXfixes.so.3.1.0
7f35d20a0000-7f35d20a1000 r--p 00004000 08:06 4990177                    /usr/lib/x86_64-linux-gnu/libXfixes.so.3.1.0
7f35d20a1000-7f35d20a2000 rw-p 00005000 08:06 4990177                    /usr/lib/x86_64-linux-gnu/libXfixes.so.3.1.0
7f35d20a2000-7f35d20ab000 r-xp 00000000 08:06 4990169                    /usr/lib/x86_64-linux-gnu/libXcursor.so.1.0.2
7f35d20ab000-7f35d22aa000 ---p 00009000 08:06 4990169                    /usr/lib/x86_64-linux-gnu/libXcursor.so.1.0.2
7f35d22aa000-7f35d22ab000 r--p 00008000 08:06 4990169                    /usr/lib/x86_64-linux-gnu/libXcursor.so.1.0.2
7f35d22ab000-7f35d22ac000 rw-p 00009000 08:06 4990169                    /usr/lib/x86_64-linux-gnu/libXcursor.so.1.0.2
7f35d22ac000-7f35d22af000 ---p 00000000 00:00 0 
7f35d22af000-7f35d23ad000 rw-p 00000000 00:00 0 
7f35d23ad000-7f35d23c3000 r-xp 00000000 08:06 6296084                    /lib/x86_64-linux-gnu/libgcc_s.so.1
7f35d23c3000-7f35d25c2000 ---p 00016000 08:06 6296084                    /lib/x86_64-linux-gnu/libgcc_s.so.1
7f35d25c2000-7f35d25c3000 rw-p 00015000 08:06 6296084                    /lib/x86_64-linux-gnu/libgcc_s.so.1
7f35d25c3000-7f35d2628000 r-xp 00000000 08:06 6165272                    /usr/lib/jvm/java-8-oracle/jre/lib/amd64/libfontmanager.so
7f35d2628000-7f35d2827000 ---p 00065000 08:06 6165272                    /usr/lib/jvm/java-8-oracle/jre/lib/amd64/libfontmanager.so
7f35d2827000-7f35d282c000 rw-p 00064000 08:06 6165272                    /usr/lib/jvm/java-8-oracle/jre/lib/amd64/libfontmanager.so
7f35d282c000-7f35d283c000 rw-p 00000000 00:00 0 
7f35d283c000-7f35d2841000 r-xp 00000000 08:06 4990173                    /usr/lib/x86_64-linux-gnu/libXdmcp.so.6.0.0
7f35d2841000-7f35d2a40000 ---p 00005000 08:06 4990173                    /usr/lib/x86_64-linux-gnu/libXdmcp.so.6.0.0
7f35d2a40000-7f35d2a41000 r--p 00004000 08:06 4990173                    /usr/lib/x86_64-linux-gnu/libXdmcp.so.6.0.0
7f35d2a41000-7f35d2a42000 rw-p 00005000 08:06 4990173                    /usr/lib/x86_64-linux-gnu/libXdmcp.so.6.0.0
7f35d2a42000-7f35d2a44000 r-xp 00000000 08:06 4990162                    /usr/lib/x86_64-linux-gnu/libXau.so.6.0.0
7f35d2a44000-7f35d2c44000 ---p 00002000 08:06 4990162                    /usr/lib/x86_64-linux-gnu/libXau.so.6.0.0
7f35d2c44000-7f35d2c45000 r--p 00002000 08:06 4990162                    /usr/lib/x86_64-linux-gnu/libXau.so.6.0.0
7f35d2c45000-7f35d2c46000 rw-p 00003000 08:06 4990162                    /usr/lib/x86_64-linux-gnu/libXau.so.6.0.0
7f35d2c46000-7f35d2c67000 r-xp 00000000 08:06 4991590                    /usr/lib/x86_64-linux-gnu/libxcb.so.1.1.0
7f35d2c67000-7f35d2e66000 ---p 00021000 08:06 4991590                    /usr/lib/x86_64-linux-gnu/libxcb.so.1.1.0
7f35d2e66000-7f35d2e67000 r--p 00020000 08:06 4991590                    /usr/lib/x86_64-linux-gnu/libxcb.so.1.1.0
7f35d2e67000-7f35d2e68000 rw-p 00021000 08:06 4991590                    /usr/lib/x86_64-linux-gnu/libxcb.so.1.1.0
7f35d2e68000-7f35d2e77000 r-xp 00000000 08:06 4990183                    /usr/lib/x86_64-linux-gnu/libXi.so.6.1.0
7f35d2e77000-7f35d3076000 ---p 0000f000 08:06 4990183                    /usr/lib/x86_64-linux-gnu/libXi.so.6.1.0
7f35d3076000-7f35d3077000 r--p 0000e000 08:06 4990183                    /usr/lib/x86_64-linux-gnu/libXi.so.6.1.0
7f35d3077000-7f35d3078000 rw-p 0000f000 08:06 4990183                    /usr/lib/x86_64-linux-gnu/libXi.so.6.1.0
7f35d3078000-7f35d307d000 r-xp 00000000 08:06 4990201                    /usr/lib/x86_64-linux-gnu/libXtst.so.6.1.0
7f35d307d000-7f35d327c000 ---p 00005000 08:06 4990201                    /usr/lib/x86_64-linux-gnu/libXtst.so.6.1.0
7f35d327c000-7f35d327d000 r--p 00004000 08:06 4990201                    /usr/lib/x86_64-linux-gnu/libXtst.so.6.1.0
7f35d327d000-7f35d327e000 rw-p 00005000 08:06 4990201                    /usr/lib/x86_64-linux-gnu/libXtst.so.6.1.0
7f35d327e000-7f35d3287000 r-xp 00000000 08:06 4990195                    /usr/lib/x86_64-linux-gnu/libXrender.so.1.3.0
7f35d3287000-7f35d3486000 ---p 00009000 08:06 4990195                    /usr/lib/x86_64-linux-gnu/libXrender.so.1.3.0
7f35d3486000-7f35d3487000 r--p 00008000 08:06 4990195                    /usr/lib/x86_64-linux-gnu/libXrender.so.1.3.0
7f35d3487000-7f35d3488000 rw-p 00009000 08:06 4990195                    /usr/lib/x86_64-linux-gnu/libXrender.so.1.3.0
7f35d3488000-7f35d35bd000 r-xp 00000000 08:06 4990158                    /usr/lib/x86_64-linux-gnu/libX11.so.6.3.0
7f35d35bd000-7f35d37bd000 ---p 00135000 08:06 4990158                    /usr/lib/x86_64-linux-gnu/libX11.so.6.3.0
7f35d37bd000-7f35d37be000 r--p 00135000 08:06 4990158                    /usr/lib/x86_64-linux-gnu/libX11.so.6.3.0
7f35d37be000-7f35d37c2000 rw-p 00136000 08:06 4990158                    /usr/lib/x86_64-linux-gnu/libX11.so.6.3.0
7f35d37c2000-7f35d37d3000 r-xp 00000000 08:06 4990175                    /usr/lib/x86_64-linux-gnu/libXext.so.6.4.0
7f35d37d3000-7f35d39d2000 ---p 00011000 08:06 4990175                    /usr/lib/x86_64-linux-gnu/libXext.so.6.4.0
7f35d39d2000-7f35d39d3000 r--p 00010000 08:06 4990175                    /usr/lib/x86_64-linux-gnu/libXext.so.6.4.0
7f35d39d3000-7f35d39d4000 rw-p 00011000 08:06 4990175                    /usr/lib/x86_64-linux-gnu/libXext.so.6.4.0
7f35d39d4000-7f35d3a28000 r-xp 00000000 08:06 6165280                    /usr/lib/jvm/java-8-oracle/jre/lib/amd64/libawt_xawt.so
7f35d3a28000-7f35d3c28000 ---p 00054000 08:06 6165280                    /usr/lib/jvm/java-8-oracle/jre/lib/amd64/libawt_xawt.so
7f35d3c28000-7f35d3c2c000 rw-p 00054000 08:06 6165280                    /usr/lib/jvm/java-8-oracle/jre/lib/amd64/libawt_xawt.so
7f35d3c2c000-7f35d3c2d000 rw-p 00000000 00:00 0 
7f35d3c2d000-7f35d3ccf000 r-xp 00000000 08:06 6165307                    /usr/lib/jvm/java-8-oracle/jre/lib/amd64/libawt.so
7f35d3ccf000-7f35d3ecf000 ---p 000a2000 08:06 6165307                    /usr/lib/jvm/java-8-oracle/jre/lib/amd64/libawt.so
7f35d3ecf000-7f35d3edb000 rw-p 000a2000 08:06 6165307                    /usr/lib/jvm/java-8-oracle/jre/lib/amd64/libawt.so
7f35d3edb000-7f35d3eff000 rw-p 00000000 00:00 0 
7f35d3eff000-7f35d3f02000 ---p 00000000 00:00 0 
7f35d3f02000-7f35d4000000 rw-p 00000000 00:00 0 
7f35d4000000-7f35d4021000 rw-p 00000000 00:00 0 
7f35d4021000-7f35d8000000 ---p 00000000 00:00 0 
7f35d8021000-7f35d8026000 r--s 0009a000 08:06 6164783                    /usr/lib/jvm/java-8-oracle/jre/lib/jsse.jar
7f35d8026000-7f35d8042000 r--s 00393000 08:06 6165360                    /usr/lib/jvm/java-8-oracle/jre/lib/ext/cldrdata.jar
7f35d8042000-7f35d804c000 r--s 00116000 08:06 6165357                    /usr/lib/jvm/java-8-oracle/jre/lib/ext/localedata.jar
7f35d804c000-7f35d8051000 r--s 002f9000 08:06 6164784                    /usr/lib/jvm/java-8-oracle/jre/lib/charsets.jar
7f35d8051000-7f35d8352000 rw-p 00000000 00:00 0 
7f35d8352000-7f35d8368000 r-xp 00000000 08:06 6165253                    /usr/lib/jvm/java-8-oracle/jre/lib/amd64/libnet.so
7f35d8368000-7f35d8568000 ---p 00016000 08:06 6165253                    /usr/lib/jvm/java-8-oracle/jre/lib/amd64/libnet.so
7f35d8568000-7f35d8569000 rw-p 00016000 08:06 6165253                    /usr/lib/jvm/java-8-oracle/jre/lib/amd64/libnet.so
7f35d8569000-7f35d8575000 r--s 00057000 08:06 5780322                    /home/absolute49/vlcj-3.10.1/vlcj-3.10.1.jar
7f35d8575000-7f35d857f000 r--s 00059000 08:06 5780319                    /home/absolute49/vlcj-3.10.1/vlcj-3.10.1-tests.jar
7f35d857f000-7f35d8594000 r--s 001c3000 08:06 5780321                    /home/absolute49/vlcj-3.10.1/vlcj-3.10.1-javadoc.jar
7f35d8594000-7f35d8595000 ---p 00000000 00:00 0 
7f35d8595000-7f35d8695000 rw-p 00000000 00:00 0 
7f35d8695000-7f35d8698000 ---p 00000000 00:00 0 
7f35d8698000-7f35d8796000 rw-p 00000000 00:00 0 
7f35d8796000-7f35d8799000 ---p 00000000 00:00 0 
7f35d8799000-7f35d8897000 rw-p 00000000 00:00 0 
7f35d8897000-7f35d889a000 ---p 00000000 00:00 0 
7f35d889a000-7f35d8998000 rw-p 00000000 00:00 0 
7f35d8998000-7f35d899b000 ---p 00000000 00:00 0 
7f35d899b000-7f35d8a99000 rw-p 00000000 00:00 0 
7f35d8a99000-7f35d8a9c000 ---p 00000000 00:00 0 
7f35d8a9c000-7f35d8b9a000 rw-p 00000000 00:00 0 
7f35d8b9a000-7f35d8e72000 r--p 00000000 08:06 4988855                    /usr/lib/locale/locale-archive
7f35d8e72000-7f35d8e75000 ---p 00000000 00:00 0 
7f35d8e75000-7f35d8f73000 rw-p 00000000 00:00 0 
7f35d8f73000-7f35d8f76000 ---p 00000000 00:00 0 
7f35d8f76000-7f35d9074000 rw-p 00000000 00:00 0 
7f35d9074000-7f35d9075000 ---p 00000000 00:00 0 
7f35d9075000-7f35d9fe6000 rw-p 00000000 00:00 0 
7f35d9fe6000-7f35da1c0000 r--s 03d4d000 08:06 6165245                    /usr/lib/jvm/java-8-oracle/jre/lib/rt.jar
7f35da1c0000-7f35dc000000 rw-p 00000000 00:00 0 
7f35dc000000-7f35dc021000 rw-p 00000000 00:00 0 
7f35dc021000-7f35e0000000 ---p 00000000 00:00 0 
7f35e0002000-7f35e0004000 r--s 00001000 08:06 5780244                    /home/absolute49/slf4j-1.7.25/slf4j-jdk14-1.7.25.jar
7f35e0004000-7f35e0005000 r--s 00002000 08:06 5780238                    /home/absolute49/slf4j-1.7.25/slf4j-jdk14-1.7.25-sources.jar
7f35e0005000-7f35e0010000 r--s 00062000 08:06 5780318                    /home/absolute49/vlcj-3.10.1/vlcj-3.10.1-sources.jar
7f35e0010000-7f35e0916000 rw-p 00000000 00:00 0 
7f35e0916000-7f35e09d6000 ---p 00000000 00:00 0 
7f35e09d6000-7f35e0bba000 rw-p 00000000 00:00 0 
7f35e0bba000-7f35e0bbb000 ---p 00000000 00:00 0 
7f35e0bbb000-7f35e0cbb000 rw-p 00000000 00:00 0 
7f35e0cbb000-7f35e0cbc000 ---p 00000000 00:00 0 
7f35e0cbc000-7f35e0dbc000 rw-p 00000000 00:00 0 
7f35e0dbc000-7f35e0dbd000 ---p 00000000 00:00 0 
7f35e0dbd000-7f35e0ed2000 rw-p 00000000 00:00 0 
7f35e0ed2000-7f35e1000000 ---p 00000000 00:00 0 
7f35e1000000-7f35e1270000 rwxp 00000000 00:00 0 
7f35e1270000-7f35f0000000 ---p 00000000 00:00 0 
7f35f0000000-7f35f0182000 rw-p 00000000 00:00 0 
7f35f0182000-7f35f4000000 ---p 00000000 00:00 0 
7f35f4000000-7f35f4011000 r--s 00155000 08:06 5780324                    /home/absolute49/vlcj-3.10.1/jna-platform-4.1.0.jar
7f35f4011000-7f35f4012000 ---p 00000000 00:00 0 
7f35f4012000-7f35f4127000 rw-p 00000000 00:00 0 
7f35f4127000-7f35f4254000 ---p 00000000 00:00 0 
7f35f4254000-7f35f425f000 rw-p 00000000 00:00 0 
7f35f425f000-7f35f42f6000 ---p 00000000 00:00 0 
7f35f42f6000-7f35f4301000 rw-p 00000000 00:00 0 
7f35f4301000-7f35f46b7000 ---p 00000000 00:00 0 
7f35f46b7000-7f35f46d1000 r-xp 00000000 08:06 6165276                    /usr/lib/jvm/java-8-oracle/jre/lib/amd64/libzip.so
7f35f46d1000-7f35f48d1000 ---p 0001a000 08:06 6165276                    /usr/lib/jvm/java-8-oracle/jre/lib/amd64/libzip.so
7f35f48d1000-7f35f48d2000 rw-p 0001a000 08:06 6165276                    /usr/lib/jvm/java-8-oracle/jre/lib/amd64/libzip.so
7f35f48d2000-7f35f48dd000 r-xp 00000000 08:06 6296418                    /lib/x86_64-linux-gnu/libnss_files-2.23.so
7f35f48dd000-7f35f4adc000 ---p 0000b000 08:06 6296418                    /lib/x86_64-linux-gnu/libnss_files-2.23.so
7f35f4adc000-7f35f4add000 r--p 0000a000 08:06 6296418                    /lib/x86_64-linux-gnu/libnss_files-2.23.so
7f35f4add000-7f35f4ade000 rw-p 0000b000 08:06 6296418                    /lib/x86_64-linux-gnu/libnss_files-2.23.so
7f35f4ade000-7f35f4ae4000 rw-p 00000000 00:00 0 
7f35f4ae4000-7f35f4aef000 r-xp 00000000 08:06 6297020                    /lib/x86_64-linux-gnu/libnss_nis-2.23.so
7f35f4aef000-7f35f4cee000 ---p 0000b000 08:06 6297020                    /lib/x86_64-linux-gnu/libnss_nis-2.23.so
7f35f4cee000-7f35f4cef000 r--p 0000a000 08:06 6297020                    /lib/x86_64-linux-gnu/libnss_nis-2.23.so
7f35f4cef000-7f35f4cf0000 rw-p 0000b000 08:06 6297020                    /lib/x86_64-linux-gnu/libnss_nis-2.23.so
7f35f4cf0000-7f35f4d06000 r-xp 00000000 08:06 6291471                    /lib/x86_64-linux-gnu/libnsl-2.23.so
7f35f4d06000-7f35f4f05000 ---p 00016000 08:06 6291471                    /lib/x86_64-linux-gnu/libnsl-2.23.so
7f35f4f05000-7f35f4f06000 r--p 00015000 08:06 6291471                    /lib/x86_64-linux-gnu/libnsl-2.23.so
7f35f4f06000-7f35f4f07000 rw-p 00016000 08:06 6291471                    /lib/x86_64-linux-gnu/libnsl-2.23.so
7f35f4f07000-7f35f4f09000 rw-p 00000000 00:00 0 
7f35f4f09000-7f35f4f11000 r-xp 00000000 08:06 6297587                    /lib/x86_64-linux-gnu/libnss_compat-2.23.so
7f35f4f11000-7f35f5110000 ---p 00008000 08:06 6297587                    /lib/x86_64-linux-gnu/libnss_compat-2.23.so
7f35f5110000-7f35f5111000 r--p 00007000 08:06 6297587                    /lib/x86_64-linux-gnu/libnss_compat-2.23.so
7f35f5111000-7f35f5112000 rw-p 00008000 08:06 6297587                    /lib/x86_64-linux-gnu/libnss_compat-2.23.so
7f35f5112000-7f35f513d000 r-xp 00000000 08:06 6165301                    /usr/lib/jvm/java-8-oracle/jre/lib/amd64/libjava.so
7f35f513d000-7f35f533c000 ---p 0002b000 08:06 6165301                    /usr/lib/jvm/java-8-oracle/jre/lib/amd64/libjava.so
7f35f533c000-7f35f533e000 rw-p 0002a000 08:06 6165301                    /usr/lib/jvm/java-8-oracle/jre/lib/amd64/libjava.so
7f35f533e000-7f35f534b000 r-xp 00000000 08:06 6165254                    /usr/lib/jvm/java-8-oracle/jre/lib/amd64/libverify.so
7f35f534b000-7f35f554b000 ---p 0000d000 08:06 6165254                    /usr/lib/jvm/java-8-oracle/jre/lib/amd64/libverify.so
7f35f554b000-7f35f554d000 rw-p 0000d000 08:06 6165254                    /usr/lib/jvm/java-8-oracle/jre/lib/amd64/libverify.so
7f35f554d000-7f35f5554000 r-xp 00000000 08:06 6297583                    /lib/x86_64-linux-gnu/librt-2.23.so
7f35f5554000-7f35f5753000 ---p 00007000 08:06 6297583                    /lib/x86_64-linux-gnu/librt-2.23.so
7f35f5753000-7f35f5754000 r--p 00006000 08:06 6297583                    /lib/x86_64-linux-gnu/librt-2.23.so
7f35f5754000-7f35f5755000 rw-p 00007000 08:06 6297583                    /lib/x86_64-linux-gnu/librt-2.23.so
7f35f5755000-7f35f585d000 r-xp 00000000 08:06 6297816                    /lib/x86_64-linux-gnu/libm-2.23.so
7f35f585d000-7f35f5a5c000 ---p 00108000 08:06 6297816                    /lib/x86_64-linux-gnu/libm-2.23.so
7f35f5a5c000-7f35f5a5d000 r--p 00107000 08:06 6297816                    /lib/x86_64-linux-gnu/libm-2.23.so
7f35f5a5d000-7f35f5a5e000 rw-p 00108000 08:06 6297816                    /lib/x86_64-linux-gnu/libm-2.23.so
7f35f5a5e000-7f35f6731000 r-xp 00000000 08:06 6165313                    /usr/lib/jvm/java-8-oracle/jre/lib/amd64/server/libjvm.so
7f35f6731000-7f35f6930000 ---p 00cd3000 08:06 6165313                    /usr/lib/jvm/java-8-oracle/jre/lib/amd64/server/libjvm.so
7f35f6930000-7f35f6a0a000 rw-p 00cd2000 08:06 6165313                    /usr/lib/jvm/java-8-oracle/jre/lib/amd64/server/libjvm.so
7f35f6a0a000-7f35f6a55000 rw-p 00000000 00:00 0 
7f35f6a55000-7f35f6c15000 r-xp 00000000 08:06 6297821                    /lib/x86_64-linux-gnu/libc-2.23.so
7f35f6c15000-7f35f6e15000 ---p 001c0000 08:06 6297821                    /lib/x86_64-linux-gnu/libc-2.23.so
7f35f6e15000-7f35f6e19000 r--p 001c0000 08:06 6297821                    /lib/x86_64-linux-gnu/libc-2.23.so
7f35f6e19000-7f35f6e1b000 rw-p 001c4000 08:06 6297821                    /lib/x86_64-linux-gnu/libc-2.23.so
7f35f6e1b000-7f35f6e1f000 rw-p 00000000 00:00 0 
7f35f6e1f000-7f35f6e22000 r-xp 00000000 08:06 6297586                    /lib/x86_64-linux-gnu/libdl-2.23.so
7f35f6e22000-7f35f7021000 ---p 00003000 08:06 6297586                    /lib/x86_64-linux-gnu/libdl-2.23.so
7f35f7021000-7f35f7022000 r--p 00002000 08:06 6297586                    /lib/x86_64-linux-gnu/libdl-2.23.so
7f35f7022000-7f35f7023000 rw-p 00003000 08:06 6297586                    /lib/x86_64-linux-gnu/libdl-2.23.so
7f35f7023000-7f35f7038000 r-xp 00000000 08:06 5902092                    /usr/lib/jvm/java-8-oracle/lib/amd64/jli/libjli.so
7f35f7038000-7f35f7238000 ---p 00015000 08:06 5902092                    /usr/lib/jvm/java-8-oracle/lib/amd64/jli/libjli.so
7f35f7238000-7f35f7239000 rw-p 00015000 08:06 5902092                    /usr/lib/jvm/java-8-oracle/lib/amd64/jli/libjli.so
7f35f7239000-7f35f7251000 r-xp 00000000 08:06 6296420                    /lib/x86_64-linux-gnu/libpthread-2.23.so
7f35f7251000-7f35f7450000 ---p 00018000 08:06 6296420                    /lib/x86_64-linux-gnu/libpthread-2.23.so
7f35f7450000-7f35f7451000 r--p 00017000 08:06 6296420                    /lib/x86_64-linux-gnu/libpthread-2.23.so
7f35f7451000-7f35f7452000 rw-p 00018000 08:06 6296420                    /lib/x86_64-linux-gnu/libpthread-2.23.so
7f35f7452000-7f35f7456000 rw-p 00000000 00:00 0 
7f35f7456000-7f35f747c000 r-xp 00000000 08:06 6291482                    /lib/x86_64-linux-gnu/ld-2.23.so
7f35f747c000-7f35f747e000 r--s 00009000 08:06 5780218                    /home/absolute49/slf4j-1.7.25/slf4j-api-1.7.25.jar
7f35f747e000-7f35f7480000 r--s 0000c000 08:06 5780202                    /home/absolute49/slf4j-1.7.25/slf4j-api-1.7.25-sources.jar
7f35f7480000-7f35f7481000 r--s 00007000 08:06 5780325                    /home/absolute49/vlcj-3.10.1/slf4j-api-1.7.10.jar
7f35f7481000-7f35f7559000 rw-p 00000000 00:00 0 
7f35f7559000-7f35f755c000 ---p 00000000 00:00 0 
7f35f755c000-7f35f765e000 rw-p 00000000 00:00 0 
7f35f765e000-7f35f7663000 r--s 00031000 08:06 5780320                    /home/absolute49/vlcj-3.10.1/vlcj-3.10.1-test-sources.jar
7f35f7663000-7f35f7667000 r--s 000dc000 08:06 5780323                    /home/absolute49/vlcj-3.10.1/jna-4.1.0.jar
7f35f7667000-7f35f766f000 r--s 000c4000 08:06 8784726                    /home/absolute49/netbeans-8.2/ide/modules/ext/mysql-connector-java-5.1.23-bin.jar
7f35f766f000-7f35f7677000 rw-s 00000000 08:06 10494215                   /tmp/hsperfdata_absolute49/17216
7f35f7677000-7f35f7678000 rw-p 00000000 00:00 0 
7f35f7678000-7f35f7679000 r--p 00000000 00:00 0 
7f35f7679000-7f35f767b000 rw-p 00000000 00:00 0 
7f35f767b000-7f35f767c000 r--p 00025000 08:06 6291482                    /lib/x86_64-linux-gnu/ld-2.23.so
7f35f767c000-7f35f767d000 rw-p 00026000 08:06 6291482                    /lib/x86_64-linux-gnu/ld-2.23.so
7f35f767d000-7f35f767e000 rw-p 00000000 00:00 0 
7ffd5b0e2000-7ffd5b103000 rw-p 00000000 00:00 0                          [stack]
7ffd5b140000-7ffd5b142000 r--p 00000000 00:00 0                          [vvar]
7ffd5b142000-7ffd5b144000 r-xp 00000000 00:00 0                          [vdso]
ffffffffff600000-ffffffffff601000 r-xp 00000000 00:00 0                  [vsyscall]

VM Arguments:
jvm_args: -Dfile.encoding=UTF-8 
java_command: servers.Servers
java_class_path (initial): /home/absolute49/netbeans-8.2/ide/modules/ext/mysql-connector-java-5.1.23-bin.jar:/home/absolute49/vlcj-3.10.1/jna-4.1.0.jar:/home/absolute49/vlcj-3.10.1/jna-platform-4.1.0.jar:/home/absolute49/vlcj-3.10.1/vlcj-3.10.1-javadoc.jar:/home/absolute49/vlcj-3.10.1/vlcj-3.10.1-sources.jar:/home/absolute49/vlcj-3.10.1/vlcj-3.10.1-test-sources.jar:/home/absolute49/vlcj-3.10.1/vlcj-3.10.1-tests.jar:/home/absolute49/vlcj-3.10.1/vlcj-3.10.1.jar:/home/absolute49/slf4j-1.7.25/slf4j-api-1.7.25-sources.jar:/home/absolute49/slf4j-1.7.25/slf4j-api-1.7.25.jar:/home/absolute49/slf4j-1.7.25/slf4j-jdk14-1.7.25-sources.jar:/home/absolute49/slf4j-1.7.25/slf4j-jdk14-1.7.25.jar:/home/absolute49/NetBeansProjects/Servers/build/classes
Launcher Type: SUN_STANDARD

Environment Variables:
JAVA_HOME=/usr/lib/jvm/java-8-oracle
PATH=/home/absolute49/bin:/home/absolute49/.local/bin:/usr/local/sbin:/usr/local/bin:/usr/sbin:/usr/bin:/sbin:/bin:/usr/games:/usr/local/games:/usr/lib/jvm/java-8-oracle/bin:/usr/lib/jvm/java-8-oracle/db/bin:/usr/lib/jvm/java-8-oracle/jre/bin
LD_LIBRARY_PATH=/usr/lib/jvm/java-8-oracle/jre/lib/amd64:/usr/lib/jvm/java-8-oracle/jre/lib/i386:
SHELL=/bin/bash
DISPLAY=:0

Signal Handlers:
SIGSEGV: [libjvm.so+0xacba10], sa_mask[0]=11111111011111111101111111111110, sa_flags=SA_RESTART|SA_SIGINFO
SIGBUS: [libjvm.so+0xacba10], sa_mask[0]=11111111011111111101111111111110, sa_flags=SA_RESTART|SA_SIGINFO
SIGFPE: [libjvm.so+0x924ba0], sa_mask[0]=11111111011111111101111111111110, sa_flags=SA_RESTART|SA_SIGINFO
SIGPIPE: [libjvm.so+0x924ba0], sa_mask[0]=11111111011111111101111111111110, sa_flags=SA_RESTART|SA_SIGINFO
SIGXFSZ: [libjvm.so+0x924ba0], sa_mask[0]=11111111011111111101111111111110, sa_flags=SA_RESTART|SA_SIGINFO
SIGILL: [libjvm.so+0x924ba0], sa_mask[0]=11111111011111111101111111111110, sa_flags=SA_RESTART|SA_SIGINFO
SIGUSR1: SIG_DFL, sa_mask[0]=00000000000000000000000000000000, sa_flags=none
SIGUSR2: [libjvm.so+0x9263e0], sa_mask[0]=00100000000000000000000000000000, sa_flags=SA_RESTART|SA_SIGINFO
SIGHUP: [libjvm.so+0x9277e0], sa_mask[0]=11111111011111111101111111111110, sa_flags=SA_RESTART|SA_SIGINFO
SIGINT: SIG_IGN, sa_mask[0]=00000000000000000000000000000000, sa_flags=none
SIGTERM: [libjvm.so+0x9277e0], sa_mask[0]=11111111011111111101111111111110, sa_flags=SA_RESTART|SA_SIGINFO
SIGQUIT: [libjvm.so+0x9277e0], sa_mask[0]=11111111011111111101111111111110, sa_flags=SA_RESTART|SA_SIGINFO


---------------  S Y S T E M  ---------------

OS:DISTRIB_ID=LinuxMint
DISTRIB_RELEASE=18.2
DISTRIB_CODENAME=sonya
DISTRIB_DESCRIPTION="Linux Mint 18.2 Sonya"

uname:Linux 4.8.0-53-generic #56~16.04.1-Ubuntu SMP Tue May 16 01:18:56 UTC 2017 x86_64
libc:glibc 2.23 NPTL 2.23 
rlimit: STACK 8192k, CORE 0k, NPROC 15309, NOFILE 65536, AS infinity
load average:1.95 1.99 1.90

/proc/meminfo:
MemTotal:        3964496 kB
MemFree:          332228 kB
MemAvailable:    1011636 kB
Buffers:           87628 kB
Cached:          1002684 kB
SwapCached:        40372 kB
Active:          2529888 kB
Inactive:         856784 kB
Active(anon):    2040864 kB
Inactive(anon):   495752 kB
Active(file):     489024 kB
Inactive(file):   361032 kB
Unevictable:          32 kB
Mlocked:              32 kB
SwapTotal:       3999740 kB
SwapFree:        3575128 kB
Dirty:               368 kB
Writeback:             0 kB
AnonPages:       2258196 kB
Mapped:           318656 kB
Shmem:            240256 kB
Slab:             114224 kB
SReclaimable:      72324 kB
SUnreclaim:        41900 kB
KernelStack:       10384 kB
PageTables:        45192 kB
NFS_Unstable:          0 kB
Bounce:                0 kB
WritebackTmp:          0 kB
CommitLimit:     5981988 kB
Committed_AS:    6462312 kB
VmallocTotal:   34359738367 kB
VmallocUsed:           0 kB
VmallocChunk:          0 kB
HardwareCorrupted:     0 kB
AnonHugePages:    761856 kB
ShmemHugePages:        0 kB
ShmemPmdMapped:        0 kB
CmaTotal:              0 kB
CmaFree:               0 kB
HugePages_Total:       0
HugePages_Free:        0
HugePages_Rsvd:        0
HugePages_Surp:        0
Hugepagesize:       2048 kB
DirectMap4k:      463932 kB
DirectMap2M:     3649536 kB
DirectMap1G:     1048576 kB


CPU:total 4 (initial active 4) (2 cores per cpu, 2 threads per core) family 6 model 61 stepping 4, cmov, cx8, fxsr, mmx, sse, sse2, sse3, ssse3, sse4.1, sse4.2, popcnt, avx, avx2, aes, clmul, erms, 3dnowpref, lzcnt, ht, tsc, tscinvbit, bmi1, bmi2, adx

/proc/cpuinfo:
processor	: 0
vendor_id	: GenuineIntel
cpu family	: 6
model		: 61
model name	: Intel(R) Core(TM) i5-5200U CPU @ 2.20GHz
stepping	: 4
microcode	: 0x25
cpu MHz		: 2499.975
cache size	: 3072 KB
physical id	: 0
siblings	: 4
core id		: 0
cpu cores	: 2
apicid		: 0
initial apicid	: 0
fpu		: yes
fpu_exception	: yes
cpuid level	: 20
wp		: yes
flags		: fpu vme de pse tsc msr pae mce cx8 apic sep mtrr pge mca cmov pat pse36 clflush dts acpi mmx fxsr sse sse2 ss ht tm pbe syscall nx pdpe1gb rdtscp lm constant_tsc arch_perfmon pebs bts rep_good nopl xtopology nonstop_tsc aperfmperf eagerfpu pni pclmulqdq dtes64 monitor ds_cpl vmx est tm2 ssse3 sdbg fma cx16 xtpr pdcm pcid sse4_1 sse4_2 x2apic movbe popcnt tsc_deadline_timer aes xsave avx f16c rdrand lahf_lm abm 3dnowprefetch epb intel_pt tpr_shadow vnmi flexpriority ept vpid fsgsbase tsc_adjust bmi1 avx2 smep bmi2 erms invpcid rdseed adx smap xsaveopt dtherm ida arat pln pts
bugs		:
bogomips	: 4389.80
clflush size	: 64
cache_alignment	: 64
address sizes	: 39 bits physical, 48 bits virtual
power management:

processor	: 1
vendor_id	: GenuineIntel
cpu family	: 6
model		: 61
model name	: Intel(R) Core(TM) i5-5200U CPU @ 2.20GHz
stepping	: 4
microcode	: 0x25
cpu MHz		: 2499.975
cache size	: 3072 KB
physical id	: 0
siblings	: 4
core id		: 1
cpu cores	: 2
apicid		: 2
initial apicid	: 2
fpu		: yes
fpu_exception	: yes
cpuid level	: 20
wp		: yes
flags		: fpu vme de pse tsc msr pae mce cx8 apic sep mtrr pge mca cmov pat pse36 clflush dts acpi mmx fxsr sse sse2 ss ht tm pbe syscall nx pdpe1gb rdtscp lm constant_tsc arch_perfmon pebs bts rep_good nopl xtopology nonstop_tsc aperfmperf eagerfpu pni pclmulqdq dtes64 monitor ds_cpl vmx est tm2 ssse3 sdbg fma cx16 xtpr pdcm pcid sse4_1 sse4_2 x2apic movbe popcnt tsc_deadline_timer aes xsave avx f16c rdrand lahf_lm abm 3dnowprefetch epb intel_pt tpr_shadow vnmi flexpriority ept vpid fsgsbase tsc_adjust bmi1 avx2 smep bmi2 erms invpcid rdseed adx smap xsaveopt dtherm ida arat pln pts
bugs		:
bogomips	: 4389.80
clflush size	: 64
cache_alignment	: 64
address sizes	: 39 bits physical, 48 bits virtual
power management:

processor	: 2
vendor_id	: GenuineIntel
cpu family	: 6
model		: 61
model name	: Intel(R) Core(TM) i5-5200U CPU @ 2.20GHz
stepping	: 4
microcode	: 0x25
cpu MHz		: 2499.975
cache size	: 3072 KB
physical id	: 0
siblings	: 4
core id		: 0
cpu cores	: 2
apicid		: 1
initial apicid	: 1
fpu		: yes
fpu_exception	: yes
cpuid level	: 20
wp		: yes
flags		: fpu vme de pse tsc msr pae mce cx8 apic sep mtrr pge mca cmov pat pse36 clflush dts acpi mmx fxsr sse sse2 ss ht tm pbe syscall nx pdpe1gb rdtscp lm constant_tsc arch_perfmon pebs bts rep_good nopl xtopology nonstop_tsc aperfmperf eagerfpu pni pclmulqdq dtes64 monitor ds_cpl vmx est tm2 ssse3 sdbg fma cx16 xtpr pdcm pcid sse4_1 sse4_2 x2apic movbe popcnt tsc_deadline_timer aes xsave avx f16c rdrand lahf_lm abm 3dnowprefetch epb intel_pt tpr_shadow vnmi flexpriority ept vpid fsgsbase tsc_adjust bmi1 avx2 smep bmi2 erms invpcid rdseed adx smap xsaveopt dtherm ida arat pln pts
bugs		:
bogomips	: 4389.80
clflush size	: 64
cache_alignment	: 64
address sizes	: 39 bits physical, 48 bits virtual
power management:

processor	: 3
vendor_id	: GenuineIntel
cpu family	: 6
model		: 61
model name	: Intel(R) Core(TM) i5-5200U CPU @ 2.20GHz
stepping	: 4
microcode	: 0x25
cpu MHz		: 2499.975
cache size	: 3072 KB
physical id	: 0
siblings	: 4
core id		: 1
cpu cores	: 2
apicid		: 3
initial apicid	: 3
fpu		: yes
fpu_exception	: yes
cpuid level	: 20
wp		: yes
flags		: fpu vme de pse tsc msr pae mce cx8 apic sep mtrr pge mca cmov pat pse36 clflush dts acpi mmx fxsr sse sse2 ss ht tm pbe syscall nx pdpe1gb rdtscp lm constant_tsc arch_perfmon pebs bts rep_good nopl xtopology nonstop_tsc aperfmperf eagerfpu pni pclmulqdq dtes64 monitor ds_cpl vmx est tm2 ssse3 sdbg fma cx16 xtpr pdcm pcid sse4_1 sse4_2 x2apic movbe popcnt tsc_deadline_timer aes xsave avx f16c rdrand lahf_lm abm 3dnowprefetch epb intel_pt tpr_shadow vnmi flexpriority ept vpid fsgsbase tsc_adjust bmi1 avx2 smep bmi2 erms invpcid rdseed adx smap xsaveopt dtherm ida arat pln pts
bugs		:
bogomips	: 4389.80
clflush size	: 64
cache_alignment	: 64
address sizes	: 39 bits physical, 48 bits virtual
power management:



Memory: 4k page, physical 3964496k(332228k free), swap 3999740k(3575128k free)

vm_info: Java HotSpot(TM) 64-Bit Server VM (25.144-b01) for linux-amd64 JRE (1.8.0_144-b01), built on Jul 21 2017 21:57:33 by "java_re" with gcc 4.3.0 20080428 (Red Hat 4.3.0-8)

time: Thu Oct 19 18:32:29 2017
elapsed time: 24 seconds (0d 0h 0m 24s)

