#
# A fatal error has been detected by the Java Runtime Environment:
#
#  SIGSEGV (0xb) at pc=0x00007f50e15fa719, pid=18223, tid=0x00007f50e3fff700
#
# JRE version: Java(TM) SE Runtime Environment (8.0_144-b01) (build 1.8.0_144-b01)
# Java VM: Java HotSpot(TM) 64-Bit Server VM (25.144-b01 mixed mode linux-amd64 compressed oops)
# Problematic frame:
# C  [libvlccore.so.8+0x97719]
#
# Failed to write core dump. Core dumps have been disabled. To enable core dumping, try "ulimit -c unlimited" before starting Java again
#
# If you would like to submit a bug report, please visit:
#   http://bugreport.java.com/bugreport/crash.jsp
# The crash happened outside the Java Virtual Machine in native code.
# See problematic frame for where to report the bug.
#

---------------  T H R E A D  ---------------

Current thread (0x00007f512c16d800):  JavaThread "Thread-0" [_thread_in_native, id=18258, stack(0x00007f50e3eff000,0x00007f50e4000000)]

siginfo: si_signo: 11 (SIGSEGV), si_code: 1 (SEGV_MAPERR), si_addr: 0x0000000000000000

Registers:
RAX=0x00007f50dc16caf8, RBX=0x00007f50dc17c4c0, RCX=0x0000000000000001, RDX=0x0000000000000001
RSP=0x00007f50e3ffcef0, RBP=0x00007f50dc17c4c0, RSI=0x0000000000000001, RDI=0x000000000000000b
R8 =0x00007f50dc16caf0, R9 =0x0000000000000001, R10=0x0000000000000007, R11=0x00007f50dc16b410
R12=0x0000000000000000, R13=0x0000000000000001, R14=0x00007f50e3ffcff0, R15=0x000000000000000b
RIP=0x00007f50e15fa719, EFLAGS=0x0000000000010202, CSGSFS=0x002b000000000033, ERR=0x0000000000000004
  TRAPNO=0x000000000000000e

Top of Stack: (sp=0x00007f50e3ffcef0)
0x00007f50e3ffcef0:   00007f50dc16caf0 0000000000000014
0x00007f50e3ffcf00:   00007f50dc16c5c0 00007f50e3ffcfe0
0x00007f50e3ffcf10:   00007f50dc16c5c0 ffffffff00000000
0x00007f50e3ffcf20:   00007f50dc17c3f0 00007f5132b0f53c
0x00007f50e3ffcf30:   00007f50dc17c390 00007f5132b0f184
0x00007f50e3ffcf40:   00007f50e3ffcff0 00007f50e3ffcfe0
0x00007f50e3ffcf50:   00007f50dc17c4c0 00007f50dc1816e0
0x00007f50e3ffcf60:   00007f50dc16c5c0 ffffffff00000000
0x00007f50e3ffcf70:   00007f50dc17c3f0 00007f50e15f974c
0x00007f50e3ffcf80:   00007f50dc1d3758 00007f50e3ffcff0
0x00007f50e3ffcf90:   00007f50dc16caf0 0000000be3ffcfc0
0x00007f50e3ffcfa0:   00007f5000000000 00007f50dc16b4a0
0x00007f50e3ffcfb0:   00007f50dc16c5c0 0000000000000001
0x00007f50e3ffcfc0:   0000000000000000 00007f5132ba0836
0x00007f50e3ffcfd0:   00007f50e3ffd000 00007f50dc16caf0
0x00007f50e3ffcfe0:   00007f5000000291 0000000000000001
0x00007f50e3ffcff0:   0000000000000000 0000000000000001
0x00007f50e3ffd000:   0000000000000000 0000000100000001
0x00007f50e3ffd010:   0000000000000000 0000000000000000
0x00007f50e3ffd020:   0000000000000000 0000000000000000
0x00007f50e3ffd030:   0000000000000000 0000000000000000
0x00007f50e3ffd040:   0000000000000000 0000000000000000
0x00007f50e3ffd050:   0000000000000000 0000000000000000
0x00007f50e3ffd060:   0000000000000000 0000000000000000
0x00007f50e3ffd070:   0000000000000000 0000000000000000
0x00007f50e3ffd080:   0000000000000000 0000000000000000
0x00007f50e3ffd090:   0000000000000000 0000000000000000
0x00007f50e3ffd0a0:   0000000000000000 0000000000000000
0x00007f50e3ffd0b0:   0000000000000000 0000000000000000
0x00007f50e3ffd0c0:   0000000000000000 0000000000000000
0x00007f50e3ffd0d0:   0000000000000000 0000000000000000
0x00007f50e3ffd0e0:   0000000000000000 0000000000000000 

Instructions: (pc=0x00007f50e15fa719)
0x00007f50e15fa6f9:   49 63 f5 45 39 ef 49 8d 04 f0 0f 8e e7 07 00 00
0x00007f50e15fa709:   45 89 e9 4c 8b 20 45 29 f9 41 f7 d1 41 83 e1 07
0x00007f50e15fa719:   41 80 3c 24 2d 0f 84 6c 04 00 00 41 83 c5 01 48
0x00007f50e15fa729:   83 c0 08 45 39 ef 45 89 6e 08 0f 84 bf 02 00 00 

Register to memory mapping:

RAX=0x00007f50dc16caf8 is an unknown value
RBX=0x00007f50dc17c4c0 is an unknown value
RCX=0x0000000000000001 is an unknown value
RDX=0x0000000000000001 is an unknown value
RSP=0x00007f50e3ffcef0 is pointing into the stack for thread: 0x00007f512c16d800
RBP=0x00007f50dc17c4c0 is an unknown value
RSI=0x0000000000000001 is an unknown value
RDI=0x000000000000000b is an unknown value
R8 =0x00007f50dc16caf0 is an unknown value
R9 =0x0000000000000001 is an unknown value
R10=0x0000000000000007 is an unknown value
R11=0x00007f50dc16b410 is an unknown value
R12=0x0000000000000000 is an unknown value
R13=0x0000000000000001 is an unknown value
R14=0x00007f50e3ffcff0 is pointing into the stack for thread: 0x00007f512c16d800
R15=0x000000000000000b is an unknown value


Stack: [0x00007f50e3eff000,0x00007f50e4000000],  sp=0x00007f50e3ffcef0,  free space=1015k
Native frames: (J=compiled Java code, j=interpreted, Vv=VM code, C=native code)
C  [libvlccore.so.8+0x97719]

Java frames: (J=compiled Java code, j=interpreted, Vv=VM code)
j  com.sun.jna.Native.invokePointer(JI[Ljava/lang/Object;)J+0
j  com.sun.jna.Function.invokePointer(I[Ljava/lang/Object;)Lcom/sun/jna/Pointer;+6
j  com.sun.jna.Function.invoke([Ljava/lang/Object;Ljava/lang/Class;Z)Ljava/lang/Object;+426
j  com.sun.jna.Function.invoke(Ljava/lang/Class;[Ljava/lang/Object;Ljava/util/Map;)Ljava/lang/Object;+262
j  com.sun.jna.Library$Handler.invoke(Ljava/lang/Object;Ljava/lang/reflect/Method;[Ljava/lang/Object;)Ljava/lang/Object;+316
j  com.sun.proxy.$Proxy1.libvlc_new(I[Ljava/lang/String;)Luk/co/caprica/vlcj/binding/internal/libvlc_instance_t;+23
j  uk.co.caprica.vlcj.player.MediaPlayerFactory.<init>(Luk/co/caprica/vlcj/binding/LibVlc;[Ljava/lang/String;)V+70
j  uk.co.caprica.vlcj.player.MediaPlayerFactory.<init>([Ljava/lang/String;)V+13
j  servers.ClientHandler.run()V+93
v  ~StubRoutines::call_stub

---------------  P R O C E S S  ---------------

Java Threads: ( => current thread )
  0x00007f50dc0c1800 JavaThread "AWT-XAWT" daemon [_thread_in_native, id=18267, stack(0x00007f50e1d9b000,0x00007f50e1e9c000)]
  0x00007f50dc0a8800 JavaThread "Java2D Disposer" daemon [_thread_blocked, id=18266, stack(0x00007f50e22ac000,0x00007f50e23ad000)]
=>0x00007f512c16d800 JavaThread "Thread-0" [_thread_in_native, id=18258, stack(0x00007f50e3eff000,0x00007f50e4000000)]
  0x00007f512c0c0000 JavaThread "Service Thread" daemon [_thread_blocked, id=18241, stack(0x00007f51086d7000,0x00007f51087d8000)]
  0x00007f512c0bd000 JavaThread "C1 CompilerThread2" daemon [_thread_blocked, id=18240, stack(0x00007f51087d8000,0x00007f51088d9000)]
  0x00007f512c0bb800 JavaThread "C2 CompilerThread1" daemon [_thread_blocked, id=18239, stack(0x00007f51088d9000,0x00007f51089da000)]
  0x00007f512c0b8800 JavaThread "C2 CompilerThread0" daemon [_thread_blocked, id=18238, stack(0x00007f51089da000,0x00007f5108adb000)]
  0x00007f512c0b7000 JavaThread "Signal Dispatcher" daemon [_thread_blocked, id=18237, stack(0x00007f5108adb000,0x00007f5108bdc000)]
  0x00007f512c084000 JavaThread "Finalizer" daemon [_thread_blocked, id=18235, stack(0x00007f5108eb4000,0x00007f5108fb5000)]
  0x00007f512c07f800 JavaThread "Reference Handler" daemon [_thread_blocked, id=18234, stack(0x00007f5108fb5000,0x00007f51090b6000)]
  0x00007f512c00a000 JavaThread "main" [_thread_in_native, id=18228, stack(0x00007f513358f000,0x00007f5133690000)]

Other Threads:
  0x00007f512c078000 VMThread [stack: 0x00007f51090b6000,0x00007f51091b7000] [id=18233]
  0x00007f512c0c3000 WatcherThread [stack: 0x00007f51085d6000,0x00007f51086d7000] [id=18242]

VM state:not at safepoint (normal execution)

VM Mutex/Monitor currently owned by a thread: None

Heap:
 PSYoungGen      total 18432K, used 10900K [0x00000000ebd80000, 0x00000000ed200000, 0x0000000100000000)
  eden space 15872K, 68% used [0x00000000ebd80000,0x00000000ec825390,0x00000000ecd00000)
  from space 2560K, 0% used [0x00000000ecf80000,0x00000000ecf80000,0x00000000ed200000)
  to   space 2560K, 0% used [0x00000000ecd00000,0x00000000ecd00000,0x00000000ecf80000)
 ParOldGen       total 42496K, used 0K [0x00000000c3800000, 0x00000000c6180000, 0x00000000ebd80000)
  object space 42496K, 0% used [0x00000000c3800000,0x00000000c3800000,0x00000000c6180000)
 Metaspace       used 8087K, capacity 8224K, committed 8448K, reserved 1056768K
  class space    used 885K, capacity 956K, committed 1024K, reserved 1048576K

Card table byte_map: [0x00007f5130148000,0x00007f513032d000] byte_map_base: 0x00007f512fb2c000

Marking Bits: (ParMarkBitMap*) 0x00007f5132a5ddc0
 Begin Bits: [0x00007f510a1c0000, 0x00007f510b0e0000)
 End Bits:   [0x00007f510b0e0000, 0x00007f510c000000)

Polling page: 0x00007f51336ae000

CodeCache: size=245760Kb used=2378Kb max_used=2390Kb free=243381Kb
 bounds [0x00007f511d000000, 0x00007f511d270000, 0x00007f512c000000]
 total_blobs=989 nmethods=554 adapters=349
 compilation: enabled

Compilation events (10 events):
Event: 27.347 Thread 0x00007f512c0bd000  551       1       java.util.jar.Manifest::getEntries (5 bytes)
Event: 27.347 Thread 0x00007f512c0bd000 nmethod 551 0x00007f511d24c990 code [0x00007f511d24cae0, 0x00007f511d24cbf0]
Event: 27.347 Thread 0x00007f512c0bd000  552       3       java.util.jar.Attributes::getValue (9 bytes)
Event: 27.347 Thread 0x00007f512c0bd000 nmethod 552 0x00007f511d24cc50 code [0x00007f511d24cde0, 0x00007f511d24d148]
Event: 27.347 Thread 0x00007f512c0bd000  553       3       java.util.jar.Attributes::get (11 bytes)
Event: 27.347 Thread 0x00007f512c0bd000 nmethod 553 0x00007f511d24d290 code [0x00007f511d24d400, 0x00007f511d24d628]
Event: 27.347 Thread 0x00007f512c0bd000  554       1       java.util.jar.JarFile::access$300 (5 bytes)
Event: 27.347 Thread 0x00007f512c0bd000 nmethod 554 0x00007f511d24d6d0 code [0x00007f511d24d820, 0x00007f511d24d910]
Event: 27.362 Thread 0x00007f512c0bb800 nmethod 514 0x00007f511d252510 code [0x00007f511d252740, 0x00007f511d254690]
Event: 27.362 Thread 0x00007f512c0bb800  534 %     4       java.lang.Class::searchMethods @ 11 (90 bytes)

GC Heap History (0 events):
No events

Deoptimization events (6 events):
Event: 27.110 Thread 0x00007f512c16d800 Uncommon trap: reason=unstable_if action=reinterpret pc=0x00007f511d1a90b0 method=java.lang.String.replace(CC)Ljava/lang/String; @ 26
Event: 27.261 Thread 0x00007f512c16d800 Uncommon trap: reason=unstable_if action=reinterpret pc=0x00007f511d210494 method=java.util.HashMap.getNode(ILjava/lang/Object;)Ljava/util/HashMap$Node; @ 129
Event: 27.285 Thread 0x00007f512c16d800 Uncommon trap: reason=class_check action=maybe_recompile pc=0x00007f511d22a974 method=java.io.DataOutputStream.writeByte(I)V @ 5
Event: 27.285 Thread 0x00007f512c16d800 Uncommon trap: reason=class_check action=maybe_recompile pc=0x00007f511d22a974 method=java.io.DataOutputStream.writeByte(I)V @ 5
Event: 27.285 Thread 0x00007f512c16d800 Uncommon trap: reason=class_check action=maybe_recompile pc=0x00007f511d22a974 method=java.io.DataOutputStream.writeByte(I)V @ 5
Event: 27.286 Thread 0x00007f512c16d800 Uncommon trap: reason=class_check action=maybe_recompile pc=0x00007f511d22a974 method=java.io.DataOutputStream.writeByte(I)V @ 5

Internal exceptions (10 events):
Event: 25.477 Thread 0x00007f512c16d800 Exception <a 'java/security/PrivilegedActionException'> (0x00000000ebf2c138) thrown at [/HUDSON3/workspace/8-2-build-linux-amd64/jdk8u144/9417/hotspot/src/share/vm/prims/jvm.cpp, line 1390]
Event: 25.477 Thread 0x00007f512c16d800 Exception <a 'java/security/PrivilegedActionException'> (0x00000000ebf2c348) thrown at [/HUDSON3/workspace/8-2-build-linux-amd64/jdk8u144/9417/hotspot/src/share/vm/prims/jvm.cpp, line 1390]
Event: 25.587 Thread 0x00007f512c16d800 Exception <a 'java/lang/NoSuchFieldError': method resolution failed> (0x00000000ec02eb00) thrown at [/HUDSON3/workspace/8-2-build-linux-amd64/jdk8u144/9417/hotspot/src/share/vm/prims/methodHandles.cpp, line 1146]
Event: 25.589 Thread 0x00007f512c16d800 Exception <a 'java/lang/NoSuchFieldError': method resolution failed> (0x00000000ec03bf00) thrown at [/HUDSON3/workspace/8-2-build-linux-amd64/jdk8u144/9417/hotspot/src/share/vm/prims/methodHandles.cpp, line 1146]
Event: 25.692 Thread 0x00007f512c16d800 Exception <a 'java/io/FileNotFoundException'> (0x00000000ec0c71c0) thrown at [/HUDSON3/workspace/8-2-build-linux-amd64/jdk8u144/9417/hotspot/src/share/vm/prims/jni.cpp, line 709]
Event: 25.692 Thread 0x00007f512c16d800 Exception <a 'java/io/FileNotFoundException'> (0x00000000ec0c7b98) thrown at [/HUDSON3/workspace/8-2-build-linux-amd64/jdk8u144/9417/hotspot/src/share/vm/prims/jni.cpp, line 709]
Event: 26.994 Thread 0x00007f512c16d800 Exception <a 'java/lang/UnsatisfiedLinkError': libX11.so: cannot open shared object file: No such file or directory> (0x00000000ec290888) thrown at [/HUDSON3/workspace/8-2-build-linux-amd64/jdk8u144/9417/hotspot/src/share/vm/prims/jni.cpp, line 735]
Event: 26.995 Thread 0x00007f512c16d800 Exception <a 'java/lang/UnsatisfiedLinkError': libX11.so: cannot open shared object file: No such file or directory> (0x00000000ec2918b0) thrown at [/HUDSON3/workspace/8-2-build-linux-amd64/jdk8u144/9417/hotspot/src/share/vm/prims/jni.cpp, line 735]
Event: 27.164 Thread 0x00007f512c16d800 Exception <a 'java/lang/UnsatisfiedLinkError': libvlc.so: cannot open shared object file: No such file or directory> (0x00000000ec45ba28) thrown at [/HUDSON3/workspace/8-2-build-linux-amd64/jdk8u144/9417/hotspot/src/share/vm/prims/jni.cpp, line 735]
Event: 27.164 Thread 0x00007f512c16d800 Exception <a 'java/lang/UnsatisfiedLinkError': libvlc.so: cannot open shared object file: No such file or directory> (0x00000000ec45ca50) thrown at [/HUDSON3/workspace/8-2-build-linux-amd64/jdk8u144/9417/hotspot/src/share/vm/prims/jni.cpp, line 735]

Events (10 events):
Event: 27.342 loading class com/sun/jna/Function$PostCallRead
Event: 27.342 loading class com/sun/jna/Function$PostCallRead done
Event: 27.343 loading class com/sun/jna/Memory$SharedMemory
Event: 27.343 loading class com/sun/jna/Memory$SharedMemory done
Event: 27.345 loading class com/sun/jna/WeakIdentityHashMap
Event: 27.345 loading class com/sun/jna/WeakIdentityHashMap done
Event: 27.346 loading class com/sun/jna/NativeMappedConverter
Event: 27.346 loading class com/sun/jna/NativeMappedConverter done
Event: 27.347 loading class com/sun/jna/TypeConverter
Event: 27.347 loading class com/sun/jna/TypeConverter done


Dynamic libraries:
00400000-00401000 r-xp 00000000 08:06 6164757                            /usr/lib/jvm/java-8-oracle/bin/java
00600000-00601000 rw-p 00000000 08:06 6164757                            /usr/lib/jvm/java-8-oracle/bin/java
024f7000-02518000 rw-p 00000000 00:00 0                                  [heap]
c3800000-c6180000 rw-p 00000000 00:00 0 
c6180000-ebd80000 ---p 00000000 00:00 0 
ebd80000-ed200000 rw-p 00000000 00:00 0 
ed200000-100000000 ---p 00000000 00:00 0 
100000000-100100000 rw-p 00000000 00:00 0 
100100000-140000000 ---p 00000000 00:00 0 
7f50d4000000-7f50d4021000 rw-p 00000000 00:00 0 
7f50d4021000-7f50d8000000 ---p 00000000 00:00 0 
7f50d8000000-7f50d8021000 rw-p 00000000 00:00 0 
7f50d8021000-7f50dc000000 ---p 00000000 00:00 0 
7f50dc000000-7f50dc2ae000 rw-p 00000000 00:00 0 
7f50dc2ae000-7f50e0000000 ---p 00000000 00:00 0 
7f50e04b6000-7f50e04c8000 r-xp 00000000 08:06 6296090                    /lib/x86_64-linux-gnu/libgpg-error.so.0.17.0
7f50e04c8000-7f50e06c8000 ---p 00012000 08:06 6296090                    /lib/x86_64-linux-gnu/libgpg-error.so.0.17.0
7f50e06c8000-7f50e06c9000 r--p 00012000 08:06 6296090                    /lib/x86_64-linux-gnu/libgpg-error.so.0.17.0
7f50e06c9000-7f50e06ca000 rw-p 00013000 08:06 6296090                    /lib/x86_64-linux-gnu/libgpg-error.so.0.17.0
7f50e06ca000-7f50e0738000 r-xp 00000000 08:06 6296175                    /lib/x86_64-linux-gnu/libpcre.so.3.13.2
7f50e0738000-7f50e0938000 ---p 0006e000 08:06 6296175                    /lib/x86_64-linux-gnu/libpcre.so.3.13.2
7f50e0938000-7f50e0939000 r--p 0006e000 08:06 6296175                    /lib/x86_64-linux-gnu/libpcre.so.3.13.2
7f50e0939000-7f50e093a000 rw-p 0006f000 08:06 6296175                    /lib/x86_64-linux-gnu/libpcre.so.3.13.2
7f50e093a000-7f50e0a12000 r-xp 00000000 08:06 6296086                    /lib/x86_64-linux-gnu/libgcrypt.so.20.0.5
7f50e0a12000-7f50e0c11000 ---p 000d8000 08:06 6296086                    /lib/x86_64-linux-gnu/libgcrypt.so.20.0.5
7f50e0c11000-7f50e0c12000 r--p 000d7000 08:06 6296086                    /lib/x86_64-linux-gnu/libgcrypt.so.20.0.5
7f50e0c12000-7f50e0c1a000 rw-p 000d8000 08:06 6296086                    /lib/x86_64-linux-gnu/libgcrypt.so.20.0.5
7f50e0c1a000-7f50e0c1b000 rw-p 00000000 00:00 0 
7f50e0c1b000-7f50e0c3c000 r-xp 00000000 08:06 6296113                    /lib/x86_64-linux-gnu/liblzma.so.5.0.0
7f50e0c3c000-7f50e0e3b000 ---p 00021000 08:06 6296113                    /lib/x86_64-linux-gnu/liblzma.so.5.0.0
7f50e0e3b000-7f50e0e3c000 r--p 00020000 08:06 6296113                    /lib/x86_64-linux-gnu/liblzma.so.5.0.0
7f50e0e3c000-7f50e0e3d000 rw-p 00021000 08:06 6296113                    /lib/x86_64-linux-gnu/liblzma.so.5.0.0
7f50e0e3d000-7f50e0e5c000 r-xp 00000000 08:06 6296204                    /lib/x86_64-linux-gnu/libselinux.so.1
7f50e0e5c000-7f50e105b000 ---p 0001f000 08:06 6296204                    /lib/x86_64-linux-gnu/libselinux.so.1
7f50e105b000-7f50e105c000 r--p 0001e000 08:06 6296204                    /lib/x86_64-linux-gnu/libselinux.so.1
7f50e105c000-7f50e105d000 rw-p 0001f000 08:06 6296204                    /lib/x86_64-linux-gnu/libselinux.so.1
7f50e105d000-7f50e105f000 rw-p 00000000 00:00 0 
7f50e105f000-7f50e10df000 r-xp 00000000 08:06 6296214                    /lib/x86_64-linux-gnu/libsystemd.so.0.14.0
7f50e10df000-7f50e10e2000 r--p 0007f000 08:06 6296214                    /lib/x86_64-linux-gnu/libsystemd.so.0.14.0
7f50e10e2000-7f50e10e3000 rw-p 00082000 08:06 6296214                    /lib/x86_64-linux-gnu/libsystemd.so.0.14.0
7f50e10e3000-7f50e10e4000 rw-p 00000000 00:00 0 
7f50e10e4000-7f50e112e000 r-xp 00000000 08:06 6296062                    /lib/x86_64-linux-gnu/libdbus-1.so.3.14.6
7f50e112e000-7f50e132e000 ---p 0004a000 08:06 6296062                    /lib/x86_64-linux-gnu/libdbus-1.so.3.14.6
7f50e132e000-7f50e132f000 r--p 0004a000 08:06 6296062                    /lib/x86_64-linux-gnu/libdbus-1.so.3.14.6
7f50e132f000-7f50e1330000 rw-p 0004b000 08:06 6296062                    /lib/x86_64-linux-gnu/libdbus-1.so.3.14.6
7f50e1330000-7f50e1361000 r-xp 00000000 08:06 4990906                    /usr/lib/x86_64-linux-gnu/libidn.so.11.6.15
7f50e1361000-7f50e1561000 ---p 00031000 08:06 4990906                    /usr/lib/x86_64-linux-gnu/libidn.so.11.6.15
7f50e1561000-7f50e1562000 r--p 00031000 08:06 4990906                    /usr/lib/x86_64-linux-gnu/libidn.so.11.6.15
7f50e1562000-7f50e1563000 rw-p 00032000 08:06 4990906                    /usr/lib/x86_64-linux-gnu/libidn.so.11.6.15
7f50e1563000-7f50e165e000 r-xp 00000000 08:06 4992446                    /usr/lib/libvlccore.so.8.0.0
7f50e165e000-7f50e185e000 ---p 000fb000 08:06 4992446                    /usr/lib/libvlccore.so.8.0.0
7f50e185e000-7f50e1861000 r--p 000fb000 08:06 4992446                    /usr/lib/libvlccore.so.8.0.0
7f50e1861000-7f50e1862000 rw-p 000fe000 08:06 4992446                    /usr/lib/libvlccore.so.8.0.0
7f50e1862000-7f50e1881000 r-xp 00000000 08:06 4992448                    /usr/lib/libvlc.so.5.5.0
7f50e1881000-7f50e1a80000 ---p 0001f000 08:06 4992448                    /usr/lib/libvlc.so.5.5.0
7f50e1a80000-7f50e1a81000 r--p 0001e000 08:06 4992448                    /usr/lib/libvlc.so.5.5.0
7f50e1a81000-7f50e1a82000 rw-p 0001f000 08:06 4992448                    /usr/lib/libvlc.so.5.5.0
7f50e1a82000-7f50e1a99000 r-xp 00000000 08:06 10494215                   /tmp/jna--1426877892/jna8772991515024962960.tmp (deleted)
7f50e1a99000-7f50e1b98000 ---p 00017000 08:06 10494215                   /tmp/jna--1426877892/jna8772991515024962960.tmp (deleted)
7f50e1b98000-7f50e1b9a000 rw-p 00016000 08:06 10494215                   /tmp/jna--1426877892/jna8772991515024962960.tmp (deleted)
7f50e1b9a000-7f50e1b9b000 r-xp 00000000 08:06 6165299                    /usr/lib/jvm/java-8-oracle/jre/lib/amd64/libjawt.so
7f50e1b9b000-7f50e1d9a000 ---p 00001000 08:06 6165299                    /usr/lib/jvm/java-8-oracle/jre/lib/amd64/libjawt.so
7f50e1d9a000-7f50e1d9b000 rw-p 00000000 08:06 6165299                    /usr/lib/jvm/java-8-oracle/jre/lib/amd64/libjawt.so
7f50e1d9b000-7f50e1d9e000 ---p 00000000 00:00 0 
7f50e1d9e000-7f50e1e9c000 rw-p 00000000 00:00 0 
7f50e1e9c000-7f50e1ea1000 r-xp 00000000 08:06 4990177                    /usr/lib/x86_64-linux-gnu/libXfixes.so.3.1.0
7f50e1ea1000-7f50e20a0000 ---p 00005000 08:06 4990177                    /usr/lib/x86_64-linux-gnu/libXfixes.so.3.1.0
7f50e20a0000-7f50e20a1000 r--p 00004000 08:06 4990177                    /usr/lib/x86_64-linux-gnu/libXfixes.so.3.1.0
7f50e20a1000-7f50e20a2000 rw-p 00005000 08:06 4990177                    /usr/lib/x86_64-linux-gnu/libXfixes.so.3.1.0
7f50e20a2000-7f50e20ab000 r-xp 00000000 08:06 4990169                    /usr/lib/x86_64-linux-gnu/libXcursor.so.1.0.2
7f50e20ab000-7f50e22aa000 ---p 00009000 08:06 4990169                    /usr/lib/x86_64-linux-gnu/libXcursor.so.1.0.2
7f50e22aa000-7f50e22ab000 r--p 00008000 08:06 4990169                    /usr/lib/x86_64-linux-gnu/libXcursor.so.1.0.2
7f50e22ab000-7f50e22ac000 rw-p 00009000 08:06 4990169                    /usr/lib/x86_64-linux-gnu/libXcursor.so.1.0.2
7f50e22ac000-7f50e22af000 ---p 00000000 00:00 0 
7f50e22af000-7f50e23ad000 rw-p 00000000 00:00 0 
7f50e23ad000-7f50e23c3000 r-xp 00000000 08:06 6296084                    /lib/x86_64-linux-gnu/libgcc_s.so.1
7f50e23c3000-7f50e25c2000 ---p 00016000 08:06 6296084                    /lib/x86_64-linux-gnu/libgcc_s.so.1
7f50e25c2000-7f50e25c3000 rw-p 00015000 08:06 6296084                    /lib/x86_64-linux-gnu/libgcc_s.so.1
7f50e25c3000-7f50e2628000 r-xp 00000000 08:06 6165272                    /usr/lib/jvm/java-8-oracle/jre/lib/amd64/libfontmanager.so
7f50e2628000-7f50e2827000 ---p 00065000 08:06 6165272                    /usr/lib/jvm/java-8-oracle/jre/lib/amd64/libfontmanager.so
7f50e2827000-7f50e282c000 rw-p 00064000 08:06 6165272                    /usr/lib/jvm/java-8-oracle/jre/lib/amd64/libfontmanager.so
7f50e282c000-7f50e283c000 rw-p 00000000 00:00 0 
7f50e283c000-7f50e2841000 r-xp 00000000 08:06 4990173                    /usr/lib/x86_64-linux-gnu/libXdmcp.so.6.0.0
7f50e2841000-7f50e2a40000 ---p 00005000 08:06 4990173                    /usr/lib/x86_64-linux-gnu/libXdmcp.so.6.0.0
7f50e2a40000-7f50e2a41000 r--p 00004000 08:06 4990173                    /usr/lib/x86_64-linux-gnu/libXdmcp.so.6.0.0
7f50e2a41000-7f50e2a42000 rw-p 00005000 08:06 4990173                    /usr/lib/x86_64-linux-gnu/libXdmcp.so.6.0.0
7f50e2a42000-7f50e2a44000 r-xp 00000000 08:06 4990162                    /usr/lib/x86_64-linux-gnu/libXau.so.6.0.0
7f50e2a44000-7f50e2c44000 ---p 00002000 08:06 4990162                    /usr/lib/x86_64-linux-gnu/libXau.so.6.0.0
7f50e2c44000-7f50e2c45000 r--p 00002000 08:06 4990162                    /usr/lib/x86_64-linux-gnu/libXau.so.6.0.0
7f50e2c45000-7f50e2c46000 rw-p 00003000 08:06 4990162                    /usr/lib/x86_64-linux-gnu/libXau.so.6.0.0
7f50e2c46000-7f50e2c67000 r-xp 00000000 08:06 4991590                    /usr/lib/x86_64-linux-gnu/libxcb.so.1.1.0
7f50e2c67000-7f50e2e66000 ---p 00021000 08:06 4991590                    /usr/lib/x86_64-linux-gnu/libxcb.so.1.1.0
7f50e2e66000-7f50e2e67000 r--p 00020000 08:06 4991590                    /usr/lib/x86_64-linux-gnu/libxcb.so.1.1.0
7f50e2e67000-7f50e2e68000 rw-p 00021000 08:06 4991590                    /usr/lib/x86_64-linux-gnu/libxcb.so.1.1.0
7f50e2e68000-7f50e2e77000 r-xp 00000000 08:06 4990183                    /usr/lib/x86_64-linux-gnu/libXi.so.6.1.0
7f50e2e77000-7f50e3076000 ---p 0000f000 08:06 4990183                    /usr/lib/x86_64-linux-gnu/libXi.so.6.1.0
7f50e3076000-7f50e3077000 r--p 0000e000 08:06 4990183                    /usr/lib/x86_64-linux-gnu/libXi.so.6.1.0
7f50e3077000-7f50e3078000 rw-p 0000f000 08:06 4990183                    /usr/lib/x86_64-linux-gnu/libXi.so.6.1.0
7f50e3078000-7f50e307d000 r-xp 00000000 08:06 4990201                    /usr/lib/x86_64-linux-gnu/libXtst.so.6.1.0
7f50e307d000-7f50e327c000 ---p 00005000 08:06 4990201                    /usr/lib/x86_64-linux-gnu/libXtst.so.6.1.0
7f50e327c000-7f50e327d000 r--p 00004000 08:06 4990201                    /usr/lib/x86_64-linux-gnu/libXtst.so.6.1.0
7f50e327d000-7f50e327e000 rw-p 00005000 08:06 4990201                    /usr/lib/x86_64-linux-gnu/libXtst.so.6.1.0
7f50e327e000-7f50e3287000 r-xp 00000000 08:06 4990195                    /usr/lib/x86_64-linux-gnu/libXrender.so.1.3.0
7f50e3287000-7f50e3486000 ---p 00009000 08:06 4990195                    /usr/lib/x86_64-linux-gnu/libXrender.so.1.3.0
7f50e3486000-7f50e3487000 r--p 00008000 08:06 4990195                    /usr/lib/x86_64-linux-gnu/libXrender.so.1.3.0
7f50e3487000-7f50e3488000 rw-p 00009000 08:06 4990195                    /usr/lib/x86_64-linux-gnu/libXrender.so.1.3.0
7f50e3488000-7f50e35bd000 r-xp 00000000 08:06 4990158                    /usr/lib/x86_64-linux-gnu/libX11.so.6.3.0
7f50e35bd000-7f50e37bd000 ---p 00135000 08:06 4990158                    /usr/lib/x86_64-linux-gnu/libX11.so.6.3.0
7f50e37bd000-7f50e37be000 r--p 00135000 08:06 4990158                    /usr/lib/x86_64-linux-gnu/libX11.so.6.3.0
7f50e37be000-7f50e37c2000 rw-p 00136000 08:06 4990158                    /usr/lib/x86_64-linux-gnu/libX11.so.6.3.0
7f50e37c2000-7f50e37d3000 r-xp 00000000 08:06 4990175                    /usr/lib/x86_64-linux-gnu/libXext.so.6.4.0
7f50e37d3000-7f50e39d2000 ---p 00011000 08:06 4990175                    /usr/lib/x86_64-linux-gnu/libXext.so.6.4.0
7f50e39d2000-7f50e39d3000 r--p 00010000 08:06 4990175                    /usr/lib/x86_64-linux-gnu/libXext.so.6.4.0
7f50e39d3000-7f50e39d4000 rw-p 00011000 08:06 4990175                    /usr/lib/x86_64-linux-gnu/libXext.so.6.4.0
7f50e39d4000-7f50e3a28000 r-xp 00000000 08:06 6165280                    /usr/lib/jvm/java-8-oracle/jre/lib/amd64/libawt_xawt.so
7f50e3a28000-7f50e3c28000 ---p 00054000 08:06 6165280                    /usr/lib/jvm/java-8-oracle/jre/lib/amd64/libawt_xawt.so
7f50e3c28000-7f50e3c2c000 rw-p 00054000 08:06 6165280                    /usr/lib/jvm/java-8-oracle/jre/lib/amd64/libawt_xawt.so
7f50e3c2c000-7f50e3c2d000 rw-p 00000000 00:00 0 
7f50e3c2d000-7f50e3ccf000 r-xp 00000000 08:06 6165307                    /usr/lib/jvm/java-8-oracle/jre/lib/amd64/libawt.so
7f50e3ccf000-7f50e3ecf000 ---p 000a2000 08:06 6165307                    /usr/lib/jvm/java-8-oracle/jre/lib/amd64/libawt.so
7f50e3ecf000-7f50e3edb000 rw-p 000a2000 08:06 6165307                    /usr/lib/jvm/java-8-oracle/jre/lib/amd64/libawt.so
7f50e3edb000-7f50e3eff000 rw-p 00000000 00:00 0 
7f50e3eff000-7f50e3f02000 ---p 00000000 00:00 0 
7f50e3f02000-7f50e4000000 rw-p 00000000 00:00 0 
7f50e4000000-7f50e4021000 rw-p 00000000 00:00 0 
7f50e4021000-7f50e8000000 ---p 00000000 00:00 0 
7f50e8000000-7f50e8021000 rw-p 00000000 00:00 0 
7f50e8021000-7f50ec000000 ---p 00000000 00:00 0 
7f50ec000000-7f50ec1e1000 rw-p 00000000 00:00 0 
7f50ec1e1000-7f50f0000000 ---p 00000000 00:00 0 
7f50f0000000-7f50f02d2000 rw-p 00000000 00:00 0 
7f50f02d2000-7f50f4000000 ---p 00000000 00:00 0 
7f50f4000000-7f50f4021000 rw-p 00000000 00:00 0 
7f50f4021000-7f50f8000000 ---p 00000000 00:00 0 
7f50f8000000-7f50f8129000 rw-p 00000000 00:00 0 
7f50f8129000-7f50fc000000 ---p 00000000 00:00 0 
7f50fc000000-7f50fc021000 rw-p 00000000 00:00 0 
7f50fc021000-7f5100000000 ---p 00000000 00:00 0 
7f5100000000-7f5100021000 rw-p 00000000 00:00 0 
7f5100021000-7f5104000000 ---p 00000000 00:00 0 
7f5104000000-7f5104021000 rw-p 00000000 00:00 0 
7f5104021000-7f5108000000 ---p 00000000 00:00 0 
7f5108057000-7f510805c000 r--s 0009a000 08:06 6164783                    /usr/lib/jvm/java-8-oracle/jre/lib/jsse.jar
7f510805c000-7f5108078000 r--s 00393000 08:06 6165360                    /usr/lib/jvm/java-8-oracle/jre/lib/ext/cldrdata.jar
7f5108078000-7f5108082000 r--s 00116000 08:06 6165357                    /usr/lib/jvm/java-8-oracle/jre/lib/ext/localedata.jar
7f5108082000-7f5108383000 rw-p 00000000 00:00 0 
7f5108383000-7f5108399000 r-xp 00000000 08:06 6165253                    /usr/lib/jvm/java-8-oracle/jre/lib/amd64/libnet.so
7f5108399000-7f5108599000 ---p 00016000 08:06 6165253                    /usr/lib/jvm/java-8-oracle/jre/lib/amd64/libnet.so
7f5108599000-7f510859a000 rw-p 00016000 08:06 6165253                    /usr/lib/jvm/java-8-oracle/jre/lib/amd64/libnet.so
7f510859a000-7f51085a6000 r--s 00057000 08:06 5780322                    /home/absolute49/vlcj-3.10.1/vlcj-3.10.1.jar
7f51085a6000-7f51085b0000 r--s 00059000 08:06 5780319                    /home/absolute49/vlcj-3.10.1/vlcj-3.10.1-tests.jar
7f51085b0000-7f51085c5000 r--s 001c3000 08:06 5780321                    /home/absolute49/vlcj-3.10.1/vlcj-3.10.1-javadoc.jar
7f51085c5000-7f51085d6000 r--s 00155000 08:06 5780324                    /home/absolute49/vlcj-3.10.1/jna-platform-4.1.0.jar
7f51085d6000-7f51085d7000 ---p 00000000 00:00 0 
7f51085d7000-7f51086d7000 rw-p 00000000 00:00 0 
7f51086d7000-7f51086da000 ---p 00000000 00:00 0 
7f51086da000-7f51087d8000 rw-p 00000000 00:00 0 
7f51087d8000-7f51087db000 ---p 00000000 00:00 0 
7f51087db000-7f51088d9000 rw-p 00000000 00:00 0 
7f51088d9000-7f51088dc000 ---p 00000000 00:00 0 
7f51088dc000-7f51089da000 rw-p 00000000 00:00 0 
7f51089da000-7f51089dd000 ---p 00000000 00:00 0 
7f51089dd000-7f5108adb000 rw-p 00000000 00:00 0 
7f5108adb000-7f5108ade000 ---p 00000000 00:00 0 
7f5108ade000-7f5108bdc000 rw-p 00000000 00:00 0 
7f5108bdc000-7f5108eb4000 r--p 00000000 08:06 4988855                    /usr/lib/locale/locale-archive
7f5108eb4000-7f5108eb7000 ---p 00000000 00:00 0 
7f5108eb7000-7f5108fb5000 rw-p 00000000 00:00 0 
7f5108fb5000-7f5108fb8000 ---p 00000000 00:00 0 
7f5108fb8000-7f51090b6000 rw-p 00000000 00:00 0 
7f51090b6000-7f51090b7000 ---p 00000000 00:00 0 
7f51090b7000-7f5109fe6000 rw-p 00000000 00:00 0 
7f5109fe6000-7f510a1c0000 r--s 03d4d000 08:06 6165245                    /usr/lib/jvm/java-8-oracle/jre/lib/rt.jar
7f510a1c0000-7f510c000000 rw-p 00000000 00:00 0 
7f510c000000-7f510c021000 rw-p 00000000 00:00 0 
7f510c021000-7f5110000000 ---p 00000000 00:00 0 
7f5110000000-7f5110021000 rw-p 00000000 00:00 0 
7f5110021000-7f5114000000 ---p 00000000 00:00 0 
7f5114000000-7f5114021000 rw-p 00000000 00:00 0 
7f5114021000-7f5118000000 ---p 00000000 00:00 0 
7f5118000000-7f5118021000 rw-p 00000000 00:00 0 
7f5118021000-7f511c000000 ---p 00000000 00:00 0 
7f511c000000-7f511c005000 r--s 002f9000 08:06 6164784                    /usr/lib/jvm/java-8-oracle/jre/lib/charsets.jar
7f511c005000-7f511c010000 r--s 00062000 08:06 5780318                    /home/absolute49/vlcj-3.10.1/vlcj-3.10.1-sources.jar
7f511c010000-7f511c958000 rw-p 00000000 00:00 0 
7f511c958000-7f511ca18000 ---p 00000000 00:00 0 
7f511ca18000-7f511cbfc000 rw-p 00000000 00:00 0 
7f511cbfc000-7f511cbfd000 ---p 00000000 00:00 0 
7f511cbfd000-7f511ccfd000 rw-p 00000000 00:00 0 
7f511ccfd000-7f511ccfe000 ---p 00000000 00:00 0 
7f511ccfe000-7f511cdfe000 rw-p 00000000 00:00 0 
7f511cdfe000-7f511cdff000 ---p 00000000 00:00 0 
7f511cdff000-7f511ceff000 rw-p 00000000 00:00 0 
7f511ceff000-7f511cf00000 ---p 00000000 00:00 0 
7f511cf00000-7f511d000000 rw-p 00000000 00:00 0 
7f511d000000-7f511d270000 rwxp 00000000 00:00 0 
7f511d270000-7f512c000000 ---p 00000000 00:00 0 
7f512c000000-7f512c172000 rw-p 00000000 00:00 0 
7f512c172000-7f5130000000 ---p 00000000 00:00 0 
7f5130002000-7f5130004000 r--s 00001000 08:06 5780244                    /home/absolute49/slf4j-1.7.25/slf4j-jdk14-1.7.25.jar
7f5130004000-7f5130005000 r--s 00002000 08:06 5780238                    /home/absolute49/slf4j-1.7.25/slf4j-jdk14-1.7.25-sources.jar
7f5130005000-7f513001a000 rw-p 00000000 00:00 0 
7f513001a000-7f5130148000 ---p 00000000 00:00 0 
7f5130148000-7f513015d000 rw-p 00000000 00:00 0 
7f513015d000-7f513028a000 ---p 00000000 00:00 0 
7f513028a000-7f5130295000 rw-p 00000000 00:00 0 
7f5130295000-7f513032c000 ---p 00000000 00:00 0 
7f513032c000-7f5130337000 rw-p 00000000 00:00 0 
7f5130337000-7f51306ed000 ---p 00000000 00:00 0 
7f51306ed000-7f5130707000 r-xp 00000000 08:06 6165276                    /usr/lib/jvm/java-8-oracle/jre/lib/amd64/libzip.so
7f5130707000-7f5130907000 ---p 0001a000 08:06 6165276                    /usr/lib/jvm/java-8-oracle/jre/lib/amd64/libzip.so
7f5130907000-7f5130908000 rw-p 0001a000 08:06 6165276                    /usr/lib/jvm/java-8-oracle/jre/lib/amd64/libzip.so
7f5130908000-7f5130913000 r-xp 00000000 08:06 6296418                    /lib/x86_64-linux-gnu/libnss_files-2.23.so
7f5130913000-7f5130b12000 ---p 0000b000 08:06 6296418                    /lib/x86_64-linux-gnu/libnss_files-2.23.so
7f5130b12000-7f5130b13000 r--p 0000a000 08:06 6296418                    /lib/x86_64-linux-gnu/libnss_files-2.23.so
7f5130b13000-7f5130b14000 rw-p 0000b000 08:06 6296418                    /lib/x86_64-linux-gnu/libnss_files-2.23.so
7f5130b14000-7f5130b1a000 rw-p 00000000 00:00 0 
7f5130b1a000-7f5130b25000 r-xp 00000000 08:06 6297020                    /lib/x86_64-linux-gnu/libnss_nis-2.23.so
7f5130b25000-7f5130d24000 ---p 0000b000 08:06 6297020                    /lib/x86_64-linux-gnu/libnss_nis-2.23.so
7f5130d24000-7f5130d25000 r--p 0000a000 08:06 6297020                    /lib/x86_64-linux-gnu/libnss_nis-2.23.so
7f5130d25000-7f5130d26000 rw-p 0000b000 08:06 6297020                    /lib/x86_64-linux-gnu/libnss_nis-2.23.so
7f5130d26000-7f5130d3c000 r-xp 00000000 08:06 6291471                    /lib/x86_64-linux-gnu/libnsl-2.23.so
7f5130d3c000-7f5130f3b000 ---p 00016000 08:06 6291471                    /lib/x86_64-linux-gnu/libnsl-2.23.so
7f5130f3b000-7f5130f3c000 r--p 00015000 08:06 6291471                    /lib/x86_64-linux-gnu/libnsl-2.23.so
7f5130f3c000-7f5130f3d000 rw-p 00016000 08:06 6291471                    /lib/x86_64-linux-gnu/libnsl-2.23.so
7f5130f3d000-7f5130f3f000 rw-p 00000000 00:00 0 
7f5130f3f000-7f5130f47000 r-xp 00000000 08:06 6297587                    /lib/x86_64-linux-gnu/libnss_compat-2.23.so
7f5130f47000-7f5131146000 ---p 00008000 08:06 6297587                    /lib/x86_64-linux-gnu/libnss_compat-2.23.so
7f5131146000-7f5131147000 r--p 00007000 08:06 6297587                    /lib/x86_64-linux-gnu/libnss_compat-2.23.so
7f5131147000-7f5131148000 rw-p 00008000 08:06 6297587                    /lib/x86_64-linux-gnu/libnss_compat-2.23.so
7f5131148000-7f5131173000 r-xp 00000000 08:06 6165301                    /usr/lib/jvm/java-8-oracle/jre/lib/amd64/libjava.so
7f5131173000-7f5131372000 ---p 0002b000 08:06 6165301                    /usr/lib/jvm/java-8-oracle/jre/lib/amd64/libjava.so
7f5131372000-7f5131374000 rw-p 0002a000 08:06 6165301                    /usr/lib/jvm/java-8-oracle/jre/lib/amd64/libjava.so
7f5131374000-7f5131381000 r-xp 00000000 08:06 6165254                    /usr/lib/jvm/java-8-oracle/jre/lib/amd64/libverify.so
7f5131381000-7f5131581000 ---p 0000d000 08:06 6165254                    /usr/lib/jvm/java-8-oracle/jre/lib/amd64/libverify.so
7f5131581000-7f5131583000 rw-p 0000d000 08:06 6165254                    /usr/lib/jvm/java-8-oracle/jre/lib/amd64/libverify.so
7f5131583000-7f513158a000 r-xp 00000000 08:06 6297583                    /lib/x86_64-linux-gnu/librt-2.23.so
7f513158a000-7f5131789000 ---p 00007000 08:06 6297583                    /lib/x86_64-linux-gnu/librt-2.23.so
7f5131789000-7f513178a000 r--p 00006000 08:06 6297583                    /lib/x86_64-linux-gnu/librt-2.23.so
7f513178a000-7f513178b000 rw-p 00007000 08:06 6297583                    /lib/x86_64-linux-gnu/librt-2.23.so
7f513178b000-7f5131893000 r-xp 00000000 08:06 6297816                    /lib/x86_64-linux-gnu/libm-2.23.so
7f5131893000-7f5131a92000 ---p 00108000 08:06 6297816                    /lib/x86_64-linux-gnu/libm-2.23.so
7f5131a92000-7f5131a93000 r--p 00107000 08:06 6297816                    /lib/x86_64-linux-gnu/libm-2.23.so
7f5131a93000-7f5131a94000 rw-p 00108000 08:06 6297816                    /lib/x86_64-linux-gnu/libm-2.23.so
7f5131a94000-7f5132767000 r-xp 00000000 08:06 6165313                    /usr/lib/jvm/java-8-oracle/jre/lib/amd64/server/libjvm.so
7f5132767000-7f5132966000 ---p 00cd3000 08:06 6165313                    /usr/lib/jvm/java-8-oracle/jre/lib/amd64/server/libjvm.so
7f5132966000-7f5132a40000 rw-p 00cd2000 08:06 6165313                    /usr/lib/jvm/java-8-oracle/jre/lib/amd64/server/libjvm.so
7f5132a40000-7f5132a8b000 rw-p 00000000 00:00 0 
7f5132a8b000-7f5132c4b000 r-xp 00000000 08:06 6297821                    /lib/x86_64-linux-gnu/libc-2.23.so
7f5132c4b000-7f5132e4b000 ---p 001c0000 08:06 6297821                    /lib/x86_64-linux-gnu/libc-2.23.so
7f5132e4b000-7f5132e4f000 r--p 001c0000 08:06 6297821                    /lib/x86_64-linux-gnu/libc-2.23.so
7f5132e4f000-7f5132e51000 rw-p 001c4000 08:06 6297821                    /lib/x86_64-linux-gnu/libc-2.23.so
7f5132e51000-7f5132e55000 rw-p 00000000 00:00 0 
7f5132e55000-7f5132e58000 r-xp 00000000 08:06 6297586                    /lib/x86_64-linux-gnu/libdl-2.23.so
7f5132e58000-7f5133057000 ---p 00003000 08:06 6297586                    /lib/x86_64-linux-gnu/libdl-2.23.so
7f5133057000-7f5133058000 r--p 00002000 08:06 6297586                    /lib/x86_64-linux-gnu/libdl-2.23.so
7f5133058000-7f5133059000 rw-p 00003000 08:06 6297586                    /lib/x86_64-linux-gnu/libdl-2.23.so
7f5133059000-7f513306e000 r-xp 00000000 08:06 5902092                    /usr/lib/jvm/java-8-oracle/lib/amd64/jli/libjli.so
7f513306e000-7f513326e000 ---p 00015000 08:06 5902092                    /usr/lib/jvm/java-8-oracle/lib/amd64/jli/libjli.so
7f513326e000-7f513326f000 rw-p 00015000 08:06 5902092                    /usr/lib/jvm/java-8-oracle/lib/amd64/jli/libjli.so
7f513326f000-7f5133287000 r-xp 00000000 08:06 6296420                    /lib/x86_64-linux-gnu/libpthread-2.23.so
7f5133287000-7f5133486000 ---p 00018000 08:06 6296420                    /lib/x86_64-linux-gnu/libpthread-2.23.so
7f5133486000-7f5133487000 r--p 00017000 08:06 6296420                    /lib/x86_64-linux-gnu/libpthread-2.23.so
7f5133487000-7f5133488000 rw-p 00018000 08:06 6296420                    /lib/x86_64-linux-gnu/libpthread-2.23.so
7f5133488000-7f513348c000 rw-p 00000000 00:00 0 
7f513348c000-7f51334b2000 r-xp 00000000 08:06 6291482                    /lib/x86_64-linux-gnu/ld-2.23.so
7f51334b2000-7f51334b4000 r--s 00009000 08:06 5780218                    /home/absolute49/slf4j-1.7.25/slf4j-api-1.7.25.jar
7f51334b4000-7f51334b6000 r--s 0000c000 08:06 5780202                    /home/absolute49/slf4j-1.7.25/slf4j-api-1.7.25-sources.jar
7f51334b6000-7f51334b7000 r--s 00007000 08:06 5780325                    /home/absolute49/vlcj-3.10.1/slf4j-api-1.7.10.jar
7f51334b7000-7f513358f000 rw-p 00000000 00:00 0 
7f513358f000-7f5133592000 ---p 00000000 00:00 0 
7f5133592000-7f5133694000 rw-p 00000000 00:00 0 
7f5133694000-7f5133699000 r--s 00031000 08:06 5780320                    /home/absolute49/vlcj-3.10.1/vlcj-3.10.1-test-sources.jar
7f5133699000-7f513369d000 r--s 000dc000 08:06 5780323                    /home/absolute49/vlcj-3.10.1/jna-4.1.0.jar
7f513369d000-7f51336a5000 r--s 000c4000 08:06 8784726                    /home/absolute49/netbeans-8.2/ide/modules/ext/mysql-connector-java-5.1.23-bin.jar
7f51336a5000-7f51336ad000 rw-s 00000000 08:06 10494210                   /tmp/hsperfdata_absolute49/18223
7f51336ad000-7f51336ae000 rw-p 00000000 00:00 0 
7f51336ae000-7f51336af000 r--p 00000000 00:00 0 
7f51336af000-7f51336b1000 rw-p 00000000 00:00 0 
7f51336b1000-7f51336b2000 r--p 00025000 08:06 6291482                    /lib/x86_64-linux-gnu/ld-2.23.so
7f51336b2000-7f51336b3000 rw-p 00026000 08:06 6291482                    /lib/x86_64-linux-gnu/ld-2.23.so
7f51336b3000-7f51336b4000 rw-p 00000000 00:00 0 
7ffec714c000-7ffec716d000 rw-p 00000000 00:00 0                          [stack]
7ffec71f9000-7ffec71fb000 r--p 00000000 00:00 0                          [vvar]
7ffec71fb000-7ffec71fd000 r-xp 00000000 00:00 0                          [vdso]
ffffffffff600000-ffffffffff601000 r-xp 00000000 00:00 0                  [vsyscall]

VM Arguments:
jvm_args: -Dfile.encoding=UTF-8 
java_command: servers.Servers
java_class_path (initial): /home/absolute49/netbeans-8.2/ide/modules/ext/mysql-connector-java-5.1.23-bin.jar:/home/absolute49/vlcj-3.10.1/jna-4.1.0.jar:/home/absolute49/vlcj-3.10.1/jna-platform-4.1.0.jar:/home/absolute49/vlcj-3.10.1/vlcj-3.10.1-javadoc.jar:/home/absolute49/vlcj-3.10.1/vlcj-3.10.1-sources.jar:/home/absolute49/vlcj-3.10.1/vlcj-3.10.1-test-sources.jar:/home/absolute49/vlcj-3.10.1/vlcj-3.10.1-tests.jar:/home/absolute49/vlcj-3.10.1/vlcj-3.10.1.jar:/home/absolute49/slf4j-1.7.25/slf4j-api-1.7.25-sources.jar:/home/absolute49/slf4j-1.7.25/slf4j-api-1.7.25.jar:/home/absolute49/slf4j-1.7.25/slf4j-jdk14-1.7.25-sources.jar:/home/absolute49/slf4j-1.7.25/slf4j-jdk14-1.7.25.jar:/home/absolute49/NetBeansProjects/Servers/build/classes
Launcher Type: SUN_STANDARD

Environment Variables:
JAVA_HOME=/usr/lib/jvm/java-8-oracle
PATH=/home/absolute49/bin:/home/absolute49/.local/bin:/usr/local/sbin:/usr/local/bin:/usr/sbin:/usr/bin:/sbin:/bin:/usr/games:/usr/local/games:/usr/lib/jvm/java-8-oracle/bin:/usr/lib/jvm/java-8-oracle/db/bin:/usr/lib/jvm/java-8-oracle/jre/bin
LD_LIBRARY_PATH=/usr/lib/jvm/java-8-oracle/jre/lib/amd64:/usr/lib/jvm/java-8-oracle/jre/lib/i386:
SHELL=/bin/bash
DISPLAY=:0

Signal Handlers:
SIGSEGV: [libjvm.so+0xacba10], sa_mask[0]=11111111011111111101111111111110, sa_flags=SA_RESTART|SA_SIGINFO
SIGBUS: [libjvm.so+0xacba10], sa_mask[0]=11111111011111111101111111111110, sa_flags=SA_RESTART|SA_SIGINFO
SIGFPE: [libjvm.so+0x924ba0], sa_mask[0]=11111111011111111101111111111110, sa_flags=SA_RESTART|SA_SIGINFO
SIGPIPE: [libjvm.so+0x924ba0], sa_mask[0]=11111111011111111101111111111110, sa_flags=SA_RESTART|SA_SIGINFO
SIGXFSZ: [libjvm.so+0x924ba0], sa_mask[0]=11111111011111111101111111111110, sa_flags=SA_RESTART|SA_SIGINFO
SIGILL: [libjvm.so+0x924ba0], sa_mask[0]=11111111011111111101111111111110, sa_flags=SA_RESTART|SA_SIGINFO
SIGUSR1: SIG_DFL, sa_mask[0]=00000000000000000000000000000000, sa_flags=none
SIGUSR2: [libjvm.so+0x9263e0], sa_mask[0]=00100000000000000000000000000000, sa_flags=SA_RESTART|SA_SIGINFO
SIGHUP: [libjvm.so+0x9277e0], sa_mask[0]=11111111011111111101111111111110, sa_flags=SA_RESTART|SA_SIGINFO
SIGINT: SIG_IGN, sa_mask[0]=00000000000000000000000000000000, sa_flags=none
SIGTERM: [libjvm.so+0x9277e0], sa_mask[0]=11111111011111111101111111111110, sa_flags=SA_RESTART|SA_SIGINFO
SIGQUIT: [libjvm.so+0x9277e0], sa_mask[0]=11111111011111111101111111111110, sa_flags=SA_RESTART|SA_SIGINFO


---------------  S Y S T E M  ---------------

OS:DISTRIB_ID=LinuxMint
DISTRIB_RELEASE=18.2
DISTRIB_CODENAME=sonya
DISTRIB_DESCRIPTION="Linux Mint 18.2 Sonya"

uname:Linux 4.8.0-53-generic #56~16.04.1-Ubuntu SMP Tue May 16 01:18:56 UTC 2017 x86_64
libc:glibc 2.23 NPTL 2.23 
rlimit: STACK 8192k, CORE 0k, NPROC 15309, NOFILE 65536, AS infinity
load average:2.29 4.65 4.48

/proc/meminfo:
MemTotal:        3964496 kB
MemFree:         1412228 kB
MemAvailable:    1627616 kB
Buffers:          132628 kB
Cached:           406476 kB
SwapCached:       359012 kB
Active:          1503820 kB
Inactive:         794060 kB
Active(anon):    1331016 kB
Inactive(anon):   586296 kB
Active(file):     172804 kB
Inactive(file):   207764 kB
Unevictable:          32 kB
Mlocked:              32 kB
SwapTotal:       3999740 kB
SwapFree:        2672124 kB
Dirty:               136 kB
Writeback:             0 kB
AnonPages:       1613356 kB
Mapped:           196980 kB
Shmem:            158452 kB
Slab:             124876 kB
SReclaimable:      83264 kB
SUnreclaim:        41612 kB
KernelStack:       10016 kB
PageTables:        44692 kB
NFS_Unstable:          0 kB
Bounce:                0 kB
WritebackTmp:          0 kB
CommitLimit:     5981988 kB
Committed_AS:    6318932 kB
VmallocTotal:   34359738367 kB
VmallocUsed:           0 kB
VmallocChunk:          0 kB
HardwareCorrupted:     0 kB
AnonHugePages:    393216 kB
ShmemHugePages:        0 kB
ShmemPmdMapped:        0 kB
CmaTotal:              0 kB
CmaFree:               0 kB
HugePages_Total:       0
HugePages_Free:        0
HugePages_Rsvd:        0
HugePages_Surp:        0
Hugepagesize:       2048 kB
DirectMap4k:      463932 kB
DirectMap2M:     3649536 kB
DirectMap1G:     1048576 kB


CPU:total 4 (initial active 4) (2 cores per cpu, 2 threads per core) family 6 model 61 stepping 4, cmov, cx8, fxsr, mmx, sse, sse2, sse3, ssse3, sse4.1, sse4.2, popcnt, avx, avx2, aes, clmul, erms, 3dnowpref, lzcnt, ht, tsc, tscinvbit, bmi1, bmi2, adx

/proc/cpuinfo:
processor	: 0
vendor_id	: GenuineIntel
cpu family	: 6
model		: 61
model name	: Intel(R) Core(TM) i5-5200U CPU @ 2.20GHz
stepping	: 4
microcode	: 0x25
cpu MHz		: 2680.041
cache size	: 3072 KB
physical id	: 0
siblings	: 4
core id		: 0
cpu cores	: 2
apicid		: 0
initial apicid	: 0
fpu		: yes
fpu_exception	: yes
cpuid level	: 20
wp		: yes
flags		: fpu vme de pse tsc msr pae mce cx8 apic sep mtrr pge mca cmov pat pse36 clflush dts acpi mmx fxsr sse sse2 ss ht tm pbe syscall nx pdpe1gb rdtscp lm constant_tsc arch_perfmon pebs bts rep_good nopl xtopology nonstop_tsc aperfmperf eagerfpu pni pclmulqdq dtes64 monitor ds_cpl vmx est tm2 ssse3 sdbg fma cx16 xtpr pdcm pcid sse4_1 sse4_2 x2apic movbe popcnt tsc_deadline_timer aes xsave avx f16c rdrand lahf_lm abm 3dnowprefetch epb intel_pt tpr_shadow vnmi flexpriority ept vpid fsgsbase tsc_adjust bmi1 avx2 smep bmi2 erms invpcid rdseed adx smap xsaveopt dtherm ida arat pln pts
bugs		:
bogomips	: 4389.80
clflush size	: 64
cache_alignment	: 64
address sizes	: 39 bits physical, 48 bits virtual
power management:

processor	: 1
vendor_id	: GenuineIntel
cpu family	: 6
model		: 61
model name	: Intel(R) Core(TM) i5-5200U CPU @ 2.20GHz
stepping	: 4
microcode	: 0x25
cpu MHz		: 2499.975
cache size	: 3072 KB
physical id	: 0
siblings	: 4
core id		: 1
cpu cores	: 2
apicid		: 2
initial apicid	: 2
fpu		: yes
fpu_exception	: yes
cpuid level	: 20
wp		: yes
flags		: fpu vme de pse tsc msr pae mce cx8 apic sep mtrr pge mca cmov pat pse36 clflush dts acpi mmx fxsr sse sse2 ss ht tm pbe syscall nx pdpe1gb rdtscp lm constant_tsc arch_perfmon pebs bts rep_good nopl xtopology nonstop_tsc aperfmperf eagerfpu pni pclmulqdq dtes64 monitor ds_cpl vmx est tm2 ssse3 sdbg fma cx16 xtpr pdcm pcid sse4_1 sse4_2 x2apic movbe popcnt tsc_deadline_timer aes xsave avx f16c rdrand lahf_lm abm 3dnowprefetch epb intel_pt tpr_shadow vnmi flexpriority ept vpid fsgsbase tsc_adjust bmi1 avx2 smep bmi2 erms invpcid rdseed adx smap xsaveopt dtherm ida arat pln pts
bugs		:
bogomips	: 4389.80
clflush size	: 64
cache_alignment	: 64
address sizes	: 39 bits physical, 48 bits virtual
power management:

processor	: 2
vendor_id	: GenuineIntel
cpu family	: 6
model		: 61
model name	: Intel(R) Core(TM) i5-5200U CPU @ 2.20GHz
stepping	: 4
microcode	: 0x25
cpu MHz		: 2652.648
cache size	: 3072 KB
physical id	: 0
siblings	: 4
core id		: 0
cpu cores	: 2
apicid		: 1
initial apicid	: 1
fpu		: yes
fpu_exception	: yes
cpuid level	: 20
wp		: yes
flags		: fpu vme de pse tsc msr pae mce cx8 apic sep mtrr pge mca cmov pat pse36 clflush dts acpi mmx fxsr sse sse2 ss ht tm pbe syscall nx pdpe1gb rdtscp lm constant_tsc arch_perfmon pebs bts rep_good nopl xtopology nonstop_tsc aperfmperf eagerfpu pni pclmulqdq dtes64 monitor ds_cpl vmx est tm2 ssse3 sdbg fma cx16 xtpr pdcm pcid sse4_1 sse4_2 x2apic movbe popcnt tsc_deadline_timer aes xsave avx f16c rdrand lahf_lm abm 3dnowprefetch epb intel_pt tpr_shadow vnmi flexpriority ept vpid fsgsbase tsc_adjust bmi1 avx2 smep bmi2 erms invpcid rdseed adx smap xsaveopt dtherm ida arat pln pts
bugs		:
bogomips	: 4389.80
clflush size	: 64
cache_alignment	: 64
address sizes	: 39 bits physical, 48 bits virtual
power management:

processor	: 3
vendor_id	: GenuineIntel
cpu family	: 6
model		: 61
model name	: Intel(R) Core(TM) i5-5200U CPU @ 2.20GHz
stepping	: 4
microcode	: 0x25
cpu MHz		: 2499.975
cache size	: 3072 KB
physical id	: 0
siblings	: 4
core id		: 1
cpu cores	: 2
apicid		: 3
initial apicid	: 3
fpu		: yes
fpu_exception	: yes
cpuid level	: 20
wp		: yes
flags		: fpu vme de pse tsc msr pae mce cx8 apic sep mtrr pge mca cmov pat pse36 clflush dts acpi mmx fxsr sse sse2 ss ht tm pbe syscall nx pdpe1gb rdtscp lm constant_tsc arch_perfmon pebs bts rep_good nopl xtopology nonstop_tsc aperfmperf eagerfpu pni pclmulqdq dtes64 monitor ds_cpl vmx est tm2 ssse3 sdbg fma cx16 xtpr pdcm pcid sse4_1 sse4_2 x2apic movbe popcnt tsc_deadline_timer aes xsave avx f16c rdrand lahf_lm abm 3dnowprefetch epb intel_pt tpr_shadow vnmi flexpriority ept vpid fsgsbase tsc_adjust bmi1 avx2 smep bmi2 erms invpcid rdseed adx smap xsaveopt dtherm ida arat pln pts
bugs		:
bogomips	: 4389.80
clflush size	: 64
cache_alignment	: 64
address sizes	: 39 bits physical, 48 bits virtual
power management:



Memory: 4k page, physical 3964496k(1412228k free), swap 3999740k(2672124k free)

vm_info: Java HotSpot(TM) 64-Bit Server VM (25.144-b01) for linux-amd64 JRE (1.8.0_144-b01), built on Jul 21 2017 21:57:33 by "java_re" with gcc 4.3.0 20080428 (Red Hat 4.3.0-8)

time: Thu Oct 19 18:45:57 2017
elapsed time: 27 seconds (0d 0h 0m 27s)

