#
# A fatal error has been detected by the Java Runtime Environment:
#
#  SIGSEGV (0xb) at pc=0x00007f474f138719, pid=17296, tid=0x00007f4785bc1700
#
# JRE version: Java(TM) SE Runtime Environment (8.0_144-b01) (build 1.8.0_144-b01)
# Java VM: Java HotSpot(TM) 64-Bit Server VM (25.144-b01 mixed mode linux-amd64 compressed oops)
# Problematic frame:
# C  [libvlccore.so.8+0x97719]
#
# Failed to write core dump. Core dumps have been disabled. To enable core dumping, try "ulimit -c unlimited" before starting Java again
#
# If you would like to submit a bug report, please visit:
#   http://bugreport.java.com/bugreport/crash.jsp
# The crash happened outside the Java Virtual Machine in native code.
# See problematic frame for where to report the bug.
#

---------------  T H R E A D  ---------------

Current thread (0x00007f479816d000):  JavaThread "Thread-0" [_thread_in_native, id=17335, stack(0x00007f4785ac1000,0x00007f4785bc2000)]

siginfo: si_signo: 11 (SIGSEGV), si_code: 1 (SEGV_MAPERR), si_addr: 0x0000000000000000

Registers:
RAX=0x00007f47481a63c8, RBX=0x00007f47481b4e00, RCX=0x0000000000000001, RDX=0x0000000000000001
RSP=0x00007f4785bbed70, RBP=0x00007f47481b4e00, RSI=0x0000000000000001, RDI=0x000000000000000b
R8 =0x00007f47481a63c0, R9 =0x0000000000000001, R10=0x0000000000000007, R11=0x00007f47481a5de0
R12=0x0000000000000000, R13=0x0000000000000001, R14=0x00007f4785bbee70, R15=0x000000000000000b
RIP=0x00007f474f138719, EFLAGS=0x0000000000010202, CSGSFS=0x002b000000000033, ERR=0x0000000000000004
  TRAPNO=0x000000000000000e

Top of Stack: (sp=0x00007f4785bbed70)
0x00007f4785bbed70:   00007f47481a63c0 0000000000000014
0x00007f4785bbed80:   00007f47481a5e90 00007f4785bbee60
0x00007f4785bbed90:   00007f47481a5e90 ffffffff00000000
0x00007f4785bbeda0:   00007f47481b3c30 00007f47a06a553c
0x00007f4785bbedb0:   00007f47481b3bd0 00007f47a06a5184
0x00007f4785bbedc0:   00007f4785bbee70 00007f4785bbee60
0x00007f4785bbedd0:   00007f47481b4e00 00007f47481ba020
0x00007f4785bbede0:   00007f47481a5e90 ffffffff00000000
0x00007f4785bbedf0:   00007f47481b3c30 00007f474f13774c
0x00007f4785bbee00:   00007f474818d8b8 00007f4785bbee70
0x00007f4785bbee10:   00007f47481a63c0 0000000b85bbee40
0x00007f4785bbee20:   00007f4700000000 00007f47481a5e70
0x00007f4785bbee30:   00007f47481a5e90 0000000000000001
0x00007f4785bbee40:   0000000000000000 00007f47a0736836
0x00007f4785bbee50:   00007f4785bbee80 00007f47481a63c0
0x00007f4785bbee60:   00007f4700000291 0000000000000001
0x00007f4785bbee70:   0000000000000000 0000000000000001
0x00007f4785bbee80:   0000000000000000 0000000100000001
0x00007f4785bbee90:   0000000000000000 0000000000000000
0x00007f4785bbeea0:   0000000000000000 0000000000000000
0x00007f4785bbeeb0:   0000000000000000 0000000000000000
0x00007f4785bbeec0:   0000000000000000 0000000000000000
0x00007f4785bbeed0:   0000000000000000 0000000000000000
0x00007f4785bbeee0:   0000000000000000 0000000000000000
0x00007f4785bbeef0:   0000000000000000 0000000000000000
0x00007f4785bbef00:   0000000000000000 0000000000000000
0x00007f4785bbef10:   0000000000000000 0000000000000000
0x00007f4785bbef20:   0000000000000000 0000000000000000
0x00007f4785bbef30:   0000000000000000 0000000000000000
0x00007f4785bbef40:   0000000000000000 0000000000000000
0x00007f4785bbef50:   0000000000000000 0000000000000000
0x00007f4785bbef60:   0000000000000000 0000000000000000 

Instructions: (pc=0x00007f474f138719)
0x00007f474f1386f9:   49 63 f5 45 39 ef 49 8d 04 f0 0f 8e e7 07 00 00
0x00007f474f138709:   45 89 e9 4c 8b 20 45 29 f9 41 f7 d1 41 83 e1 07
0x00007f474f138719:   41 80 3c 24 2d 0f 84 6c 04 00 00 41 83 c5 01 48
0x00007f474f138729:   83 c0 08 45 39 ef 45 89 6e 08 0f 84 bf 02 00 00 

Register to memory mapping:

RAX=0x00007f47481a63c8 is an unknown value
RBX=0x00007f47481b4e00 is an unknown value
RCX=0x0000000000000001 is an unknown value
RDX=0x0000000000000001 is an unknown value
RSP=0x00007f4785bbed70 is pointing into the stack for thread: 0x00007f479816d000
RBP=0x00007f47481b4e00 is an unknown value
RSI=0x0000000000000001 is an unknown value
RDI=0x000000000000000b is an unknown value
R8 =0x00007f47481a63c0 is an unknown value
R9 =0x0000000000000001 is an unknown value
R10=0x0000000000000007 is an unknown value
R11=0x00007f47481a5de0 is an unknown value
R12=0x0000000000000000 is an unknown value
R13=0x0000000000000001 is an unknown value
R14=0x00007f4785bbee70 is pointing into the stack for thread: 0x00007f479816d000
R15=0x000000000000000b is an unknown value


Stack: [0x00007f4785ac1000,0x00007f4785bc2000],  sp=0x00007f4785bbed70,  free space=1015k
Native frames: (J=compiled Java code, j=interpreted, Vv=VM code, C=native code)
C  [libvlccore.so.8+0x97719]

Java frames: (J=compiled Java code, j=interpreted, Vv=VM code)
j  com.sun.jna.Native.invokePointer(JI[Ljava/lang/Object;)J+0
j  com.sun.jna.Function.invokePointer(I[Ljava/lang/Object;)Lcom/sun/jna/Pointer;+6
j  com.sun.jna.Function.invoke([Ljava/lang/Object;Ljava/lang/Class;Z)Ljava/lang/Object;+426
j  com.sun.jna.Function.invoke(Ljava/lang/Class;[Ljava/lang/Object;Ljava/util/Map;)Ljava/lang/Object;+262
j  com.sun.jna.Library$Handler.invoke(Ljava/lang/Object;Ljava/lang/reflect/Method;[Ljava/lang/Object;)Ljava/lang/Object;+316
j  com.sun.proxy.$Proxy1.libvlc_new(I[Ljava/lang/String;)Luk/co/caprica/vlcj/binding/internal/libvlc_instance_t;+23
j  uk.co.caprica.vlcj.player.MediaPlayerFactory.<init>(Luk/co/caprica/vlcj/binding/LibVlc;[Ljava/lang/String;)V+70
j  uk.co.caprica.vlcj.player.MediaPlayerFactory.<init>([Ljava/lang/String;)V+13
j  servers.ClientHandler.run()V+83
v  ~StubRoutines::call_stub

---------------  P R O C E S S  ---------------

Java Threads: ( => current thread )
  0x00007f4748121800 JavaThread "AWT-XAWT" daemon [_thread_in_native, id=17338, stack(0x00007f474f8d9000,0x00007f474f9da000)]
  0x00007f4748108800 JavaThread "Java2D Disposer" daemon [_thread_blocked, id=17337, stack(0x00007f4784084000,0x00007f4784185000)]
=>0x00007f479816d000 JavaThread "Thread-0" [_thread_in_native, id=17335, stack(0x00007f4785ac1000,0x00007f4785bc2000)]
  0x00007f47980c0000 JavaThread "Service Thread" daemon [_thread_blocked, id=17313, stack(0x00007f47861db000,0x00007f47862dc000)]
  0x00007f47980bd000 JavaThread "C1 CompilerThread2" daemon [_thread_blocked, id=17312, stack(0x00007f47862dc000,0x00007f47863dd000)]
  0x00007f47980bb800 JavaThread "C2 CompilerThread1" daemon [_thread_blocked, id=17311, stack(0x00007f47863dd000,0x00007f47864de000)]
  0x00007f47980b8800 JavaThread "C2 CompilerThread0" daemon [_thread_in_native, id=17310, stack(0x00007f47864de000,0x00007f47865df000)]
  0x00007f47980b7000 JavaThread "Signal Dispatcher" daemon [_thread_blocked, id=17309, stack(0x00007f47865df000,0x00007f47866e0000)]
  0x00007f4798084000 JavaThread "Finalizer" daemon [_thread_blocked, id=17308, stack(0x00007f47869b8000,0x00007f4786ab9000)]
  0x00007f479807f800 JavaThread "Reference Handler" daemon [_thread_blocked, id=17307, stack(0x00007f4786ab9000,0x00007f4786bba000)]
  0x00007f479800a000 JavaThread "main" [_thread_in_native, id=17298, stack(0x00007f47a1125000,0x00007f47a1226000)]

Other Threads:
  0x00007f4798078000 VMThread [stack: 0x00007f4786bba000,0x00007f4786cbb000] [id=17306]
  0x00007f47980c3000 WatcherThread [stack: 0x00007f47860da000,0x00007f47861db000] [id=17314]

VM state:not at safepoint (normal execution)

VM Mutex/Monitor currently owned by a thread: None

Heap:
 PSYoungGen      total 18432K, used 10880K [0x00000000ebd80000, 0x00000000ed200000, 0x0000000100000000)
  eden space 15872K, 68% used [0x00000000ebd80000,0x00000000ec820300,0x00000000ecd00000)
  from space 2560K, 0% used [0x00000000ecf80000,0x00000000ecf80000,0x00000000ed200000)
  to   space 2560K, 0% used [0x00000000ecd00000,0x00000000ecd00000,0x00000000ecf80000)
 ParOldGen       total 42496K, used 0K [0x00000000c3800000, 0x00000000c6180000, 0x00000000ebd80000)
  object space 42496K, 0% used [0x00000000c3800000,0x00000000c3800000,0x00000000c6180000)
 Metaspace       used 8056K, capacity 8224K, committed 8448K, reserved 1056768K
  class space    used 885K, capacity 956K, committed 1024K, reserved 1048576K

Card table byte_map: [0x00007f479dcde000,0x00007f479dec3000] byte_map_base: 0x00007f479d6c2000

Marking Bits: (ParMarkBitMap*) 0x00007f47a05f3dc0
 Begin Bits: [0x00007f47871c0000, 0x00007f47880e0000)
 End Bits:   [0x00007f47880e0000, 0x00007f4789000000)

Polling page: 0x00007f47a1244000

CodeCache: size=245760Kb used=2241Kb max_used=2259Kb free=243518Kb
 bounds [0x00007f4789000000, 0x00007f4789270000, 0x00007f4798000000]
 total_blobs=968 nmethods=533 adapters=349
 compilation: enabled

Compilation events (10 events):
Event: 27.067 Thread 0x00007f47980bd000  528       3       java.util.regex.Pattern$Single::isSatisfiedBy (14 bytes)
Event: 27.067 Thread 0x00007f47980bd000 nmethod 528 0x00007f478922a910 code [0x00007f478922aa80, 0x00007f478922ac30]
Event: 27.067 Thread 0x00007f47980bd000  529       3       java.util.regex.Pattern$GroupTail::match (111 bytes)
Event: 27.068 Thread 0x00007f47980bd000 nmethod 529 0x00007f478922ac90 code [0x00007f478922ae20, 0x00007f478922b1e8]
Event: 27.068 Thread 0x00007f47980bd000  531       1       java.util.Calendar::internalSet (8 bytes)
Event: 27.068 Thread 0x00007f47980bd000 nmethod 531 0x00007f478922b4d0 code [0x00007f478922b620, 0x00007f478922b750]
Event: 27.068 Thread 0x00007f47980bd000  530       3       java.lang.String::subSequence (7 bytes)
Event: 27.068 Thread 0x00007f47980bd000 nmethod 530 0x00007f478922b810 code [0x00007f478922b980, 0x00007f478922bb88]
Event: 27.068 Thread 0x00007f47980bd000  532       1       java.util.HashMap$Node::getKey (5 bytes)
Event: 27.068 Thread 0x00007f47980bd000 nmethod 532 0x00007f478922bc10 code [0x00007f478922bd60, 0x00007f478922be70]

GC Heap History (0 events):
No events

Deoptimization events (6 events):
Event: 26.968 Thread 0x00007f479816d000 Uncommon trap: reason=unstable_if action=reinterpret pc=0x00007f47891b93f0 method=java.lang.String.replace(CC)Ljava/lang/String; @ 26
Event: 27.021 Thread 0x00007f479816d000 Uncommon trap: reason=unstable_if action=reinterpret pc=0x00007f478920fd54 method=java.util.HashMap.getNode(ILjava/lang/Object;)Ljava/util/HashMap$Node; @ 129
Event: 27.036 Thread 0x00007f479816d000 Uncommon trap: reason=class_check action=maybe_recompile pc=0x00007f478921a284 method=java.io.DataOutputStream.writeByte(I)V @ 5
Event: 27.036 Thread 0x00007f479816d000 Uncommon trap: reason=class_check action=maybe_recompile pc=0x00007f478921a284 method=java.io.DataOutputStream.writeByte(I)V @ 5
Event: 27.036 Thread 0x00007f479816d000 Uncommon trap: reason=class_check action=maybe_recompile pc=0x00007f478921a284 method=java.io.DataOutputStream.writeByte(I)V @ 5
Event: 27.036 Thread 0x00007f479816d000 Uncommon trap: reason=class_check action=maybe_recompile pc=0x00007f478921a284 method=java.io.DataOutputStream.writeByte(I)V @ 5

Internal exceptions (10 events):
Event: 26.710 Thread 0x00007f479816d000 Exception <a 'java/security/PrivilegedActionException'> (0x00000000ebf2ac08) thrown at [/HUDSON3/workspace/8-2-build-linux-amd64/jdk8u144/9417/hotspot/src/share/vm/prims/jvm.cpp, line 1390]
Event: 26.710 Thread 0x00007f479816d000 Exception <a 'java/security/PrivilegedActionException'> (0x00000000ebf2ae18) thrown at [/HUDSON3/workspace/8-2-build-linux-amd64/jdk8u144/9417/hotspot/src/share/vm/prims/jvm.cpp, line 1390]
Event: 26.781 Thread 0x00007f479816d000 Exception <a 'java/lang/NoSuchFieldError': method resolution failed> (0x00000000ec02d740) thrown at [/HUDSON3/workspace/8-2-build-linux-amd64/jdk8u144/9417/hotspot/src/share/vm/prims/methodHandles.cpp, line 1146]
Event: 26.784 Thread 0x00007f479816d000 Exception <a 'java/lang/NoSuchFieldError': method resolution failed> (0x00000000ec03ab40) thrown at [/HUDSON3/workspace/8-2-build-linux-amd64/jdk8u144/9417/hotspot/src/share/vm/prims/methodHandles.cpp, line 1146]
Event: 26.822 Thread 0x00007f479816d000 Exception <a 'java/io/FileNotFoundException'> (0x00000000ec0c5e98) thrown at [/HUDSON3/workspace/8-2-build-linux-amd64/jdk8u144/9417/hotspot/src/share/vm/prims/jni.cpp, line 709]
Event: 26.822 Thread 0x00007f479816d000 Exception <a 'java/io/FileNotFoundException'> (0x00000000ec0c6870) thrown at [/HUDSON3/workspace/8-2-build-linux-amd64/jdk8u144/9417/hotspot/src/share/vm/prims/jni.cpp, line 709]
Event: 26.924 Thread 0x00007f479816d000 Exception <a 'java/lang/UnsatisfiedLinkError': libX11.so: cannot open shared object file: No such file or directory> (0x00000000ec290a38) thrown at [/HUDSON3/workspace/8-2-build-linux-amd64/jdk8u144/9417/hotspot/src/share/vm/prims/jni.cpp, line 735]
Event: 26.924 Thread 0x00007f479816d000 Exception <a 'java/lang/UnsatisfiedLinkError': libX11.so: cannot open shared object file: No such file or directory> (0x00000000ec291a60) thrown at [/HUDSON3/workspace/8-2-build-linux-amd64/jdk8u144/9417/hotspot/src/share/vm/prims/jni.cpp, line 735]
Event: 26.988 Thread 0x00007f479816d000 Exception <a 'java/lang/UnsatisfiedLinkError': libvlc.so: cannot open shared object file: No such file or directory> (0x00000000ec45cdf8) thrown at [/HUDSON3/workspace/8-2-build-linux-amd64/jdk8u144/9417/hotspot/src/share/vm/prims/jni.cpp, line 735]
Event: 26.988 Thread 0x00007f479816d000 Exception <a 'java/lang/UnsatisfiedLinkError': libvlc.so: cannot open shared object file: No such file or directory> (0x00000000ec45de20) thrown at [/HUDSON3/workspace/8-2-build-linux-amd64/jdk8u144/9417/hotspot/src/share/vm/prims/jni.cpp, line 735]

Events (10 events):
Event: 27.069 loading class com/sun/jna/Function$PostCallRead
Event: 27.069 loading class com/sun/jna/Function$PostCallRead done
Event: 27.069 loading class com/sun/jna/Memory$SharedMemory
Event: 27.069 loading class com/sun/jna/Memory$SharedMemory done
Event: 27.070 loading class com/sun/jna/WeakIdentityHashMap
Event: 27.070 loading class com/sun/jna/WeakIdentityHashMap done
Event: 27.071 loading class com/sun/jna/NativeMappedConverter
Event: 27.071 loading class com/sun/jna/NativeMappedConverter done
Event: 27.071 loading class com/sun/jna/TypeConverter
Event: 27.071 loading class com/sun/jna/TypeConverter done


Dynamic libraries:
00400000-00401000 r-xp 00000000 08:06 6164757                            /usr/lib/jvm/java-8-oracle/bin/java
00600000-00601000 rw-p 00000000 08:06 6164757                            /usr/lib/jvm/java-8-oracle/bin/java
012cf000-012f0000 rw-p 00000000 00:00 0                                  [heap]
c3800000-c6180000 rw-p 00000000 00:00 0 
c6180000-ebd80000 ---p 00000000 00:00 0 
ebd80000-ed200000 rw-p 00000000 00:00 0 
ed200000-100000000 ---p 00000000 00:00 0 
100000000-100100000 rw-p 00000000 00:00 0 
100100000-140000000 ---p 00000000 00:00 0 
7f473c000000-7f473c021000 rw-p 00000000 00:00 0 
7f473c021000-7f4740000000 ---p 00000000 00:00 0 
7f4744000000-7f4744021000 rw-p 00000000 00:00 0 
7f4744021000-7f4748000000 ---p 00000000 00:00 0 
7f4748000000-7f47482fe000 rw-p 00000000 00:00 0 
7f47482fe000-7f474c000000 ---p 00000000 00:00 0 
7f474dff4000-7f474e006000 r-xp 00000000 08:06 6296090                    /lib/x86_64-linux-gnu/libgpg-error.so.0.17.0
7f474e006000-7f474e206000 ---p 00012000 08:06 6296090                    /lib/x86_64-linux-gnu/libgpg-error.so.0.17.0
7f474e206000-7f474e207000 r--p 00012000 08:06 6296090                    /lib/x86_64-linux-gnu/libgpg-error.so.0.17.0
7f474e207000-7f474e208000 rw-p 00013000 08:06 6296090                    /lib/x86_64-linux-gnu/libgpg-error.so.0.17.0
7f474e208000-7f474e276000 r-xp 00000000 08:06 6296175                    /lib/x86_64-linux-gnu/libpcre.so.3.13.2
7f474e276000-7f474e476000 ---p 0006e000 08:06 6296175                    /lib/x86_64-linux-gnu/libpcre.so.3.13.2
7f474e476000-7f474e477000 r--p 0006e000 08:06 6296175                    /lib/x86_64-linux-gnu/libpcre.so.3.13.2
7f474e477000-7f474e478000 rw-p 0006f000 08:06 6296175                    /lib/x86_64-linux-gnu/libpcre.so.3.13.2
7f474e478000-7f474e550000 r-xp 00000000 08:06 6296086                    /lib/x86_64-linux-gnu/libgcrypt.so.20.0.5
7f474e550000-7f474e74f000 ---p 000d8000 08:06 6296086                    /lib/x86_64-linux-gnu/libgcrypt.so.20.0.5
7f474e74f000-7f474e750000 r--p 000d7000 08:06 6296086                    /lib/x86_64-linux-gnu/libgcrypt.so.20.0.5
7f474e750000-7f474e758000 rw-p 000d8000 08:06 6296086                    /lib/x86_64-linux-gnu/libgcrypt.so.20.0.5
7f474e758000-7f474e759000 rw-p 00000000 00:00 0 
7f474e759000-7f474e77a000 r-xp 00000000 08:06 6296113                    /lib/x86_64-linux-gnu/liblzma.so.5.0.0
7f474e77a000-7f474e979000 ---p 00021000 08:06 6296113                    /lib/x86_64-linux-gnu/liblzma.so.5.0.0
7f474e979000-7f474e97a000 r--p 00020000 08:06 6296113                    /lib/x86_64-linux-gnu/liblzma.so.5.0.0
7f474e97a000-7f474e97b000 rw-p 00021000 08:06 6296113                    /lib/x86_64-linux-gnu/liblzma.so.5.0.0
7f474e97b000-7f474e99a000 r-xp 00000000 08:06 6296204                    /lib/x86_64-linux-gnu/libselinux.so.1
7f474e99a000-7f474eb99000 ---p 0001f000 08:06 6296204                    /lib/x86_64-linux-gnu/libselinux.so.1
7f474eb99000-7f474eb9a000 r--p 0001e000 08:06 6296204                    /lib/x86_64-linux-gnu/libselinux.so.1
7f474eb9a000-7f474eb9b000 rw-p 0001f000 08:06 6296204                    /lib/x86_64-linux-gnu/libselinux.so.1
7f474eb9b000-7f474eb9d000 rw-p 00000000 00:00 0 
7f474eb9d000-7f474ec1d000 r-xp 00000000 08:06 6296214                    /lib/x86_64-linux-gnu/libsystemd.so.0.14.0
7f474ec1d000-7f474ec20000 r--p 0007f000 08:06 6296214                    /lib/x86_64-linux-gnu/libsystemd.so.0.14.0
7f474ec20000-7f474ec21000 rw-p 00082000 08:06 6296214                    /lib/x86_64-linux-gnu/libsystemd.so.0.14.0
7f474ec21000-7f474ec22000 rw-p 00000000 00:00 0 
7f474ec22000-7f474ec6c000 r-xp 00000000 08:06 6296062                    /lib/x86_64-linux-gnu/libdbus-1.so.3.14.6
7f474ec6c000-7f474ee6c000 ---p 0004a000 08:06 6296062                    /lib/x86_64-linux-gnu/libdbus-1.so.3.14.6
7f474ee6c000-7f474ee6d000 r--p 0004a000 08:06 6296062                    /lib/x86_64-linux-gnu/libdbus-1.so.3.14.6
7f474ee6d000-7f474ee6e000 rw-p 0004b000 08:06 6296062                    /lib/x86_64-linux-gnu/libdbus-1.so.3.14.6
7f474ee6e000-7f474ee9f000 r-xp 00000000 08:06 4990906                    /usr/lib/x86_64-linux-gnu/libidn.so.11.6.15
7f474ee9f000-7f474f09f000 ---p 00031000 08:06 4990906                    /usr/lib/x86_64-linux-gnu/libidn.so.11.6.15
7f474f09f000-7f474f0a0000 r--p 00031000 08:06 4990906                    /usr/lib/x86_64-linux-gnu/libidn.so.11.6.15
7f474f0a0000-7f474f0a1000 rw-p 00032000 08:06 4990906                    /usr/lib/x86_64-linux-gnu/libidn.so.11.6.15
7f474f0a1000-7f474f19c000 r-xp 00000000 08:06 4992446                    /usr/lib/libvlccore.so.8.0.0
7f474f19c000-7f474f39c000 ---p 000fb000 08:06 4992446                    /usr/lib/libvlccore.so.8.0.0
7f474f39c000-7f474f39f000 r--p 000fb000 08:06 4992446                    /usr/lib/libvlccore.so.8.0.0
7f474f39f000-7f474f3a0000 rw-p 000fe000 08:06 4992446                    /usr/lib/libvlccore.so.8.0.0
7f474f3a0000-7f474f3bf000 r-xp 00000000 08:06 4992448                    /usr/lib/libvlc.so.5.5.0
7f474f3bf000-7f474f5be000 ---p 0001f000 08:06 4992448                    /usr/lib/libvlc.so.5.5.0
7f474f5be000-7f474f5bf000 r--p 0001e000 08:06 4992448                    /usr/lib/libvlc.so.5.5.0
7f474f5bf000-7f474f5c0000 rw-p 0001f000 08:06 4992448                    /usr/lib/libvlc.so.5.5.0
7f474f5c0000-7f474f5d7000 r-xp 00000000 08:06 10494218                   /tmp/jna--1426877892/jna3865486604437464952.tmp (deleted)
7f474f5d7000-7f474f6d6000 ---p 00017000 08:06 10494218                   /tmp/jna--1426877892/jna3865486604437464952.tmp (deleted)
7f474f6d6000-7f474f6d8000 rw-p 00016000 08:06 10494218                   /tmp/jna--1426877892/jna3865486604437464952.tmp (deleted)
7f474f6d8000-7f474f6d9000 r-xp 00000000 08:06 6165299                    /usr/lib/jvm/java-8-oracle/jre/lib/amd64/libjawt.so
7f474f6d9000-7f474f8d8000 ---p 00001000 08:06 6165299                    /usr/lib/jvm/java-8-oracle/jre/lib/amd64/libjawt.so
7f474f8d8000-7f474f8d9000 rw-p 00000000 08:06 6165299                    /usr/lib/jvm/java-8-oracle/jre/lib/amd64/libjawt.so
7f474f8d9000-7f474f8dc000 ---p 00000000 00:00 0 
7f474f8dc000-7f474f9da000 rw-p 00000000 00:00 0 
7f474f9da000-7f474f9df000 r-xp 00000000 08:06 4990177                    /usr/lib/x86_64-linux-gnu/libXfixes.so.3.1.0
7f474f9df000-7f474fbde000 ---p 00005000 08:06 4990177                    /usr/lib/x86_64-linux-gnu/libXfixes.so.3.1.0
7f474fbde000-7f474fbdf000 r--p 00004000 08:06 4990177                    /usr/lib/x86_64-linux-gnu/libXfixes.so.3.1.0
7f474fbdf000-7f474fbe0000 rw-p 00005000 08:06 4990177                    /usr/lib/x86_64-linux-gnu/libXfixes.so.3.1.0
7f474fbe0000-7f474fbe9000 r-xp 00000000 08:06 4990169                    /usr/lib/x86_64-linux-gnu/libXcursor.so.1.0.2
7f474fbe9000-7f474fde8000 ---p 00009000 08:06 4990169                    /usr/lib/x86_64-linux-gnu/libXcursor.so.1.0.2
7f474fde8000-7f474fde9000 r--p 00008000 08:06 4990169                    /usr/lib/x86_64-linux-gnu/libXcursor.so.1.0.2
7f474fde9000-7f474fdea000 rw-p 00009000 08:06 4990169                    /usr/lib/x86_64-linux-gnu/libXcursor.so.1.0.2
7f474fdea000-7f474fe00000 r-xp 00000000 08:06 6296084                    /lib/x86_64-linux-gnu/libgcc_s.so.1
7f474fe00000-7f474ffff000 ---p 00016000 08:06 6296084                    /lib/x86_64-linux-gnu/libgcc_s.so.1
7f474ffff000-7f4750000000 rw-p 00015000 08:06 6296084                    /lib/x86_64-linux-gnu/libgcc_s.so.1
7f4750000000-7f4750021000 rw-p 00000000 00:00 0 
7f4750021000-7f4754000000 ---p 00000000 00:00 0 
7f4754000000-7f4754021000 rw-p 00000000 00:00 0 
7f4754021000-7f4758000000 ---p 00000000 00:00 0 
7f4758000000-7f475812a000 rw-p 00000000 00:00 0 
7f475812a000-7f475c000000 ---p 00000000 00:00 0 
7f475c000000-7f475c281000 rw-p 00000000 00:00 0 
7f475c281000-7f4760000000 ---p 00000000 00:00 0 
7f4760000000-7f4760021000 rw-p 00000000 00:00 0 
7f4760021000-7f4764000000 ---p 00000000 00:00 0 
7f4764000000-7f4764209000 rw-p 00000000 00:00 0 
7f4764209000-7f4768000000 ---p 00000000 00:00 0 
7f4768000000-7f4768021000 rw-p 00000000 00:00 0 
7f4768021000-7f476c000000 ---p 00000000 00:00 0 
7f476c000000-7f476c021000 rw-p 00000000 00:00 0 
7f476c021000-7f4770000000 ---p 00000000 00:00 0 
7f4770000000-7f4770021000 rw-p 00000000 00:00 0 
7f4770021000-7f4774000000 ---p 00000000 00:00 0 
7f4774000000-7f4774021000 rw-p 00000000 00:00 0 
7f4774021000-7f4778000000 ---p 00000000 00:00 0 
7f4778000000-7f4778021000 rw-p 00000000 00:00 0 
7f4778021000-7f477c000000 ---p 00000000 00:00 0 
7f477c000000-7f477c021000 rw-p 00000000 00:00 0 
7f477c021000-7f4780000000 ---p 00000000 00:00 0 
7f4780000000-7f4780021000 rw-p 00000000 00:00 0 
7f4780021000-7f4784000000 ---p 00000000 00:00 0 
7f4784084000-7f4784087000 ---p 00000000 00:00 0 
7f4784087000-7f4784185000 rw-p 00000000 00:00 0 
7f4784185000-7f47841ea000 r-xp 00000000 08:06 6165272                    /usr/lib/jvm/java-8-oracle/jre/lib/amd64/libfontmanager.so
7f47841ea000-7f47843e9000 ---p 00065000 08:06 6165272                    /usr/lib/jvm/java-8-oracle/jre/lib/amd64/libfontmanager.so
7f47843e9000-7f47843ee000 rw-p 00064000 08:06 6165272                    /usr/lib/jvm/java-8-oracle/jre/lib/amd64/libfontmanager.so
7f47843ee000-7f47843fe000 rw-p 00000000 00:00 0 
7f47843fe000-7f4784403000 r-xp 00000000 08:06 4990173                    /usr/lib/x86_64-linux-gnu/libXdmcp.so.6.0.0
7f4784403000-7f4784602000 ---p 00005000 08:06 4990173                    /usr/lib/x86_64-linux-gnu/libXdmcp.so.6.0.0
7f4784602000-7f4784603000 r--p 00004000 08:06 4990173                    /usr/lib/x86_64-linux-gnu/libXdmcp.so.6.0.0
7f4784603000-7f4784604000 rw-p 00005000 08:06 4990173                    /usr/lib/x86_64-linux-gnu/libXdmcp.so.6.0.0
7f4784604000-7f4784606000 r-xp 00000000 08:06 4990162                    /usr/lib/x86_64-linux-gnu/libXau.so.6.0.0
7f4784606000-7f4784806000 ---p 00002000 08:06 4990162                    /usr/lib/x86_64-linux-gnu/libXau.so.6.0.0
7f4784806000-7f4784807000 r--p 00002000 08:06 4990162                    /usr/lib/x86_64-linux-gnu/libXau.so.6.0.0
7f4784807000-7f4784808000 rw-p 00003000 08:06 4990162                    /usr/lib/x86_64-linux-gnu/libXau.so.6.0.0
7f4784808000-7f4784829000 r-xp 00000000 08:06 4991590                    /usr/lib/x86_64-linux-gnu/libxcb.so.1.1.0
7f4784829000-7f4784a28000 ---p 00021000 08:06 4991590                    /usr/lib/x86_64-linux-gnu/libxcb.so.1.1.0
7f4784a28000-7f4784a29000 r--p 00020000 08:06 4991590                    /usr/lib/x86_64-linux-gnu/libxcb.so.1.1.0
7f4784a29000-7f4784a2a000 rw-p 00021000 08:06 4991590                    /usr/lib/x86_64-linux-gnu/libxcb.so.1.1.0
7f4784a2a000-7f4784a39000 r-xp 00000000 08:06 4990183                    /usr/lib/x86_64-linux-gnu/libXi.so.6.1.0
7f4784a39000-7f4784c38000 ---p 0000f000 08:06 4990183                    /usr/lib/x86_64-linux-gnu/libXi.so.6.1.0
7f4784c38000-7f4784c39000 r--p 0000e000 08:06 4990183                    /usr/lib/x86_64-linux-gnu/libXi.so.6.1.0
7f4784c39000-7f4784c3a000 rw-p 0000f000 08:06 4990183                    /usr/lib/x86_64-linux-gnu/libXi.so.6.1.0
7f4784c3a000-7f4784c3f000 r-xp 00000000 08:06 4990201                    /usr/lib/x86_64-linux-gnu/libXtst.so.6.1.0
7f4784c3f000-7f4784e3e000 ---p 00005000 08:06 4990201                    /usr/lib/x86_64-linux-gnu/libXtst.so.6.1.0
7f4784e3e000-7f4784e3f000 r--p 00004000 08:06 4990201                    /usr/lib/x86_64-linux-gnu/libXtst.so.6.1.0
7f4784e3f000-7f4784e40000 rw-p 00005000 08:06 4990201                    /usr/lib/x86_64-linux-gnu/libXtst.so.6.1.0
7f4784e40000-7f4784e49000 r-xp 00000000 08:06 4990195                    /usr/lib/x86_64-linux-gnu/libXrender.so.1.3.0
7f4784e49000-7f4785048000 ---p 00009000 08:06 4990195                    /usr/lib/x86_64-linux-gnu/libXrender.so.1.3.0
7f4785048000-7f4785049000 r--p 00008000 08:06 4990195                    /usr/lib/x86_64-linux-gnu/libXrender.so.1.3.0
7f4785049000-7f478504a000 rw-p 00009000 08:06 4990195                    /usr/lib/x86_64-linux-gnu/libXrender.so.1.3.0
7f478504a000-7f478517f000 r-xp 00000000 08:06 4990158                    /usr/lib/x86_64-linux-gnu/libX11.so.6.3.0
7f478517f000-7f478537f000 ---p 00135000 08:06 4990158                    /usr/lib/x86_64-linux-gnu/libX11.so.6.3.0
7f478537f000-7f4785380000 r--p 00135000 08:06 4990158                    /usr/lib/x86_64-linux-gnu/libX11.so.6.3.0
7f4785380000-7f4785384000 rw-p 00136000 08:06 4990158                    /usr/lib/x86_64-linux-gnu/libX11.so.6.3.0
7f4785384000-7f4785395000 r-xp 00000000 08:06 4990175                    /usr/lib/x86_64-linux-gnu/libXext.so.6.4.0
7f4785395000-7f4785594000 ---p 00011000 08:06 4990175                    /usr/lib/x86_64-linux-gnu/libXext.so.6.4.0
7f4785594000-7f4785595000 r--p 00010000 08:06 4990175                    /usr/lib/x86_64-linux-gnu/libXext.so.6.4.0
7f4785595000-7f4785596000 rw-p 00011000 08:06 4990175                    /usr/lib/x86_64-linux-gnu/libXext.so.6.4.0
7f4785596000-7f47855ea000 r-xp 00000000 08:06 6165280                    /usr/lib/jvm/java-8-oracle/jre/lib/amd64/libawt_xawt.so
7f47855ea000-7f47857ea000 ---p 00054000 08:06 6165280                    /usr/lib/jvm/java-8-oracle/jre/lib/amd64/libawt_xawt.so
7f47857ea000-7f47857ee000 rw-p 00054000 08:06 6165280                    /usr/lib/jvm/java-8-oracle/jre/lib/amd64/libawt_xawt.so
7f47857ee000-7f47857ef000 rw-p 00000000 00:00 0 
7f47857ef000-7f4785891000 r-xp 00000000 08:06 6165307                    /usr/lib/jvm/java-8-oracle/jre/lib/amd64/libawt.so
7f4785891000-7f4785a91000 ---p 000a2000 08:06 6165307                    /usr/lib/jvm/java-8-oracle/jre/lib/amd64/libawt.so
7f4785a91000-7f4785a9d000 rw-p 000a2000 08:06 6165307                    /usr/lib/jvm/java-8-oracle/jre/lib/amd64/libawt.so
7f4785a9d000-7f4785ac1000 rw-p 00000000 00:00 0 
7f4785ac1000-7f4785ac4000 ---p 00000000 00:00 0 
7f4785ac4000-7f4785ec3000 rw-p 00000000 00:00 0 
7f4785ec3000-7f4785ed9000 r-xp 00000000 08:06 6165253                    /usr/lib/jvm/java-8-oracle/jre/lib/amd64/libnet.so
7f4785ed9000-7f47860d9000 ---p 00016000 08:06 6165253                    /usr/lib/jvm/java-8-oracle/jre/lib/amd64/libnet.so
7f47860d9000-7f47860da000 rw-p 00016000 08:06 6165253                    /usr/lib/jvm/java-8-oracle/jre/lib/amd64/libnet.so
7f47860da000-7f47860db000 ---p 00000000 00:00 0 
7f47860db000-7f47861db000 rw-p 00000000 00:00 0 
7f47861db000-7f47861de000 ---p 00000000 00:00 0 
7f47861de000-7f47862dc000 rw-p 00000000 00:00 0 
7f47862dc000-7f47862df000 ---p 00000000 00:00 0 
7f47862df000-7f47863dd000 rw-p 00000000 00:00 0 
7f47863dd000-7f47863e0000 ---p 00000000 00:00 0 
7f47863e0000-7f47864de000 rw-p 00000000 00:00 0 
7f47864de000-7f47864e1000 ---p 00000000 00:00 0 
7f47864e1000-7f47865df000 rw-p 00000000 00:00 0 
7f47865df000-7f47865e2000 ---p 00000000 00:00 0 
7f47865e2000-7f47866e0000 rw-p 00000000 00:00 0 
7f47866e0000-7f47869b8000 r--p 00000000 08:06 4988855                    /usr/lib/locale/locale-archive
7f47869b8000-7f47869bb000 ---p 00000000 00:00 0 
7f47869bb000-7f4786ab9000 rw-p 00000000 00:00 0 
7f4786ab9000-7f4786abc000 ---p 00000000 00:00 0 
7f4786abc000-7f4786bba000 rw-p 00000000 00:00 0 
7f4786bba000-7f4786bbb000 ---p 00000000 00:00 0 
7f4786bbb000-7f4789000000 rw-p 00000000 00:00 0 
7f4789000000-7f4789270000 rwxp 00000000 00:00 0 
7f4789270000-7f4798000000 ---p 00000000 00:00 0 
7f4798000000-7f4798172000 rw-p 00000000 00:00 0 
7f4798172000-7f479c000000 ---p 00000000 00:00 0 
7f479c02d000-7f479c032000 r--s 0009a000 08:06 6164783                    /usr/lib/jvm/java-8-oracle/jre/lib/jsse.jar
7f479c032000-7f479c04e000 r--s 00393000 08:06 6165360                    /usr/lib/jvm/java-8-oracle/jre/lib/ext/cldrdata.jar
7f479c04e000-7f479c058000 r--s 00116000 08:06 6165357                    /usr/lib/jvm/java-8-oracle/jre/lib/ext/localedata.jar
7f479c058000-7f479c05d000 r--s 002f9000 08:06 6164784                    /usr/lib/jvm/java-8-oracle/jre/lib/charsets.jar
7f479c05d000-7f479c05f000 r--s 00001000 08:06 5780244                    /home/absolute49/slf4j-1.7.25/slf4j-jdk14-1.7.25.jar
7f479c05f000-7f479c060000 r--s 00002000 08:06 5780238                    /home/absolute49/slf4j-1.7.25/slf4j-jdk14-1.7.25-sources.jar
7f479c060000-7f479c06c000 r--s 00057000 08:06 5780322                    /home/absolute49/vlcj-3.10.1/vlcj-3.10.1.jar
7f479c06c000-7f479c076000 r--s 00059000 08:06 5780319                    /home/absolute49/vlcj-3.10.1/vlcj-3.10.1-tests.jar
7f479c076000-7f479c081000 r--s 00062000 08:06 5780318                    /home/absolute49/vlcj-3.10.1/vlcj-3.10.1-sources.jar
7f479c081000-7f479c096000 r--s 001c3000 08:06 5780321                    /home/absolute49/vlcj-3.10.1/vlcj-3.10.1-javadoc.jar
7f479c096000-7f479c0a7000 r--s 00155000 08:06 5780324                    /home/absolute49/vlcj-3.10.1/jna-platform-4.1.0.jar
7f479c0a7000-7f479cb63000 rw-p 00000000 00:00 0 
7f479cb63000-7f479cd3d000 r--s 03d4d000 08:06 6165245                    /usr/lib/jvm/java-8-oracle/jre/lib/rt.jar
7f479cd3d000-7f479d4f3000 rw-p 00000000 00:00 0 
7f479d4f3000-7f479d5b3000 ---p 00000000 00:00 0 
7f479d5b3000-7f479d797000 rw-p 00000000 00:00 0 
7f479d797000-7f479d798000 ---p 00000000 00:00 0 
7f479d798000-7f479d898000 rw-p 00000000 00:00 0 
7f479d898000-7f479d899000 ---p 00000000 00:00 0 
7f479d899000-7f479d999000 rw-p 00000000 00:00 0 
7f479d999000-7f479d99a000 ---p 00000000 00:00 0 
7f479d99a000-7f479da9a000 rw-p 00000000 00:00 0 
7f479da9a000-7f479da9b000 ---p 00000000 00:00 0 
7f479da9b000-7f479dbb0000 rw-p 00000000 00:00 0 
7f479dbb0000-7f479dcde000 ---p 00000000 00:00 0 
7f479dcde000-7f479dcf3000 rw-p 00000000 00:00 0 
7f479dcf3000-7f479de20000 ---p 00000000 00:00 0 
7f479de20000-7f479de2b000 rw-p 00000000 00:00 0 
7f479de2b000-7f479dec2000 ---p 00000000 00:00 0 
7f479dec2000-7f479decd000 rw-p 00000000 00:00 0 
7f479decd000-7f479e283000 ---p 00000000 00:00 0 
7f479e283000-7f479e29d000 r-xp 00000000 08:06 6165276                    /usr/lib/jvm/java-8-oracle/jre/lib/amd64/libzip.so
7f479e29d000-7f479e49d000 ---p 0001a000 08:06 6165276                    /usr/lib/jvm/java-8-oracle/jre/lib/amd64/libzip.so
7f479e49d000-7f479e49e000 rw-p 0001a000 08:06 6165276                    /usr/lib/jvm/java-8-oracle/jre/lib/amd64/libzip.so
7f479e49e000-7f479e4a9000 r-xp 00000000 08:06 6296418                    /lib/x86_64-linux-gnu/libnss_files-2.23.so
7f479e4a9000-7f479e6a8000 ---p 0000b000 08:06 6296418                    /lib/x86_64-linux-gnu/libnss_files-2.23.so
7f479e6a8000-7f479e6a9000 r--p 0000a000 08:06 6296418                    /lib/x86_64-linux-gnu/libnss_files-2.23.so
7f479e6a9000-7f479e6aa000 rw-p 0000b000 08:06 6296418                    /lib/x86_64-linux-gnu/libnss_files-2.23.so
7f479e6aa000-7f479e6b0000 rw-p 00000000 00:00 0 
7f479e6b0000-7f479e6bb000 r-xp 00000000 08:06 6297020                    /lib/x86_64-linux-gnu/libnss_nis-2.23.so
7f479e6bb000-7f479e8ba000 ---p 0000b000 08:06 6297020                    /lib/x86_64-linux-gnu/libnss_nis-2.23.so
7f479e8ba000-7f479e8bb000 r--p 0000a000 08:06 6297020                    /lib/x86_64-linux-gnu/libnss_nis-2.23.so
7f479e8bb000-7f479e8bc000 rw-p 0000b000 08:06 6297020                    /lib/x86_64-linux-gnu/libnss_nis-2.23.so
7f479e8bc000-7f479e8d2000 r-xp 00000000 08:06 6291471                    /lib/x86_64-linux-gnu/libnsl-2.23.so
7f479e8d2000-7f479ead1000 ---p 00016000 08:06 6291471                    /lib/x86_64-linux-gnu/libnsl-2.23.so
7f479ead1000-7f479ead2000 r--p 00015000 08:06 6291471                    /lib/x86_64-linux-gnu/libnsl-2.23.so
7f479ead2000-7f479ead3000 rw-p 00016000 08:06 6291471                    /lib/x86_64-linux-gnu/libnsl-2.23.so
7f479ead3000-7f479ead5000 rw-p 00000000 00:00 0 
7f479ead5000-7f479eadd000 r-xp 00000000 08:06 6297587                    /lib/x86_64-linux-gnu/libnss_compat-2.23.so
7f479eadd000-7f479ecdc000 ---p 00008000 08:06 6297587                    /lib/x86_64-linux-gnu/libnss_compat-2.23.so
7f479ecdc000-7f479ecdd000 r--p 00007000 08:06 6297587                    /lib/x86_64-linux-gnu/libnss_compat-2.23.so
7f479ecdd000-7f479ecde000 rw-p 00008000 08:06 6297587                    /lib/x86_64-linux-gnu/libnss_compat-2.23.so
7f479ecde000-7f479ed09000 r-xp 00000000 08:06 6165301                    /usr/lib/jvm/java-8-oracle/jre/lib/amd64/libjava.so
7f479ed09000-7f479ef08000 ---p 0002b000 08:06 6165301                    /usr/lib/jvm/java-8-oracle/jre/lib/amd64/libjava.so
7f479ef08000-7f479ef0a000 rw-p 0002a000 08:06 6165301                    /usr/lib/jvm/java-8-oracle/jre/lib/amd64/libjava.so
7f479ef0a000-7f479ef17000 r-xp 00000000 08:06 6165254                    /usr/lib/jvm/java-8-oracle/jre/lib/amd64/libverify.so
7f479ef17000-7f479f117000 ---p 0000d000 08:06 6165254                    /usr/lib/jvm/java-8-oracle/jre/lib/amd64/libverify.so
7f479f117000-7f479f119000 rw-p 0000d000 08:06 6165254                    /usr/lib/jvm/java-8-oracle/jre/lib/amd64/libverify.so
7f479f119000-7f479f120000 r-xp 00000000 08:06 6297583                    /lib/x86_64-linux-gnu/librt-2.23.so
7f479f120000-7f479f31f000 ---p 00007000 08:06 6297583                    /lib/x86_64-linux-gnu/librt-2.23.so
7f479f31f000-7f479f320000 r--p 00006000 08:06 6297583                    /lib/x86_64-linux-gnu/librt-2.23.so
7f479f320000-7f479f321000 rw-p 00007000 08:06 6297583                    /lib/x86_64-linux-gnu/librt-2.23.so
7f479f321000-7f479f429000 r-xp 00000000 08:06 6297816                    /lib/x86_64-linux-gnu/libm-2.23.so
7f479f429000-7f479f628000 ---p 00108000 08:06 6297816                    /lib/x86_64-linux-gnu/libm-2.23.so
7f479f628000-7f479f629000 r--p 00107000 08:06 6297816                    /lib/x86_64-linux-gnu/libm-2.23.so
7f479f629000-7f479f62a000 rw-p 00108000 08:06 6297816                    /lib/x86_64-linux-gnu/libm-2.23.so
7f479f62a000-7f47a02fd000 r-xp 00000000 08:06 6165313                    /usr/lib/jvm/java-8-oracle/jre/lib/amd64/server/libjvm.so
7f47a02fd000-7f47a04fc000 ---p 00cd3000 08:06 6165313                    /usr/lib/jvm/java-8-oracle/jre/lib/amd64/server/libjvm.so
7f47a04fc000-7f47a05d6000 rw-p 00cd2000 08:06 6165313                    /usr/lib/jvm/java-8-oracle/jre/lib/amd64/server/libjvm.so
7f47a05d6000-7f47a0621000 rw-p 00000000 00:00 0 
7f47a0621000-7f47a07e1000 r-xp 00000000 08:06 6297821                    /lib/x86_64-linux-gnu/libc-2.23.so
7f47a07e1000-7f47a09e1000 ---p 001c0000 08:06 6297821                    /lib/x86_64-linux-gnu/libc-2.23.so
7f47a09e1000-7f47a09e5000 r--p 001c0000 08:06 6297821                    /lib/x86_64-linux-gnu/libc-2.23.so
7f47a09e5000-7f47a09e7000 rw-p 001c4000 08:06 6297821                    /lib/x86_64-linux-gnu/libc-2.23.so
7f47a09e7000-7f47a09eb000 rw-p 00000000 00:00 0 
7f47a09eb000-7f47a09ee000 r-xp 00000000 08:06 6297586                    /lib/x86_64-linux-gnu/libdl-2.23.so
7f47a09ee000-7f47a0bed000 ---p 00003000 08:06 6297586                    /lib/x86_64-linux-gnu/libdl-2.23.so
7f47a0bed000-7f47a0bee000 r--p 00002000 08:06 6297586                    /lib/x86_64-linux-gnu/libdl-2.23.so
7f47a0bee000-7f47a0bef000 rw-p 00003000 08:06 6297586                    /lib/x86_64-linux-gnu/libdl-2.23.so
7f47a0bef000-7f47a0c04000 r-xp 00000000 08:06 5902092                    /usr/lib/jvm/java-8-oracle/lib/amd64/jli/libjli.so
7f47a0c04000-7f47a0e04000 ---p 00015000 08:06 5902092                    /usr/lib/jvm/java-8-oracle/lib/amd64/jli/libjli.so
7f47a0e04000-7f47a0e05000 rw-p 00015000 08:06 5902092                    /usr/lib/jvm/java-8-oracle/lib/amd64/jli/libjli.so
7f47a0e05000-7f47a0e1d000 r-xp 00000000 08:06 6296420                    /lib/x86_64-linux-gnu/libpthread-2.23.so
7f47a0e1d000-7f47a101c000 ---p 00018000 08:06 6296420                    /lib/x86_64-linux-gnu/libpthread-2.23.so
7f47a101c000-7f47a101d000 r--p 00017000 08:06 6296420                    /lib/x86_64-linux-gnu/libpthread-2.23.so
7f47a101d000-7f47a101e000 rw-p 00018000 08:06 6296420                    /lib/x86_64-linux-gnu/libpthread-2.23.so
7f47a101e000-7f47a1022000 rw-p 00000000 00:00 0 
7f47a1022000-7f47a1048000 r-xp 00000000 08:06 6291482                    /lib/x86_64-linux-gnu/ld-2.23.so
7f47a1048000-7f47a104a000 r--s 00009000 08:06 5780218                    /home/absolute49/slf4j-1.7.25/slf4j-api-1.7.25.jar
7f47a104a000-7f47a104c000 r--s 0000c000 08:06 5780202                    /home/absolute49/slf4j-1.7.25/slf4j-api-1.7.25-sources.jar
7f47a104c000-7f47a104d000 r--s 00007000 08:06 5780325                    /home/absolute49/vlcj-3.10.1/slf4j-api-1.7.10.jar
7f47a104d000-7f47a1125000 rw-p 00000000 00:00 0 
7f47a1125000-7f47a1128000 ---p 00000000 00:00 0 
7f47a1128000-7f47a122a000 rw-p 00000000 00:00 0 
7f47a122a000-7f47a122f000 r--s 00031000 08:06 5780320                    /home/absolute49/vlcj-3.10.1/vlcj-3.10.1-test-sources.jar
7f47a122f000-7f47a1233000 r--s 000dc000 08:06 5780323                    /home/absolute49/vlcj-3.10.1/jna-4.1.0.jar
7f47a1233000-7f47a123b000 r--s 000c4000 08:06 8784726                    /home/absolute49/netbeans-8.2/ide/modules/ext/mysql-connector-java-5.1.23-bin.jar
7f47a123b000-7f47a1243000 rw-s 00000000 08:06 10494216                   /tmp/hsperfdata_absolute49/17296
7f47a1243000-7f47a1244000 rw-p 00000000 00:00 0 
7f47a1244000-7f47a1245000 r--p 00000000 00:00 0 
7f47a1245000-7f47a1247000 rw-p 00000000 00:00 0 
7f47a1247000-7f47a1248000 r--p 00025000 08:06 6291482                    /lib/x86_64-linux-gnu/ld-2.23.so
7f47a1248000-7f47a1249000 rw-p 00026000 08:06 6291482                    /lib/x86_64-linux-gnu/ld-2.23.so
7f47a1249000-7f47a124a000 rw-p 00000000 00:00 0 
7ffe0d3b2000-7ffe0d3d3000 rw-p 00000000 00:00 0                          [stack]
7ffe0d3e6000-7ffe0d3e8000 r--p 00000000 00:00 0                          [vvar]
7ffe0d3e8000-7ffe0d3ea000 r-xp 00000000 00:00 0                          [vdso]
ffffffffff600000-ffffffffff601000 r-xp 00000000 00:00 0                  [vsyscall]

VM Arguments:
jvm_args: -Dfile.encoding=UTF-8 
java_command: servers.Servers
java_class_path (initial): /home/absolute49/netbeans-8.2/ide/modules/ext/mysql-connector-java-5.1.23-bin.jar:/home/absolute49/vlcj-3.10.1/jna-4.1.0.jar:/home/absolute49/vlcj-3.10.1/jna-platform-4.1.0.jar:/home/absolute49/vlcj-3.10.1/vlcj-3.10.1-javadoc.jar:/home/absolute49/vlcj-3.10.1/vlcj-3.10.1-sources.jar:/home/absolute49/vlcj-3.10.1/vlcj-3.10.1-test-sources.jar:/home/absolute49/vlcj-3.10.1/vlcj-3.10.1-tests.jar:/home/absolute49/vlcj-3.10.1/vlcj-3.10.1.jar:/home/absolute49/slf4j-1.7.25/slf4j-api-1.7.25-sources.jar:/home/absolute49/slf4j-1.7.25/slf4j-api-1.7.25.jar:/home/absolute49/slf4j-1.7.25/slf4j-jdk14-1.7.25-sources.jar:/home/absolute49/slf4j-1.7.25/slf4j-jdk14-1.7.25.jar:/home/absolute49/NetBeansProjects/Servers/build/classes
Launcher Type: SUN_STANDARD

Environment Variables:
JAVA_HOME=/usr/lib/jvm/java-8-oracle
PATH=/home/absolute49/bin:/home/absolute49/.local/bin:/usr/local/sbin:/usr/local/bin:/usr/sbin:/usr/bin:/sbin:/bin:/usr/games:/usr/local/games:/usr/lib/jvm/java-8-oracle/bin:/usr/lib/jvm/java-8-oracle/db/bin:/usr/lib/jvm/java-8-oracle/jre/bin
LD_LIBRARY_PATH=/usr/lib/jvm/java-8-oracle/jre/lib/amd64:/usr/lib/jvm/java-8-oracle/jre/lib/i386:
SHELL=/bin/bash
DISPLAY=:0

Signal Handlers:
SIGSEGV: [libjvm.so+0xacba10], sa_mask[0]=11111111011111111101111111111110, sa_flags=SA_RESTART|SA_SIGINFO
SIGBUS: [libjvm.so+0xacba10], sa_mask[0]=11111111011111111101111111111110, sa_flags=SA_RESTART|SA_SIGINFO
SIGFPE: [libjvm.so+0x924ba0], sa_mask[0]=11111111011111111101111111111110, sa_flags=SA_RESTART|SA_SIGINFO
SIGPIPE: [libjvm.so+0x924ba0], sa_mask[0]=11111111011111111101111111111110, sa_flags=SA_RESTART|SA_SIGINFO
SIGXFSZ: [libjvm.so+0x924ba0], sa_mask[0]=11111111011111111101111111111110, sa_flags=SA_RESTART|SA_SIGINFO
SIGILL: [libjvm.so+0x924ba0], sa_mask[0]=11111111011111111101111111111110, sa_flags=SA_RESTART|SA_SIGINFO
SIGUSR1: SIG_DFL, sa_mask[0]=00000000000000000000000000000000, sa_flags=none
SIGUSR2: [libjvm.so+0x9263e0], sa_mask[0]=00100000000000000000000000000000, sa_flags=SA_RESTART|SA_SIGINFO
SIGHUP: [libjvm.so+0x9277e0], sa_mask[0]=11111111011111111101111111111110, sa_flags=SA_RESTART|SA_SIGINFO
SIGINT: SIG_IGN, sa_mask[0]=00000000000000000000000000000000, sa_flags=none
SIGTERM: [libjvm.so+0x9277e0], sa_mask[0]=11111111011111111101111111111110, sa_flags=SA_RESTART|SA_SIGINFO
SIGQUIT: [libjvm.so+0x9277e0], sa_mask[0]=11111111011111111101111111111110, sa_flags=SA_RESTART|SA_SIGINFO


---------------  S Y S T E M  ---------------

OS:DISTRIB_ID=LinuxMint
DISTRIB_RELEASE=18.2
DISTRIB_CODENAME=sonya
DISTRIB_DESCRIPTION="Linux Mint 18.2 Sonya"

uname:Linux 4.8.0-53-generic #56~16.04.1-Ubuntu SMP Tue May 16 01:18:56 UTC 2017 x86_64
libc:glibc 2.23 NPTL 2.23 
rlimit: STACK 8192k, CORE 0k, NPROC 15309, NOFILE 65536, AS infinity
load average:1.36 1.73 1.81

/proc/meminfo:
MemTotal:        3964496 kB
MemFree:          360380 kB
MemAvailable:    1041776 kB
Buffers:           88164 kB
Cached:          1010208 kB
SwapCached:        40324 kB
Active:          2493824 kB
Inactive:         863472 kB
Active(anon):    2003480 kB
Inactive(anon):   501788 kB
Active(file):     490344 kB
Inactive(file):   361684 kB
Unevictable:          32 kB
Mlocked:              32 kB
SwapTotal:       3999740 kB
SwapFree:        3575248 kB
Dirty:               172 kB
Writeback:             0 kB
AnonPages:       2220848 kB
Mapped:           319512 kB
Shmem:            246344 kB
Slab:             114260 kB
SReclaimable:      72360 kB
SUnreclaim:        41900 kB
KernelStack:       10320 kB
PageTables:        45104 kB
NFS_Unstable:          0 kB
Bounce:                0 kB
WritebackTmp:          0 kB
CommitLimit:     5981988 kB
Committed_AS:    6465884 kB
VmallocTotal:   34359738367 kB
VmallocUsed:           0 kB
VmallocChunk:          0 kB
HardwareCorrupted:     0 kB
AnonHugePages:    761856 kB
ShmemHugePages:        0 kB
ShmemPmdMapped:        0 kB
CmaTotal:              0 kB
CmaFree:               0 kB
HugePages_Total:       0
HugePages_Free:        0
HugePages_Rsvd:        0
HugePages_Surp:        0
Hugepagesize:       2048 kB
DirectMap4k:      463932 kB
DirectMap2M:     3649536 kB
DirectMap1G:     1048576 kB


CPU:total 4 (initial active 4) (2 cores per cpu, 2 threads per core) family 6 model 61 stepping 4, cmov, cx8, fxsr, mmx, sse, sse2, sse3, ssse3, sse4.1, sse4.2, popcnt, avx, avx2, aes, clmul, erms, 3dnowpref, lzcnt, ht, tsc, tscinvbit, bmi1, bmi2, adx

/proc/cpuinfo:
processor	: 0
vendor_id	: GenuineIntel
cpu family	: 6
model		: 61
model name	: Intel(R) Core(TM) i5-5200U CPU @ 2.20GHz
stepping	: 4
microcode	: 0x25
cpu MHz		: 2499.975
cache size	: 3072 KB
physical id	: 0
siblings	: 4
core id		: 0
cpu cores	: 2
apicid		: 0
initial apicid	: 0
fpu		: yes
fpu_exception	: yes
cpuid level	: 20
wp		: yes
flags		: fpu vme de pse tsc msr pae mce cx8 apic sep mtrr pge mca cmov pat pse36 clflush dts acpi mmx fxsr sse sse2 ss ht tm pbe syscall nx pdpe1gb rdtscp lm constant_tsc arch_perfmon pebs bts rep_good nopl xtopology nonstop_tsc aperfmperf eagerfpu pni pclmulqdq dtes64 monitor ds_cpl vmx est tm2 ssse3 sdbg fma cx16 xtpr pdcm pcid sse4_1 sse4_2 x2apic movbe popcnt tsc_deadline_timer aes xsave avx f16c rdrand lahf_lm abm 3dnowprefetch epb intel_pt tpr_shadow vnmi flexpriority ept vpid fsgsbase tsc_adjust bmi1 avx2 smep bmi2 erms invpcid rdseed adx smap xsaveopt dtherm ida arat pln pts
bugs		:
bogomips	: 4389.80
clflush size	: 64
cache_alignment	: 64
address sizes	: 39 bits physical, 48 bits virtual
power management:

processor	: 1
vendor_id	: GenuineIntel
cpu family	: 6
model		: 61
model name	: Intel(R) Core(TM) i5-5200U CPU @ 2.20GHz
stepping	: 4
microcode	: 0x25
cpu MHz		: 2499.975
cache size	: 3072 KB
physical id	: 0
siblings	: 4
core id		: 1
cpu cores	: 2
apicid		: 2
initial apicid	: 2
fpu		: yes
fpu_exception	: yes
cpuid level	: 20
wp		: yes
flags		: fpu vme de pse tsc msr pae mce cx8 apic sep mtrr pge mca cmov pat pse36 clflush dts acpi mmx fxsr sse sse2 ss ht tm pbe syscall nx pdpe1gb rdtscp lm constant_tsc arch_perfmon pebs bts rep_good nopl xtopology nonstop_tsc aperfmperf eagerfpu pni pclmulqdq dtes64 monitor ds_cpl vmx est tm2 ssse3 sdbg fma cx16 xtpr pdcm pcid sse4_1 sse4_2 x2apic movbe popcnt tsc_deadline_timer aes xsave avx f16c rdrand lahf_lm abm 3dnowprefetch epb intel_pt tpr_shadow vnmi flexpriority ept vpid fsgsbase tsc_adjust bmi1 avx2 smep bmi2 erms invpcid rdseed adx smap xsaveopt dtherm ida arat pln pts
bugs		:
bogomips	: 4389.80
clflush size	: 64
cache_alignment	: 64
address sizes	: 39 bits physical, 48 bits virtual
power management:

processor	: 2
vendor_id	: GenuineIntel
cpu family	: 6
model		: 61
model name	: Intel(R) Core(TM) i5-5200U CPU @ 2.20GHz
stepping	: 4
microcode	: 0x25
cpu MHz		: 2499.975
cache size	: 3072 KB
physical id	: 0
siblings	: 4
core id		: 0
cpu cores	: 2
apicid		: 1
initial apicid	: 1
fpu		: yes
fpu_exception	: yes
cpuid level	: 20
wp		: yes
flags		: fpu vme de pse tsc msr pae mce cx8 apic sep mtrr pge mca cmov pat pse36 clflush dts acpi mmx fxsr sse sse2 ss ht tm pbe syscall nx pdpe1gb rdtscp lm constant_tsc arch_perfmon pebs bts rep_good nopl xtopology nonstop_tsc aperfmperf eagerfpu pni pclmulqdq dtes64 monitor ds_cpl vmx est tm2 ssse3 sdbg fma cx16 xtpr pdcm pcid sse4_1 sse4_2 x2apic movbe popcnt tsc_deadline_timer aes xsave avx f16c rdrand lahf_lm abm 3dnowprefetch epb intel_pt tpr_shadow vnmi flexpriority ept vpid fsgsbase tsc_adjust bmi1 avx2 smep bmi2 erms invpcid rdseed adx smap xsaveopt dtherm ida arat pln pts
bugs		:
bogomips	: 4389.80
clflush size	: 64
cache_alignment	: 64
address sizes	: 39 bits physical, 48 bits virtual
power management:

processor	: 3
vendor_id	: GenuineIntel
cpu family	: 6
model		: 61
model name	: Intel(R) Core(TM) i5-5200U CPU @ 2.20GHz
stepping	: 4
microcode	: 0x25
cpu MHz		: 2499.975
cache size	: 3072 KB
physical id	: 0
siblings	: 4
core id		: 1
cpu cores	: 2
apicid		: 3
initial apicid	: 3
fpu		: yes
fpu_exception	: yes
cpuid level	: 20
wp		: yes
flags		: fpu vme de pse tsc msr pae mce cx8 apic sep mtrr pge mca cmov pat pse36 clflush dts acpi mmx fxsr sse sse2 ss ht tm pbe syscall nx pdpe1gb rdtscp lm constant_tsc arch_perfmon pebs bts rep_good nopl xtopology nonstop_tsc aperfmperf eagerfpu pni pclmulqdq dtes64 monitor ds_cpl vmx est tm2 ssse3 sdbg fma cx16 xtpr pdcm pcid sse4_1 sse4_2 x2apic movbe popcnt tsc_deadline_timer aes xsave avx f16c rdrand lahf_lm abm 3dnowprefetch epb intel_pt tpr_shadow vnmi flexpriority ept vpid fsgsbase tsc_adjust bmi1 avx2 smep bmi2 erms invpcid rdseed adx smap xsaveopt dtherm ida arat pln pts
bugs		:
bogomips	: 4389.80
clflush size	: 64
cache_alignment	: 64
address sizes	: 39 bits physical, 48 bits virtual
power management:



Memory: 4k page, physical 3964496k(360380k free), swap 3999740k(3575248k free)

vm_info: Java HotSpot(TM) 64-Bit Server VM (25.144-b01) for linux-amd64 JRE (1.8.0_144-b01), built on Jul 21 2017 21:57:33 by "java_re" with gcc 4.3.0 20080428 (Red Hat 4.3.0-8)

time: Thu Oct 19 18:34:41 2017
elapsed time: 27 seconds (0d 0h 0m 27s)

