#
# A fatal error has been detected by the Java Runtime Environment:
#
#  SIGSEGV (0xb) at pc=0x00007f0ecafc4d44, pid=29930, tid=0x00007f0e7fcfe700
#
# JRE version: Java(TM) SE Runtime Environment (8.0_144-b01) (build 1.8.0_144-b01)
# Java VM: Java HotSpot(TM) 64-Bit Server VM (25.144-b01 mixed mode linux-amd64 compressed oops)
# Problematic frame:
# C  [libpthread.so.0+0x9d44]  pthread_mutex_lock+0x4
#
# Failed to write core dump. Core dumps have been disabled. To enable core dumping, try "ulimit -c unlimited" before starting Java again
#
# If you would like to submit a bug report, please visit:
#   http://bugreport.java.com/bugreport/crash.jsp
# The crash happened outside the Java Virtual Machine in native code.
# See problematic frame for where to report the bug.
#

---------------  T H R E A D  ---------------

Current thread (0x00007f0ec418e000):  JavaThread "Thread-0" [_thread_in_native, id=29964, stack(0x00007f0e7fbfe000,0x00007f0e7fcff000)]

siginfo: si_signo: 11 (SIGSEGV), si_code: 1 (SEGV_MAPERR), si_addr: 0x0000000000000010

Registers:
RAX=0x00007f0e7f1b2370, RBX=0x00007f0e74111880, RCX=0x000000000000009c, RDX=0x00007f0e7fcfca80
RSP=0x00007f0e7fcfc9f0, RBP=0x00007f0e7fcfca60, RSI=0x00007f0e7fcfca70, RDI=0x0000000000000000
R8 =0x00007f0e7fcfca60, R9 =0x00007f0e741091e2, R10=0x00007f0e7f237447, R11=0x0000000000000065
R12=0x00007f0e7fcfca5c, R13=0x00007f0e7fcfcb98, R14=0x00007f0e7fcfcb90, R15=0x00007f0ec418e1f8
RIP=0x00007f0ecafc4d44, EFLAGS=0x0000000000010206, CSGSFS=0x002b000000000033, ERR=0x0000000000000004
  TRAPNO=0x000000000000000e

Top of Stack: (sp=0x00007f0e7fcfc9f0)
0x00007f0e7fcfc9f0:   000000000000009d 00007f0e7f1ccbfa
0x00007f0e7fcfca00:   00007f0e7fcfca70 00007f0e7fcfca80
0x00007f0e7fcfca10:   0000000000000000 00007f0e740cc150
0x00007f0e7fcfca20:   00007f0e74285620 1f757ae411fc5800
0x00007f0e7fcfca30:   00007f0e740cc150 00007f0e74285620
0x00007f0e7fcfca40:   00007f0e7429fc80 00007f0e7f1a8f86
0x00007f0e7fcfca50:   00007f0ec418e1f8 00007f0e74000a38
0x00007f0e7fcfca60:   00007f0e7429fc80 656d69546b63696c
0x00007f0e7fcfca70:   0000009d0000009c 00007f0e00000000
0x00007f0e7fcfca80:   0000009600000095 00007f0e00000000
0x00007f0e7fcfca90:   0000000000000006 1f757ae411fc5800
0x00007f0e7fcfcaa0:   00007f0e7429fc80 00007f0e7fcfcb00
0x00007f0e7fcfcab0:   00007f0e74285620 00007f0e7f702981
0x00007f0e7fcfcac0:   00007f0ec418e000 00007f0e740cc150
0x00007f0e7fcfcad0:   00007f0e7fcfcb10 00007f0eade6f4a8
0x00007f0e7fcfcae0:   0000000000000000 00007f0eade6f4a8
0x00007f0e7fcfcaf0:   00007f0e7fcfcba8 00007f0ec418e000
0x00007f0e7fcfcb00:   00007f0e7fcfcb70 00007f0eb5017a34
0x00007f0e7fcfcb10:   00007f0e7fcfcb70 00007f0eb50177b9
0x00007f0e7fcfcb20:   00007f0ec418e000 00007f0eb5017782
0x00007f0e7fcfcb30:   00007f0e7fcfcb30 00007f0eade6f4a8
0x00007f0e7fcfcb40:   00007f0e7fcfcba8 00007f0eade72a40
0x00007f0e7fcfcb50:   0000000000000000 00007f0eade6f4a8
0x00007f0e7fcfcb60:   0000000000000000 00007f0e7fcfcb90
0x00007f0e7fcfcb70:   00007f0e7fcfcbf0 00007f0eb5008040
0x00007f0e7fcfcb80:   00000000ec126c80 00007f0eb501153b
0x00007f0e7fcfcb90:   00000000ec8b14d0 00000000ebe099f0
0x00007f0e7fcfcba0:   00007f0e740cc150 00007f0eb5007dd0
0x00007f0e7fcfcbb0:   00007f0e7fcfcbb0 00007f0eade3a76c
0x00007f0e7fcfcbc0:   00007f0e7fcfcc08 00007f0eade4f540
0x00007f0e7fcfcbd0:   0000000000000000 00007f0eade3a810
0x00007f0e7fcfcbe0:   00007f0e7fcfcb90 00007f0e7fcfcc10 

Instructions: (pc=0x00007f0ecafc4d44)
0x00007f0ecafc4d24:   f0 02 00 00 00 00 00 00 b8 82 00 00 00 e9 d8 f9
0x00007f0ecafc4d34:   ff ff 66 2e 0f 1f 84 00 00 00 00 00 48 83 ec 08
0x00007f0ecafc4d44:   8b 57 10 89 d1 81 e1 7f 01 00 00 90 89 d0 83 e0
0x00007f0ecafc4d54:   7c 0f 85 95 00 00 00 85 c9 49 89 f8 0f 85 9a 00 

Register to memory mapping:

RAX=0x00007f0e7f1b2370: <offset 0x2b370> in /usr/lib/x86_64-linux-gnu/libX11.so.6 at 0x00007f0e7f187000
RBX=0x00007f0e74111880 is an unknown value
RCX=0x000000000000009c is an unknown value
RDX=0x00007f0e7fcfca80 is pointing into the stack for thread: 0x00007f0ec418e000
RSP=0x00007f0e7fcfc9f0 is pointing into the stack for thread: 0x00007f0ec418e000
RBP=0x00007f0e7fcfca60 is pointing into the stack for thread: 0x00007f0ec418e000
RSI=0x00007f0e7fcfca70 is pointing into the stack for thread: 0x00007f0ec418e000
RDI=0x0000000000000000 is an unknown value
R8 =0x00007f0e7fcfca60 is pointing into the stack for thread: 0x00007f0ec418e000
R9 =0x00007f0e741091e2 is an unknown value
R10=0x00007f0e7f237447: <offset 0xb0447> in /usr/lib/x86_64-linux-gnu/libX11.so.6 at 0x00007f0e7f187000
R11=0x0000000000000065 is an unknown value
R12=0x00007f0e7fcfca5c is pointing into the stack for thread: 0x00007f0ec418e000
R13=0x00007f0e7fcfcb98 is pointing into the stack for thread: 0x00007f0ec418e000
R14=0x00007f0e7fcfcb90 is pointing into the stack for thread: 0x00007f0ec418e000
R15=0x00007f0ec418e1f8 is an unknown value


Stack: [0x00007f0e7fbfe000,0x00007f0e7fcff000],  sp=0x00007f0e7fcfc9f0,  free space=1018k
Native frames: (J=compiled Java code, j=interpreted, Vv=VM code, C=native code)
C  [libpthread.so.0+0x9d44]  pthread_mutex_lock+0x4
C  0x656d69546b63696c

Java frames: (J=compiled Java code, j=interpreted, Vv=VM code)
j  sun.awt.X11.XlibWrapper.XGetDefault(JLjava/lang/String;Ljava/lang/String;)Ljava/lang/String;+0
j  sun.awt.X11.XToolkit.initializeMultiClickTime()V+12
j  sun.awt.X11.XToolkit.getMultiClickTime()I+6
j  sun.awt.X11.XToolkit.initializeDesktopProperties()V+82
j  java.awt.Toolkit.getDesktopProperty(Ljava/lang/String;)Ljava/lang/Object;+32
j  sun.swing.SwingUtilities2$AATextInfo.getAATextInfo(Z)Lsun/swing/SwingUtilities2$AATextInfo;+11
j  javax.swing.plaf.metal.MetalLookAndFeel.initComponentDefaults(Ljavax/swing/UIDefaults;)V+12062
j  javax.swing.plaf.basic.BasicLookAndFeel.getDefaults()Ljavax/swing/UIDefaults;+25
j  javax.swing.plaf.metal.MetalLookAndFeel.getDefaults()Ljavax/swing/UIDefaults;+9
j  javax.swing.UIManager.setLookAndFeel(Ljavax/swing/LookAndFeel;)V+79
j  javax.swing.UIManager.setLookAndFeel(Ljava/lang/String;)V+16
j  javax.swing.UIManager.initializeDefaultLAF(Ljava/util/Properties;)V+55
j  javax.swing.UIManager.initialize()V+9
j  javax.swing.UIManager.maybeInitialize()V+22
j  javax.swing.UIManager.getUI(Ljavax/swing/JComponent;)Ljavax/swing/plaf/ComponentUI;+0
j  javax.swing.JPanel.updateUI()V+2
j  javax.swing.JPanel.<init>(Ljava/awt/LayoutManager;Z)V+24
j  javax.swing.JPanel.<init>(Z)V+9
j  javax.swing.JPanel.<init>()V+2
j  javax.swing.JRootPane.createGlassPane()Ljava/awt/Component;+4
j  javax.swing.JRootPane.<init>()V+11
j  javax.swing.JFrame.createRootPane()Ljavax/swing/JRootPane;+4
j  javax.swing.JFrame.frameInit()V+16
j  javax.swing.JFrame.<init>()V+20
j  servers.ClientHandler.run()V+121
v  ~StubRoutines::call_stub

---------------  P R O C E S S  ---------------

Java Threads: ( => current thread )
  0x00007f0e74119800 JavaThread "AWT-XAWT" daemon [_thread_in_native, id=29966, stack(0x00007f0e7da9a000,0x00007f0e7db9b000)]
  0x00007f0e74101000 JavaThread "Java2D Disposer" daemon [_thread_blocked, id=29965, stack(0x00007f0e7dfab000,0x00007f0e7e0ac000)]
=>0x00007f0ec418e000 JavaThread "Thread-0" [_thread_in_native, id=29964, stack(0x00007f0e7fbfe000,0x00007f0e7fcff000)]
  0x00007f0ec40da000 JavaThread "Service Thread" daemon [_thread_blocked, id=29946, stack(0x00007f0eac3d5000,0x00007f0eac4d6000)]
  0x00007f0ec40bd000 JavaThread "C1 CompilerThread2" daemon [_thread_blocked, id=29945, stack(0x00007f0eac4d6000,0x00007f0eac5d7000)]
  0x00007f0ec40bb800 JavaThread "C2 CompilerThread1" daemon [_thread_blocked, id=29944, stack(0x00007f0eac5d7000,0x00007f0eac6d8000)]
  0x00007f0ec40b8800 JavaThread "C2 CompilerThread0" daemon [_thread_blocked, id=29943, stack(0x00007f0eac6d8000,0x00007f0eac7d9000)]
  0x00007f0ec40b7000 JavaThread "Signal Dispatcher" daemon [_thread_blocked, id=29942, stack(0x00007f0eac7d9000,0x00007f0eac8da000)]
  0x00007f0ec4084000 JavaThread "Finalizer" daemon [_thread_blocked, id=29941, stack(0x00007f0eacbb2000,0x00007f0eaccb3000)]
  0x00007f0ec407f800 JavaThread "Reference Handler" daemon [_thread_blocked, id=29940, stack(0x00007f0eaccb3000,0x00007f0eacdb4000)]
  0x00007f0ec400a000 JavaThread "main" [_thread_in_native, id=29934, stack(0x00007f0ecb2db000,0x00007f0ecb3dc000)]

Other Threads:
  0x00007f0ec4078000 VMThread [stack: 0x00007f0eacdb4000,0x00007f0eaceb5000] [id=29939]
  0x00007f0ec40dd000 WatcherThread [stack: 0x00007f0eac2d4000,0x00007f0eac3d5000] [id=29947]

VM state:not at safepoint (normal execution)

VM Mutex/Monitor currently owned by a thread: None

Heap:
 PSYoungGen      total 18432K, used 11490K [0x00000000ebd80000, 0x00000000ed200000, 0x0000000100000000)
  eden space 15872K, 72% used [0x00000000ebd80000,0x00000000ec8b8928,0x00000000ecd00000)
  from space 2560K, 0% used [0x00000000ecf80000,0x00000000ecf80000,0x00000000ed200000)
  to   space 2560K, 0% used [0x00000000ecd00000,0x00000000ecd00000,0x00000000ecf80000)
 ParOldGen       total 42496K, used 0K [0x00000000c3800000, 0x00000000c6180000, 0x00000000ebd80000)
  object space 42496K, 0% used [0x00000000c3800000,0x00000000c3800000,0x00000000c6180000)
 Metaspace       used 9357K, capacity 9536K, committed 9856K, reserved 1058816K
  class space    used 1028K, capacity 1088K, committed 1152K, reserved 1048576K

Card table byte_map: [0x00007f0eb4e1b000,0x00007f0eb5000000] byte_map_base: 0x00007f0eb47ff000

Marking Bits: (ParMarkBitMap*) 0x00007f0eca7a9dc0
 Begin Bits: [0x00007f0eae1c0000, 0x00007f0eaf0e0000)
 End Bits:   [0x00007f0eaf0e0000, 0x00007f0eb0000000)

Polling page: 0x00007f0ecb3fa000

CodeCache: size=245760Kb used=2358Kb max_used=2374Kb free=243401Kb
 bounds [0x00007f0eb5000000, 0x00007f0eb5270000, 0x00007f0ec4000000]
 total_blobs=1027 nmethods=574 adapters=367
 compilation: enabled

Compilation events (10 events):
Event: 17.977 Thread 0x00007f0ec40b8800  512       4       sun.misc.ProxyGenerator$ConstantPool$IndirectEntry::equals (49 bytes)
Event: 17.977 Thread 0x00007f0ec40bd000 nmethod 572 0x00007f0eb5249ed0 code [0x00007f0eb524a080, 0x00007f0eb524a698]
Event: 17.978 Thread 0x00007f0ec40b8800 nmethod 512 0x00007f0eb5246f10 code [0x00007f0eb5247060, 0x00007f0eb5247138]
Event: 17.980 Thread 0x00007f0ec40bb800 nmethod 530 0x00007f0eb52510d0 code [0x00007f0eb5251300, 0x00007f0eb5253250]
Event: 17.986 Thread 0x00007f0ec40bd000  573       3       jdk.internal.org.objectweb.asm.ClassWriter::put122 (15 bytes)
Event: 17.986 Thread 0x00007f0ec40bd000 nmethod 573 0x00007f0eb5249790 code [0x00007f0eb5249920, 0x00007f0eb5249b18]
Event: 17.987 Thread 0x00007f0ec40bd000  574       3       jdk.internal.org.objectweb.asm.ClassWriter::newClass (9 bytes)
Event: 17.987 Thread 0x00007f0ec40bd000 nmethod 574 0x00007f0eb5249390 code [0x00007f0eb5249500, 0x00007f0eb52496a8]
Event: 17.987 Thread 0x00007f0ec40bd000  575       3       java.lang.invoke.MethodType::parameterCount (6 bytes)
Event: 17.987 Thread 0x00007f0ec40bd000 nmethod 575 0x00007f0eb5249010 code [0x00007f0eb5249180, 0x00007f0eb52492d0]

GC Heap History (0 events):
No events

Deoptimization events (6 events):
Event: 17.891 Thread 0x00007f0ec418e000 Uncommon trap: reason=unstable_if action=reinterpret pc=0x00007f0eb520d554 method=java.util.HashMap.getNode(ILjava/lang/Object;)Ljava/util/HashMap$Node; @ 129
Event: 17.895 Thread 0x00007f0ec418e000 Uncommon trap: reason=unstable_if action=reinterpret pc=0x00007f0eb5210c60 method=java.util.HashMap.getNode(ILjava/lang/Object;)Ljava/util/HashMap$Node; @ 129
Event: 17.901 Thread 0x00007f0ec418e000 Uncommon trap: reason=class_check action=maybe_recompile pc=0x00007f0eb52223e8 method=java.io.DataOutputStream.writeByte(I)V @ 5
Event: 17.901 Thread 0x00007f0ec418e000 Uncommon trap: reason=class_check action=maybe_recompile pc=0x00007f0eb52223e8 method=java.io.DataOutputStream.writeByte(I)V @ 5
Event: 17.901 Thread 0x00007f0ec418e000 Uncommon trap: reason=class_check action=maybe_recompile pc=0x00007f0eb52223e8 method=java.io.DataOutputStream.writeByte(I)V @ 5
Event: 17.901 Thread 0x00007f0ec418e000 Uncommon trap: reason=class_check action=maybe_recompile pc=0x00007f0eb52223e8 method=java.io.DataOutputStream.writeByte(I)V @ 5

Internal exceptions (10 events):
Event: 17.633 Thread 0x00007f0ec418e000 Exception <a 'java/security/PrivilegedActionException'> (0x00000000ebf6e578) thrown at [/HUDSON3/workspace/8-2-build-linux-amd64/jdk8u144/9417/hotspot/src/share/vm/prims/jvm.cpp, line 1390]
Event: 17.633 Thread 0x00007f0ec418e000 Exception <a 'java/security/PrivilegedActionException'> (0x00000000ebf6e788) thrown at [/HUDSON3/workspace/8-2-build-linux-amd64/jdk8u144/9417/hotspot/src/share/vm/prims/jvm.cpp, line 1390]
Event: 17.683 Thread 0x00007f0ec418e000 Exception <a 'java/lang/NoSuchFieldError': method resolution failed> (0x00000000ec070e18) thrown at [/HUDSON3/workspace/8-2-build-linux-amd64/jdk8u144/9417/hotspot/src/share/vm/prims/methodHandles.cpp, line 1146]
Event: 17.684 Thread 0x00007f0ec418e000 Exception <a 'java/lang/NoSuchFieldError': method resolution failed> (0x00000000ec07e218) thrown at [/HUDSON3/workspace/8-2-build-linux-amd64/jdk8u144/9417/hotspot/src/share/vm/prims/methodHandles.cpp, line 1146]
Event: 17.721 Thread 0x00007f0ec418e000 Exception <a 'java/io/FileNotFoundException'> (0x00000000ec10a1e0) thrown at [/HUDSON3/workspace/8-2-build-linux-amd64/jdk8u144/9417/hotspot/src/share/vm/prims/jni.cpp, line 709]
Event: 17.721 Thread 0x00007f0ec418e000 Exception <a 'java/io/FileNotFoundException'> (0x00000000ec10abb8) thrown at [/HUDSON3/workspace/8-2-build-linux-amd64/jdk8u144/9417/hotspot/src/share/vm/prims/jni.cpp, line 709]
Event: 17.806 Thread 0x00007f0ec418e000 Exception <a 'java/lang/UnsatisfiedLinkError': libX11.so: cannot open shared object file: No such file or directory> (0x00000000ec2d3a20) thrown at [/HUDSON3/workspace/8-2-build-linux-amd64/jdk8u144/9417/hotspot/src/share/vm/prims/jni.cpp, line 735]
Event: 17.806 Thread 0x00007f0ec418e000 Exception <a 'java/lang/UnsatisfiedLinkError': libX11.so: cannot open shared object file: No such file or directory> (0x00000000ec2d4a80) thrown at [/HUDSON3/workspace/8-2-build-linux-amd64/jdk8u144/9417/hotspot/src/share/vm/prims/jni.cpp, line 735]
Event: 17.863 Thread 0x00007f0ec418e000 Exception <a 'java/lang/UnsatisfiedLinkError': libvlc.so: cannot open shared object file: No such file or directory> (0x00000000ec49fa08) thrown at [/HUDSON3/workspace/8-2-build-linux-amd64/jdk8u144/9417/hotspot/src/share/vm/prims/jni.cpp, line 735]
Event: 17.863 Thread 0x00007f0ec418e000 Exception <a 'java/lang/UnsatisfiedLinkError': libvlc.so: cannot open shared object file: No such file or directory> (0x00000000ec4a0a30) thrown at [/HUDSON3/workspace/8-2-build-linux-amd64/jdk8u144/9417/hotspot/src/share/vm/prims/jni.cpp, line 735]

Events (10 events):
Event: 17.984 loading class javax/swing/plaf/DimensionUIResource
Event: 17.984 loading class javax/swing/plaf/DimensionUIResource done
Event: 17.984 loading class javax/swing/UIDefaults$LazyInputMap
Event: 17.984 loading class javax/swing/UIDefaults$LazyInputMap done
Event: 17.986 loading class javax/swing/plaf/metal/MetalLookAndFeel$FontActiveValue
Event: 17.986 loading class javax/swing/plaf/metal/MetalLookAndFeel$FontActiveValue done
Event: 17.988 loading class sun/swing/SwingUtilities2$AATextInfo
Event: 17.988 loading class sun/swing/SwingUtilities2$AATextInfo done
Event: 17.988 loading class sun/awt/HeadlessToolkit
Event: 17.988 loading class sun/awt/HeadlessToolkit done


Dynamic libraries:
00400000-00401000 r-xp 00000000 08:06 6164757                            /usr/lib/jvm/java-8-oracle/bin/java
00600000-00601000 rw-p 00000000 08:06 6164757                            /usr/lib/jvm/java-8-oracle/bin/java
008bd000-008de000 rw-p 00000000 00:00 0                                  [heap]
c3800000-c6180000 rw-p 00000000 00:00 0 
c6180000-ebd80000 ---p 00000000 00:00 0 
ebd80000-ed200000 rw-p 00000000 00:00 0 
ed200000-100000000 ---p 00000000 00:00 0 
100000000-100120000 rw-p 00000000 00:00 0 
100120000-140000000 ---p 00000000 00:00 0 
7f0e54000000-7f0e5406a000 rw-p 00000000 00:00 0 
7f0e5406a000-7f0e58000000 ---p 00000000 00:00 0 
7f0e5a29e000-7f0e5a2cd000 r-xp 00000000 08:06 4991000                    /usr/lib/x86_64-linux-gnu/liblua5.2.so.0.0.0
7f0e5a2cd000-7f0e5a4cd000 ---p 0002f000 08:06 4991000                    /usr/lib/x86_64-linux-gnu/liblua5.2.so.0.0.0
7f0e5a4cd000-7f0e5a4cf000 r--p 0002f000 08:06 4991000                    /usr/lib/x86_64-linux-gnu/liblua5.2.so.0.0.0
7f0e5a4cf000-7f0e5a4d0000 rw-p 00031000 08:06 4991000                    /usr/lib/x86_64-linux-gnu/liblua5.2.so.0.0.0
7f0e5a4d0000-7f0e5a4f9000 r-xp 00000000 08:06 7738941                    /usr/lib/vlc/plugins/lua/liblua_plugin.so
7f0e5a4f9000-7f0e5a6f9000 ---p 00029000 08:06 7738941                    /usr/lib/vlc/plugins/lua/liblua_plugin.so
7f0e5a6f9000-7f0e5a6fb000 r--p 00029000 08:06 7738941                    /usr/lib/vlc/plugins/lua/liblua_plugin.so
7f0e5a6fb000-7f0e5a6fc000 rw-p 0002b000 08:06 7738941                    /usr/lib/vlc/plugins/lua/liblua_plugin.so
7f0e5a6fc000-7f0e5a7ca000 r-xp 00000000 08:06 4991376                    /usr/lib/x86_64-linux-gnu/libtag.so.1.14.0
7f0e5a7ca000-7f0e5a9c9000 ---p 000ce000 08:06 4991376                    /usr/lib/x86_64-linux-gnu/libtag.so.1.14.0
7f0e5a9c9000-7f0e5a9ce000 r--p 000cd000 08:06 4991376                    /usr/lib/x86_64-linux-gnu/libtag.so.1.14.0
7f0e5a9ce000-7f0e5a9cf000 rw-p 000d2000 08:06 4991376                    /usr/lib/x86_64-linux-gnu/libtag.so.1.14.0
7f0e5a9cf000-7f0e5a9e5000 r-xp 00000000 08:06 8781942                    /usr/lib/vlc/plugins/meta_engine/libtaglib_plugin.so
7f0e5a9e5000-7f0e5abe4000 ---p 00016000 08:06 8781942                    /usr/lib/vlc/plugins/meta_engine/libtaglib_plugin.so
7f0e5abe4000-7f0e5abe5000 r--p 00015000 08:06 8781942                    /usr/lib/vlc/plugins/meta_engine/libtaglib_plugin.so
7f0e5abe5000-7f0e5abe6000 rw-p 00016000 08:06 8781942                    /usr/lib/vlc/plugins/meta_engine/libtaglib_plugin.so
7f0e5abe6000-7f0e5ac11000 r-xp 00000000 08:06 6959393                    /usr/lib/vlc/plugins/demux/libmp4_plugin.so
7f0e5ac11000-7f0e5ae10000 ---p 0002b000 08:06 6959393                    /usr/lib/vlc/plugins/demux/libmp4_plugin.so
7f0e5ae10000-7f0e5ae13000 r--p 0002a000 08:06 6959393                    /usr/lib/vlc/plugins/demux/libmp4_plugin.so
7f0e5ae13000-7f0e5ae14000 rw-p 0002d000 08:06 6959393                    /usr/lib/vlc/plugins/demux/libmp4_plugin.so
7f0e5ae14000-7f0e5ae16000 r-xp 00000000 08:06 8781997                    /usr/lib/vlc/plugins/stream_filter/librecord_plugin.so
7f0e5ae16000-7f0e5b015000 ---p 00002000 08:06 8781997                    /usr/lib/vlc/plugins/stream_filter/librecord_plugin.so
7f0e5b015000-7f0e5b016000 r--p 00001000 08:06 8781997                    /usr/lib/vlc/plugins/stream_filter/librecord_plugin.so
7f0e5b016000-7f0e5b017000 rw-p 00002000 08:06 8781997                    /usr/lib/vlc/plugins/stream_filter/librecord_plugin.so
7f0e5b017000-7f0e5b01a000 r-xp 00000000 08:06 8781961                    /usr/lib/vlc/plugins/access/librar_plugin.so
7f0e5b01a000-7f0e5b21a000 ---p 00003000 08:06 8781961                    /usr/lib/vlc/plugins/access/librar_plugin.so
7f0e5b21a000-7f0e5b21b000 r--p 00003000 08:06 8781961                    /usr/lib/vlc/plugins/access/librar_plugin.so
7f0e5b21b000-7f0e5b21c000 rw-p 00004000 08:06 8781961                    /usr/lib/vlc/plugins/access/librar_plugin.so
7f0e5b21c000-7f0e5b235000 r-xp 00000000 08:06 6296237                    /lib/x86_64-linux-gnu/libz.so.1.2.8
7f0e5b235000-7f0e5b434000 ---p 00019000 08:06 6296237                    /lib/x86_64-linux-gnu/libz.so.1.2.8
7f0e5b434000-7f0e5b435000 r--p 00018000 08:06 6296237                    /lib/x86_64-linux-gnu/libz.so.1.2.8
7f0e5b435000-7f0e5b436000 rw-p 00019000 08:06 6296237                    /lib/x86_64-linux-gnu/libz.so.1.2.8
7f0e5b436000-7f0e5b43f000 r-xp 00000000 08:06 8781956                    /usr/lib/vlc/plugins/access/libzip_plugin.so
7f0e5b43f000-7f0e5b63e000 ---p 00009000 08:06 8781956                    /usr/lib/vlc/plugins/access/libzip_plugin.so
7f0e5b63e000-7f0e5b63f000 r--p 00008000 08:06 8781956                    /usr/lib/vlc/plugins/access/libzip_plugin.so
7f0e5b63f000-7f0e5b640000 rw-p 00009000 08:06 8781956                    /usr/lib/vlc/plugins/access/libzip_plugin.so
7f0e5b640000-7f0e5b7b2000 r-xp 00000000 08:06 4982588                    /usr/lib/x86_64-linux-gnu/libstdc++.so.6.0.21
7f0e5b7b2000-7f0e5b9b2000 ---p 00172000 08:06 4982588                    /usr/lib/x86_64-linux-gnu/libstdc++.so.6.0.21
7f0e5b9b2000-7f0e5b9bc000 r--p 00172000 08:06 4982588                    /usr/lib/x86_64-linux-gnu/libstdc++.so.6.0.21
7f0e5b9bc000-7f0e5b9be000 rw-p 0017c000 08:06 4982588                    /usr/lib/x86_64-linux-gnu/libstdc++.so.6.0.21
7f0e5b9be000-7f0e5b9c2000 rw-p 00000000 00:00 0 
7f0e5b9c2000-7f0e5b9ed000 r-xp 00000000 08:06 8781995                    /usr/lib/vlc/plugins/stream_filter/libdash_plugin.so
7f0e5b9ed000-7f0e5bbed000 ---p 0002b000 08:06 8781995                    /usr/lib/vlc/plugins/stream_filter/libdash_plugin.so
7f0e5bbed000-7f0e5bbee000 r--p 0002b000 08:06 8781995                    /usr/lib/vlc/plugins/stream_filter/libdash_plugin.so
7f0e5bbee000-7f0e5bbef000 rw-p 0002c000 08:06 8781995                    /usr/lib/vlc/plugins/stream_filter/libdash_plugin.so
7f0e5bbef000-7f0e5bbf9000 r-xp 00000000 08:06 8781998                    /usr/lib/vlc/plugins/stream_filter/libhttplive_plugin.so
7f0e5bbf9000-7f0e5bdf8000 ---p 0000a000 08:06 8781998                    /usr/lib/vlc/plugins/stream_filter/libhttplive_plugin.so
7f0e5bdf8000-7f0e5bdf9000 r--p 00009000 08:06 8781998                    /usr/lib/vlc/plugins/stream_filter/libhttplive_plugin.so
7f0e5bdf9000-7f0e5bdfa000 rw-p 0000a000 08:06 8781998                    /usr/lib/vlc/plugins/stream_filter/libhttplive_plugin.so
7f0e5bdfa000-7f0e5bdfd000 r-xp 00000000 08:06 8781999                    /usr/lib/vlc/plugins/stream_filter/libdecomp_plugin.so
7f0e5bdfd000-7f0e5bffc000 ---p 00003000 08:06 8781999                    /usr/lib/vlc/plugins/stream_filter/libdecomp_plugin.so
7f0e5bffc000-7f0e5bffd000 r--p 00002000 08:06 8781999                    /usr/lib/vlc/plugins/stream_filter/libdecomp_plugin.so
7f0e5bffd000-7f0e5bffe000 rw-p 00003000 08:06 8781999                    /usr/lib/vlc/plugins/stream_filter/libdecomp_plugin.so
7f0e5bffe000-7f0e5ffff000 rw-s 00000000 00:16 6                          /dev/shm/pulse-shm-2011710229
7f0e5ffff000-7f0e64000000 rw-s 00000000 00:16 8                          /dev/shm/pulse-shm-3278203273
7f0e64000000-7f0e64021000 rw-p 00000000 00:00 0 
7f0e64021000-7f0e68000000 ---p 00000000 00:00 0 
7f0e68011000-7f0e68019000 r-xp 00000000 08:06 8781996                    /usr/lib/vlc/plugins/stream_filter/libsmooth_plugin.so
7f0e68019000-7f0e68219000 ---p 00008000 08:06 8781996                    /usr/lib/vlc/plugins/stream_filter/libsmooth_plugin.so
7f0e68219000-7f0e6821a000 r--p 00008000 08:06 8781996                    /usr/lib/vlc/plugins/stream_filter/libsmooth_plugin.so
7f0e6821a000-7f0e6821b000 rw-p 00009000 08:06 8781996                    /usr/lib/vlc/plugins/stream_filter/libsmooth_plugin.so
7f0e68918000-7f0e68998000 rw-p 00000000 00:00 0 
7f0e68998000-7f0e68b18000 ---p 00000000 00:00 0 
7f0e68b18000-7f0e68b1a000 r-xp 00000000 08:06 8781941                    /usr/lib/vlc/plugins/meta_engine/libfolder_plugin.so
7f0e68b1a000-7f0e68d19000 ---p 00002000 08:06 8781941                    /usr/lib/vlc/plugins/meta_engine/libfolder_plugin.so
7f0e68d19000-7f0e68d1a000 r--p 00001000 08:06 8781941                    /usr/lib/vlc/plugins/meta_engine/libfolder_plugin.so
7f0e68d1a000-7f0e68d1b000 rw-p 00002000 08:06 8781941                    /usr/lib/vlc/plugins/meta_engine/libfolder_plugin.so
7f0e68d1b000-7f0e68d1c000 ---p 00000000 00:00 0 
7f0e68d1c000-7f0e68e1c000 rw-p 00000000 00:00 0 
7f0e68e1c000-7f0e68e20000 r-xp 00000000 08:06 8781965                    /usr/lib/vlc/plugins/access/libfilesystem_plugin.so
7f0e68e20000-7f0e6901f000 ---p 00004000 08:06 8781965                    /usr/lib/vlc/plugins/access/libfilesystem_plugin.so
7f0e6901f000-7f0e69020000 r--p 00003000 08:06 8781965                    /usr/lib/vlc/plugins/access/libfilesystem_plugin.so
7f0e69020000-7f0e69021000 rw-p 00004000 08:06 8781965                    /usr/lib/vlc/plugins/access/libfilesystem_plugin.so
7f0e69021000-7f0e69026000 r-xp 00000000 08:06 8781984                    /usr/lib/vlc/plugins/access/libvdr_plugin.so
7f0e69026000-7f0e69225000 ---p 00005000 08:06 8781984                    /usr/lib/vlc/plugins/access/libvdr_plugin.so
7f0e69225000-7f0e69226000 r--p 00004000 08:06 8781984                    /usr/lib/vlc/plugins/access/libvdr_plugin.so
7f0e69226000-7f0e69227000 rw-p 00005000 08:06 8781984                    /usr/lib/vlc/plugins/access/libvdr_plugin.so
7f0e69227000-7f0e69228000 ---p 00000000 00:00 0 
7f0e69228000-7f0e69328000 rw-p 00000000 00:00 0 
7f0e69328000-7f0e69329000 ---p 00000000 00:00 0 
7f0e69329000-7f0e69429000 rw-p 00000000 00:00 0 
7f0e69429000-7f0e6942a000 ---p 00000000 00:00 0 
7f0e6942a000-7f0e69c2a000 rw-p 00000000 00:00 0 
7f0e69c2a000-7f0e69c54000 r-xp 00000000 08:06 4991461                    /usr/lib/x86_64-linux-gnu/libvorbis.so.0.4.8
7f0e69c54000-7f0e69e54000 ---p 0002a000 08:06 4991461                    /usr/lib/x86_64-linux-gnu/libvorbis.so.0.4.8
7f0e69e54000-7f0e69e55000 r--p 0002a000 08:06 4991461                    /usr/lib/x86_64-linux-gnu/libvorbis.so.0.4.8
7f0e69e55000-7f0e69e56000 rw-p 0002b000 08:06 4991461                    /usr/lib/x86_64-linux-gnu/libvorbis.so.0.4.8
7f0e69e56000-7f0e69e5d000 r-xp 00000000 08:06 4991127                    /usr/lib/x86_64-linux-gnu/libogg.so.0.8.2
7f0e69e5d000-7f0e6a05d000 ---p 00007000 08:06 4991127                    /usr/lib/x86_64-linux-gnu/libogg.so.0.8.2
7f0e6a05d000-7f0e6a05e000 r--p 00007000 08:06 4991127                    /usr/lib/x86_64-linux-gnu/libogg.so.0.8.2
7f0e6a05e000-7f0e6a05f000 rw-p 00008000 08:06 4991127                    /usr/lib/x86_64-linux-gnu/libogg.so.0.8.2
7f0e6a05f000-7f0e6a076000 r-xp 00000000 08:06 6297813                    /lib/x86_64-linux-gnu/libresolv-2.23.so
7f0e6a076000-7f0e6a276000 ---p 00017000 08:06 6297813                    /lib/x86_64-linux-gnu/libresolv-2.23.so
7f0e6a276000-7f0e6a277000 r--p 00017000 08:06 6297813                    /lib/x86_64-linux-gnu/libresolv-2.23.so
7f0e6a277000-7f0e6a278000 rw-p 00018000 08:06 6297813                    /lib/x86_64-linux-gnu/libresolv-2.23.so
7f0e6a278000-7f0e6a27a000 rw-p 00000000 00:00 0 
7f0e6a27a000-7f0e6a307000 r-xp 00000000 08:06 4991463                    /usr/lib/x86_64-linux-gnu/libvorbisenc.so.2.0.11
7f0e6a307000-7f0e6a506000 ---p 0008d000 08:06 4991463                    /usr/lib/x86_64-linux-gnu/libvorbisenc.so.2.0.11
7f0e6a506000-7f0e6a522000 r--p 0008c000 08:06 4991463                    /usr/lib/x86_64-linux-gnu/libvorbisenc.so.2.0.11
7f0e6a522000-7f0e6a523000 rw-p 000a8000 08:06 4991463                    /usr/lib/x86_64-linux-gnu/libvorbisenc.so.2.0.11
7f0e6a523000-7f0e6a596000 r-xp 00000000 08:06 4990003                    /usr/lib/x86_64-linux-gnu/libFLAC.so.8.3.0
7f0e6a596000-7f0e6a796000 ---p 00073000 08:06 4990003                    /usr/lib/x86_64-linux-gnu/libFLAC.so.8.3.0
7f0e6a796000-7f0e6a797000 r--p 00073000 08:06 4990003                    /usr/lib/x86_64-linux-gnu/libFLAC.so.8.3.0
7f0e6a797000-7f0e6a798000 rw-p 00074000 08:06 4990003                    /usr/lib/x86_64-linux-gnu/libFLAC.so.8.3.0
7f0e6a798000-7f0e6a79d000 r-xp 00000000 08:06 4990259                    /usr/lib/x86_64-linux-gnu/libasyncns.so.0.3.1
7f0e6a79d000-7f0e6a99c000 ---p 00005000 08:06 4990259                    /usr/lib/x86_64-linux-gnu/libasyncns.so.0.3.1
7f0e6a99c000-7f0e6a99d000 r--p 00004000 08:06 4990259                    /usr/lib/x86_64-linux-gnu/libasyncns.so.0.3.1
7f0e6a99d000-7f0e6a99e000 rw-p 00005000 08:06 4990259                    /usr/lib/x86_64-linux-gnu/libasyncns.so.0.3.1
7f0e6a99e000-7f0e6aa00000 r-xp 00000000 08:06 4991347                    /usr/lib/x86_64-linux-gnu/libsndfile.so.1.0.25
7f0e6aa00000-7f0e6ac00000 ---p 00062000 08:06 4991347                    /usr/lib/x86_64-linux-gnu/libsndfile.so.1.0.25
7f0e6ac00000-7f0e6ac02000 r--p 00062000 08:06 4991347                    /usr/lib/x86_64-linux-gnu/libsndfile.so.1.0.25
7f0e6ac02000-7f0e6ac03000 rw-p 00064000 08:06 4991347                    /usr/lib/x86_64-linux-gnu/libsndfile.so.1.0.25
7f0e6ac03000-7f0e6ac07000 rw-p 00000000 00:00 0 
7f0e6ac07000-7f0e6ac0f000 r-xp 00000000 08:06 6296232                    /lib/x86_64-linux-gnu/libwrap.so.0.7.6
7f0e6ac0f000-7f0e6ae0e000 ---p 00008000 08:06 6296232                    /lib/x86_64-linux-gnu/libwrap.so.0.7.6
7f0e6ae0e000-7f0e6ae0f000 r--p 00007000 08:06 6296232                    /lib/x86_64-linux-gnu/libwrap.so.0.7.6
7f0e6ae0f000-7f0e6ae10000 rw-p 00008000 08:06 6296232                    /lib/x86_64-linux-gnu/libwrap.so.0.7.6
7f0e6ae10000-7f0e6ae11000 rw-p 00000000 00:00 0 
7f0e6ae11000-7f0e6ae8b000 r-xp 00000000 08:06 5378411                    /usr/lib/x86_64-linux-gnu/pulseaudio/libpulsecommon-8.0.so
7f0e6ae8b000-7f0e6b08a000 ---p 0007a000 08:06 5378411                    /usr/lib/x86_64-linux-gnu/pulseaudio/libpulsecommon-8.0.so
7f0e6b08a000-7f0e6b08b000 r--p 00079000 08:06 5378411                    /usr/lib/x86_64-linux-gnu/pulseaudio/libpulsecommon-8.0.so
7f0e6b08b000-7f0e6b08c000 rw-p 0007a000 08:06 5378411                    /usr/lib/x86_64-linux-gnu/pulseaudio/libpulsecommon-8.0.so
7f0e6b08c000-7f0e6b096000 r-xp 00000000 08:06 6296105                    /lib/x86_64-linux-gnu/libjson-c.so.2.0.0
7f0e6b096000-7f0e6b295000 ---p 0000a000 08:06 6296105                    /lib/x86_64-linux-gnu/libjson-c.so.2.0.0
7f0e6b295000-7f0e6b296000 r--p 00009000 08:06 6296105                    /lib/x86_64-linux-gnu/libjson-c.so.2.0.0
7f0e6b296000-7f0e6b297000 rw-p 0000a000 08:06 6296105                    /lib/x86_64-linux-gnu/libjson-c.so.2.0.0
7f0e6b297000-7f0e6b2e5000 r-xp 00000000 08:06 4991226                    /usr/lib/x86_64-linux-gnu/libpulse.so.0.19.0
7f0e6b2e5000-7f0e6b4e5000 ---p 0004e000 08:06 4991226                    /usr/lib/x86_64-linux-gnu/libpulse.so.0.19.0
7f0e6b4e5000-7f0e6b4e6000 r--p 0004e000 08:06 4991226                    /usr/lib/x86_64-linux-gnu/libpulse.so.0.19.0
7f0e6b4e6000-7f0e6b4e7000 rw-p 0004f000 08:06 4991226                    /usr/lib/x86_64-linux-gnu/libpulse.so.0.19.0
7f0e6b4e7000-7f0e6b4ed000 r-xp 00000000 08:06 8782055                    /usr/lib/vlc/plugins/audio_output/libpulse_plugin.so
7f0e6b4ed000-7f0e6b6ed000 ---p 00006000 08:06 8782055                    /usr/lib/vlc/plugins/audio_output/libpulse_plugin.so
7f0e6b6ed000-7f0e6b6ee000 r--p 00006000 08:06 8782055                    /usr/lib/vlc/plugins/audio_output/libpulse_plugin.so
7f0e6b6ee000-7f0e6b6ef000 rw-p 00007000 08:06 8782055                    /usr/lib/vlc/plugins/audio_output/libpulse_plugin.so
7f0e6b6ef000-7f0e6b7e8000 r-xp 00000000 08:06 4990249                    /usr/lib/x86_64-linux-gnu/libasound.so.2.0.0
7f0e6b7e8000-7f0e6b9e7000 ---p 000f9000 08:06 4990249                    /usr/lib/x86_64-linux-gnu/libasound.so.2.0.0
7f0e6b9e7000-7f0e6b9ee000 r--p 000f8000 08:06 4990249                    /usr/lib/x86_64-linux-gnu/libasound.so.2.0.0
7f0e6b9ee000-7f0e6b9ef000 rw-p 000ff000 08:06 4990249                    /usr/lib/x86_64-linux-gnu/libasound.so.2.0.0
7f0e6b9ef000-7f0e6b9f4000 r-xp 00000000 08:06 8781989                    /usr/lib/vlc/plugins/audio_output/libalsa_plugin.so
7f0e6b9f4000-7f0e6bbf3000 ---p 00005000 08:06 8781989                    /usr/lib/vlc/plugins/audio_output/libalsa_plugin.so
7f0e6bbf3000-7f0e6bbf4000 r--p 00004000 08:06 8781989                    /usr/lib/vlc/plugins/audio_output/libalsa_plugin.so
7f0e6bbf4000-7f0e6bbf5000 rw-p 00005000 08:06 8781989                    /usr/lib/vlc/plugins/audio_output/libalsa_plugin.so
7f0e6bbf5000-7f0e6bbf7000 r-xp 00000000 08:06 4991580                    /usr/lib/x86_64-linux-gnu/libxcb-shm.so.0.0.0
7f0e6bbf7000-7f0e6bdf7000 ---p 00002000 08:06 4991580                    /usr/lib/x86_64-linux-gnu/libxcb-shm.so.0.0.0
7f0e6bdf7000-7f0e6bdf8000 r--p 00002000 08:06 4991580                    /usr/lib/x86_64-linux-gnu/libxcb-shm.so.0.0.0
7f0e6bdf8000-7f0e6bdf9000 rw-p 00003000 08:06 4991580                    /usr/lib/x86_64-linux-gnu/libxcb-shm.so.0.0.0
7f0e6bdf9000-7f0e6bdff000 r-xp 00000000 08:06 4992554                    /usr/lib/x86_64-linux-gnu/libxcb-xv.so.0.0.0
7f0e6bdff000-7f0e6bffe000 ---p 00006000 08:06 4992554                    /usr/lib/x86_64-linux-gnu/libxcb-xv.so.0.0.0
7f0e6bffe000-7f0e6bfff000 r--p 00005000 08:06 4992554                    /usr/lib/x86_64-linux-gnu/libxcb-xv.so.0.0.0
7f0e6bfff000-7f0e6c000000 rw-p 00006000 08:06 4992554                    /usr/lib/x86_64-linux-gnu/libxcb-xv.so.0.0.0
7f0e6c000000-7f0e6c021000 rw-p 00000000 00:00 0 
7f0e6c021000-7f0e70000000 ---p 00000000 00:00 0 
7f0e70000000-7f0e70021000 rw-p 00000000 00:00 0 
7f0e70021000-7f0e74000000 ---p 00000000 00:00 0 
7f0e74000000-7f0e742f2000 rw-p 00000000 00:00 0 
7f0e742f2000-7f0e78000000 ---p 00000000 00:00 0 
7f0e78000000-7f0e78021000 rw-p 00000000 00:00 0 
7f0e78021000-7f0e7c000000 ---p 00000000 00:00 0 
7f0e7c032000-7f0e7c039000 r-xp 00000000 08:06 7997456                    /usr/lib/vlc/plugins/video_output/libxcb_xv_plugin.so
7f0e7c039000-7f0e7c238000 ---p 00007000 08:06 7997456                    /usr/lib/vlc/plugins/video_output/libxcb_xv_plugin.so
7f0e7c238000-7f0e7c239000 r--p 00006000 08:06 7997456                    /usr/lib/vlc/plugins/video_output/libxcb_xv_plugin.so
7f0e7c239000-7f0e7c23a000 rw-p 00007000 08:06 7997456                    /usr/lib/vlc/plugins/video_output/libxcb_xv_plugin.so
7f0e7c23a000-7f0e7c24c000 r-xp 00000000 08:06 6296090                    /lib/x86_64-linux-gnu/libgpg-error.so.0.17.0
7f0e7c24c000-7f0e7c44c000 ---p 00012000 08:06 6296090                    /lib/x86_64-linux-gnu/libgpg-error.so.0.17.0
7f0e7c44c000-7f0e7c44d000 r--p 00012000 08:06 6296090                    /lib/x86_64-linux-gnu/libgpg-error.so.0.17.0
7f0e7c44d000-7f0e7c44e000 rw-p 00013000 08:06 6296090                    /lib/x86_64-linux-gnu/libgpg-error.so.0.17.0
7f0e7c44e000-7f0e7c4bc000 r-xp 00000000 08:06 6296175                    /lib/x86_64-linux-gnu/libpcre.so.3.13.2
7f0e7c4bc000-7f0e7c6bc000 ---p 0006e000 08:06 6296175                    /lib/x86_64-linux-gnu/libpcre.so.3.13.2
7f0e7c6bc000-7f0e7c6bd000 r--p 0006e000 08:06 6296175                    /lib/x86_64-linux-gnu/libpcre.so.3.13.2
7f0e7c6bd000-7f0e7c6be000 rw-p 0006f000 08:06 6296175                    /lib/x86_64-linux-gnu/libpcre.so.3.13.2
7f0e7c6be000-7f0e7c796000 r-xp 00000000 08:06 6296086                    /lib/x86_64-linux-gnu/libgcrypt.so.20.0.5
7f0e7c796000-7f0e7c995000 ---p 000d8000 08:06 6296086                    /lib/x86_64-linux-gnu/libgcrypt.so.20.0.5
7f0e7c995000-7f0e7c996000 r--p 000d7000 08:06 6296086                    /lib/x86_64-linux-gnu/libgcrypt.so.20.0.5
7f0e7c996000-7f0e7c99e000 rw-p 000d8000 08:06 6296086                    /lib/x86_64-linux-gnu/libgcrypt.so.20.0.5
7f0e7c99e000-7f0e7c99f000 rw-p 00000000 00:00 0 
7f0e7c99f000-7f0e7c9c0000 r-xp 00000000 08:06 6296113                    /lib/x86_64-linux-gnu/liblzma.so.5.0.0
7f0e7c9c0000-7f0e7cbbf000 ---p 00021000 08:06 6296113                    /lib/x86_64-linux-gnu/liblzma.so.5.0.0
7f0e7cbbf000-7f0e7cbc0000 r--p 00020000 08:06 6296113                    /lib/x86_64-linux-gnu/liblzma.so.5.0.0
7f0e7cbc0000-7f0e7cbc1000 rw-p 00021000 08:06 6296113                    /lib/x86_64-linux-gnu/liblzma.so.5.0.0
7f0e7cbc1000-7f0e7cbe0000 r-xp 00000000 08:06 6296204                    /lib/x86_64-linux-gnu/libselinux.so.1
7f0e7cbe0000-7f0e7cddf000 ---p 0001f000 08:06 6296204                    /lib/x86_64-linux-gnu/libselinux.so.1
7f0e7cddf000-7f0e7cde0000 r--p 0001e000 08:06 6296204                    /lib/x86_64-linux-gnu/libselinux.so.1
7f0e7cde0000-7f0e7cde1000 rw-p 0001f000 08:06 6296204                    /lib/x86_64-linux-gnu/libselinux.so.1
7f0e7cde1000-7f0e7cde3000 rw-p 00000000 00:00 0 
7f0e7cde3000-7f0e7ce2d000 r-xp 00000000 08:06 6296062                    /lib/x86_64-linux-gnu/libdbus-1.so.3.14.6
7f0e7ce2d000-7f0e7d02d000 ---p 0004a000 08:06 6296062                    /lib/x86_64-linux-gnu/libdbus-1.so.3.14.6
7f0e7d02d000-7f0e7d02e000 r--p 0004a000 08:06 6296062                    /lib/x86_64-linux-gnu/libdbus-1.so.3.14.6
7f0e7d02e000-7f0e7d02f000 rw-p 0004b000 08:06 6296062                    /lib/x86_64-linux-gnu/libdbus-1.so.3.14.6
7f0e7d02f000-7f0e7d060000 r-xp 00000000 08:06 4990906                    /usr/lib/x86_64-linux-gnu/libidn.so.11.6.15
7f0e7d060000-7f0e7d260000 ---p 00031000 08:06 4990906                    /usr/lib/x86_64-linux-gnu/libidn.so.11.6.15
7f0e7d260000-7f0e7d261000 r--p 00031000 08:06 4990906                    /usr/lib/x86_64-linux-gnu/libidn.so.11.6.15
7f0e7d261000-7f0e7d262000 rw-p 00032000 08:06 4990906                    /usr/lib/x86_64-linux-gnu/libidn.so.11.6.15
7f0e7d262000-7f0e7d35d000 r-xp 00000000 08:06 4992446                    /usr/lib/libvlccore.so.8.0.0
7f0e7d35d000-7f0e7d55d000 ---p 000fb000 08:06 4992446                    /usr/lib/libvlccore.so.8.0.0
7f0e7d55d000-7f0e7d560000 r--p 000fb000 08:06 4992446                    /usr/lib/libvlccore.so.8.0.0
7f0e7d560000-7f0e7d561000 rw-p 000fe000 08:06 4992446                    /usr/lib/libvlccore.so.8.0.0
7f0e7d561000-7f0e7d580000 r-xp 00000000 08:06 4992448                    /usr/lib/libvlc.so.5.5.0
7f0e7d580000-7f0e7d77f000 ---p 0001f000 08:06 4992448                    /usr/lib/libvlc.so.5.5.0
7f0e7d77f000-7f0e7d780000 r--p 0001e000 08:06 4992448                    /usr/lib/libvlc.so.5.5.0
7f0e7d780000-7f0e7d781000 rw-p 0001f000 08:06 4992448                    /usr/lib/libvlc.so.5.5.0
7f0e7d781000-7f0e7d798000 r-xp 00000000 08:06 10494216                   /tmp/jna--1426877892/jna421879135070515578.tmp (deleted)
7f0e7d798000-7f0e7d897000 ---p 00017000 08:06 10494216                   /tmp/jna--1426877892/jna421879135070515578.tmp (deleted)
7f0e7d897000-7f0e7d899000 rw-p 00016000 08:06 10494216                   /tmp/jna--1426877892/jna421879135070515578.tmp (deleted)
7f0e7d899000-7f0e7d89a000 r-xp 00000000 08:06 6165299                    /usr/lib/jvm/java-8-oracle/jre/lib/amd64/libjawt.so
7f0e7d89a000-7f0e7da99000 ---p 00001000 08:06 6165299                    /usr/lib/jvm/java-8-oracle/jre/lib/amd64/libjawt.so
7f0e7da99000-7f0e7da9a000 rw-p 00000000 08:06 6165299                    /usr/lib/jvm/java-8-oracle/jre/lib/amd64/libjawt.so
7f0e7da9a000-7f0e7da9d000 ---p 00000000 00:00 0 
7f0e7da9d000-7f0e7db9b000 rw-p 00000000 00:00 0 
7f0e7db9b000-7f0e7dba0000 r-xp 00000000 08:06 4990177                    /usr/lib/x86_64-linux-gnu/libXfixes.so.3.1.0
7f0e7dba0000-7f0e7dd9f000 ---p 00005000 08:06 4990177                    /usr/lib/x86_64-linux-gnu/libXfixes.so.3.1.0
7f0e7dd9f000-7f0e7dda0000 r--p 00004000 08:06 4990177                    /usr/lib/x86_64-linux-gnu/libXfixes.so.3.1.0
7f0e7dda0000-7f0e7dda1000 rw-p 00005000 08:06 4990177                    /usr/lib/x86_64-linux-gnu/libXfixes.so.3.1.0
7f0e7dda1000-7f0e7ddaa000 r-xp 00000000 08:06 4990169                    /usr/lib/x86_64-linux-gnu/libXcursor.so.1.0.2
7f0e7ddaa000-7f0e7dfa9000 ---p 00009000 08:06 4990169                    /usr/lib/x86_64-linux-gnu/libXcursor.so.1.0.2
7f0e7dfa9000-7f0e7dfaa000 r--p 00008000 08:06 4990169                    /usr/lib/x86_64-linux-gnu/libXcursor.so.1.0.2
7f0e7dfaa000-7f0e7dfab000 rw-p 00009000 08:06 4990169                    /usr/lib/x86_64-linux-gnu/libXcursor.so.1.0.2
7f0e7dfab000-7f0e7dfae000 ---p 00000000 00:00 0 
7f0e7dfae000-7f0e7e0ac000 rw-p 00000000 00:00 0 
7f0e7e0ac000-7f0e7e0c2000 r-xp 00000000 08:06 6296084                    /lib/x86_64-linux-gnu/libgcc_s.so.1
7f0e7e0c2000-7f0e7e2c1000 ---p 00016000 08:06 6296084                    /lib/x86_64-linux-gnu/libgcc_s.so.1
7f0e7e2c1000-7f0e7e2c2000 rw-p 00015000 08:06 6296084                    /lib/x86_64-linux-gnu/libgcc_s.so.1
7f0e7e2c2000-7f0e7e327000 r-xp 00000000 08:06 6165272                    /usr/lib/jvm/java-8-oracle/jre/lib/amd64/libfontmanager.so
7f0e7e327000-7f0e7e526000 ---p 00065000 08:06 6165272                    /usr/lib/jvm/java-8-oracle/jre/lib/amd64/libfontmanager.so
7f0e7e526000-7f0e7e52b000 rw-p 00064000 08:06 6165272                    /usr/lib/jvm/java-8-oracle/jre/lib/amd64/libfontmanager.so
7f0e7e52b000-7f0e7e53b000 rw-p 00000000 00:00 0 
7f0e7e53b000-7f0e7e540000 r-xp 00000000 08:06 4990173                    /usr/lib/x86_64-linux-gnu/libXdmcp.so.6.0.0
7f0e7e540000-7f0e7e73f000 ---p 00005000 08:06 4990173                    /usr/lib/x86_64-linux-gnu/libXdmcp.so.6.0.0
7f0e7e73f000-7f0e7e740000 r--p 00004000 08:06 4990173                    /usr/lib/x86_64-linux-gnu/libXdmcp.so.6.0.0
7f0e7e740000-7f0e7e741000 rw-p 00005000 08:06 4990173                    /usr/lib/x86_64-linux-gnu/libXdmcp.so.6.0.0
7f0e7e741000-7f0e7e743000 r-xp 00000000 08:06 4990162                    /usr/lib/x86_64-linux-gnu/libXau.so.6.0.0
7f0e7e743000-7f0e7e943000 ---p 00002000 08:06 4990162                    /usr/lib/x86_64-linux-gnu/libXau.so.6.0.0
7f0e7e943000-7f0e7e944000 r--p 00002000 08:06 4990162                    /usr/lib/x86_64-linux-gnu/libXau.so.6.0.0
7f0e7e944000-7f0e7e945000 rw-p 00003000 08:06 4990162                    /usr/lib/x86_64-linux-gnu/libXau.so.6.0.0
7f0e7e945000-7f0e7e966000 r-xp 00000000 08:06 4991590                    /usr/lib/x86_64-linux-gnu/libxcb.so.1.1.0
7f0e7e966000-7f0e7eb65000 ---p 00021000 08:06 4991590                    /usr/lib/x86_64-linux-gnu/libxcb.so.1.1.0
7f0e7eb65000-7f0e7eb66000 r--p 00020000 08:06 4991590                    /usr/lib/x86_64-linux-gnu/libxcb.so.1.1.0
7f0e7eb66000-7f0e7eb67000 rw-p 00021000 08:06 4991590                    /usr/lib/x86_64-linux-gnu/libxcb.so.1.1.0
7f0e7eb67000-7f0e7eb76000 r-xp 00000000 08:06 4990183                    /usr/lib/x86_64-linux-gnu/libXi.so.6.1.0
7f0e7eb76000-7f0e7ed75000 ---p 0000f000 08:06 4990183                    /usr/lib/x86_64-linux-gnu/libXi.so.6.1.0
7f0e7ed75000-7f0e7ed76000 r--p 0000e000 08:06 4990183                    /usr/lib/x86_64-linux-gnu/libXi.so.6.1.0
7f0e7ed76000-7f0e7ed77000 rw-p 0000f000 08:06 4990183                    /usr/lib/x86_64-linux-gnu/libXi.so.6.1.0
7f0e7ed77000-7f0e7ed7c000 r-xp 00000000 08:06 4990201                    /usr/lib/x86_64-linux-gnu/libXtst.so.6.1.0
7f0e7ed7c000-7f0e7ef7b000 ---p 00005000 08:06 4990201                    /usr/lib/x86_64-linux-gnu/libXtst.so.6.1.0
7f0e7ef7b000-7f0e7ef7c000 r--p 00004000 08:06 4990201                    /usr/lib/x86_64-linux-gnu/libXtst.so.6.1.0
7f0e7ef7c000-7f0e7ef7d000 rw-p 00005000 08:06 4990201                    /usr/lib/x86_64-linux-gnu/libXtst.so.6.1.0
7f0e7ef7d000-7f0e7ef86000 r-xp 00000000 08:06 4990195                    /usr/lib/x86_64-linux-gnu/libXrender.so.1.3.0
7f0e7ef86000-7f0e7f185000 ---p 00009000 08:06 4990195                    /usr/lib/x86_64-linux-gnu/libXrender.so.1.3.0
7f0e7f185000-7f0e7f186000 r--p 00008000 08:06 4990195                    /usr/lib/x86_64-linux-gnu/libXrender.so.1.3.0
7f0e7f186000-7f0e7f187000 rw-p 00009000 08:06 4990195                    /usr/lib/x86_64-linux-gnu/libXrender.so.1.3.0
7f0e7f187000-7f0e7f2bc000 r-xp 00000000 08:06 4990158                    /usr/lib/x86_64-linux-gnu/libX11.so.6.3.0
7f0e7f2bc000-7f0e7f4bc000 ---p 00135000 08:06 4990158                    /usr/lib/x86_64-linux-gnu/libX11.so.6.3.0
7f0e7f4bc000-7f0e7f4bd000 r--p 00135000 08:06 4990158                    /usr/lib/x86_64-linux-gnu/libX11.so.6.3.0
7f0e7f4bd000-7f0e7f4c1000 rw-p 00136000 08:06 4990158                    /usr/lib/x86_64-linux-gnu/libX11.so.6.3.0
7f0e7f4c1000-7f0e7f4d2000 r-xp 00000000 08:06 4990175                    /usr/lib/x86_64-linux-gnu/libXext.so.6.4.0
7f0e7f4d2000-7f0e7f6d1000 ---p 00011000 08:06 4990175                    /usr/lib/x86_64-linux-gnu/libXext.so.6.4.0
7f0e7f6d1000-7f0e7f6d2000 r--p 00010000 08:06 4990175                    /usr/lib/x86_64-linux-gnu/libXext.so.6.4.0
7f0e7f6d2000-7f0e7f6d3000 rw-p 00011000 08:06 4990175                    /usr/lib/x86_64-linux-gnu/libXext.so.6.4.0
7f0e7f6d3000-7f0e7f727000 r-xp 00000000 08:06 6165280                    /usr/lib/jvm/java-8-oracle/jre/lib/amd64/libawt_xawt.so
7f0e7f727000-7f0e7f927000 ---p 00054000 08:06 6165280                    /usr/lib/jvm/java-8-oracle/jre/lib/amd64/libawt_xawt.so
7f0e7f927000-7f0e7f92b000 rw-p 00054000 08:06 6165280                    /usr/lib/jvm/java-8-oracle/jre/lib/amd64/libawt_xawt.so
7f0e7f92b000-7f0e7f92c000 rw-p 00000000 00:00 0 
7f0e7f92c000-7f0e7f9ce000 r-xp 00000000 08:06 6165307                    /usr/lib/jvm/java-8-oracle/jre/lib/amd64/libawt.so
7f0e7f9ce000-7f0e7fbce000 ---p 000a2000 08:06 6165307                    /usr/lib/jvm/java-8-oracle/jre/lib/amd64/libawt.so
7f0e7fbce000-7f0e7fbda000 rw-p 000a2000 08:06 6165307                    /usr/lib/jvm/java-8-oracle/jre/lib/amd64/libawt.so
7f0e7fbda000-7f0e7fbfe000 rw-p 00000000 00:00 0 
7f0e7fbfe000-7f0e7fc01000 ---p 00000000 00:00 0 
7f0e7fc01000-7f0e80000000 rw-p 00000000 00:00 0 
7f0e80000000-7f0e8026e000 rw-p 00000000 00:00 0 
7f0e8026e000-7f0e84000000 ---p 00000000 00:00 0 
7f0e84000000-7f0e84021000 rw-p 00000000 00:00 0 
7f0e84021000-7f0e88000000 ---p 00000000 00:00 0 
7f0e88000000-7f0e88169000 rw-p 00000000 00:00 0 
7f0e88169000-7f0e8c000000 ---p 00000000 00:00 0 
7f0e8c000000-7f0e8c1da000 rw-p 00000000 00:00 0 
7f0e8c1da000-7f0e90000000 ---p 00000000 00:00 0 
7f0e90000000-7f0e90021000 rw-p 00000000 00:00 0 
7f0e90021000-7f0e94000000 ---p 00000000 00:00 0 
7f0e94000000-7f0e94021000 rw-p 00000000 00:00 0 
7f0e94021000-7f0e98000000 ---p 00000000 00:00 0 
7f0e98000000-7f0e98021000 rw-p 00000000 00:00 0 
7f0e98021000-7f0e9c000000 ---p 00000000 00:00 0 
7f0e9c000000-7f0e9c021000 rw-p 00000000 00:00 0 
7f0e9c021000-7f0ea0000000 ---p 00000000 00:00 0 
7f0ea0000000-7f0ea0021000 rw-p 00000000 00:00 0 
7f0ea0021000-7f0ea4000000 ---p 00000000 00:00 0 
7f0ea4000000-7f0ea4021000 rw-p 00000000 00:00 0 
7f0ea4021000-7f0ea8000000 ---p 00000000 00:00 0 
7f0ea8000000-7f0ea8021000 rw-p 00000000 00:00 0 
7f0ea8021000-7f0eac000000 ---p 00000000 00:00 0 
7f0eac001000-7f0eac081000 r-xp 00000000 08:06 6296214                    /lib/x86_64-linux-gnu/libsystemd.so.0.14.0
7f0eac081000-7f0eac084000 r--p 0007f000 08:06 6296214                    /lib/x86_64-linux-gnu/libsystemd.so.0.14.0
7f0eac084000-7f0eac085000 rw-p 00082000 08:06 6296214                    /lib/x86_64-linux-gnu/libsystemd.so.0.14.0
7f0eac085000-7f0eac086000 rw-p 00000000 00:00 0 
7f0eac09a000-7f0eac0a1000 r--s 00000000 08:06 5379656                    /usr/lib/x86_64-linux-gnu/gconv/gconv-modules.cache
7f0eac0a1000-7f0eac0bd000 r--s 00393000 08:06 6165360                    /usr/lib/jvm/java-8-oracle/jre/lib/ext/cldrdata.jar
7f0eac0bd000-7f0eac0d3000 r-xp 00000000 08:06 6165253                    /usr/lib/jvm/java-8-oracle/jre/lib/amd64/libnet.so
7f0eac0d3000-7f0eac2d3000 ---p 00016000 08:06 6165253                    /usr/lib/jvm/java-8-oracle/jre/lib/amd64/libnet.so
7f0eac2d3000-7f0eac2d4000 rw-p 00016000 08:06 6165253                    /usr/lib/jvm/java-8-oracle/jre/lib/amd64/libnet.so
7f0eac2d4000-7f0eac2d5000 ---p 00000000 00:00 0 
7f0eac2d5000-7f0eac3d5000 rw-p 00000000 00:00 0 
7f0eac3d5000-7f0eac3d8000 ---p 00000000 00:00 0 
7f0eac3d8000-7f0eac4d6000 rw-p 00000000 00:00 0 
7f0eac4d6000-7f0eac4d9000 ---p 00000000 00:00 0 
7f0eac4d9000-7f0eac5d7000 rw-p 00000000 00:00 0 
7f0eac5d7000-7f0eac5da000 ---p 00000000 00:00 0 
7f0eac5da000-7f0eac6d8000 rw-p 00000000 00:00 0 
7f0eac6d8000-7f0eac6db000 ---p 00000000 00:00 0 
7f0eac6db000-7f0eac7d9000 rw-p 00000000 00:00 0 
7f0eac7d9000-7f0eac7dc000 ---p 00000000 00:00 0 
7f0eac7dc000-7f0eac8da000 rw-p 00000000 00:00 0 
7f0eac8da000-7f0eacbb2000 r--p 00000000 08:06 4988855                    /usr/lib/locale/locale-archive
7f0eacbb2000-7f0eacbb5000 ---p 00000000 00:00 0 
7f0eacbb5000-7f0eaccb3000 rw-p 00000000 00:00 0 
7f0eaccb3000-7f0eaccb6000 ---p 00000000 00:00 0 
7f0eaccb6000-7f0eacdb4000 rw-p 00000000 00:00 0 
7f0eacdb4000-7f0eacdb5000 ---p 00000000 00:00 0 
7f0eacdb5000-7f0eb0000000 rw-p 00000000 00:00 0 
7f0eb0000000-7f0eb0021000 rw-p 00000000 00:00 0 
7f0eb0021000-7f0eb4000000 ---p 00000000 00:00 0 
7f0eb4005000-7f0eb400a000 r--s 0009a000 08:06 6164783                    /usr/lib/jvm/java-8-oracle/jre/lib/jsse.jar
7f0eb400a000-7f0eb4014000 r--s 00116000 08:06 6165357                    /usr/lib/jvm/java-8-oracle/jre/lib/ext/localedata.jar
7f0eb4014000-7f0eb4019000 r--s 002f9000 08:06 6164784                    /usr/lib/jvm/java-8-oracle/jre/lib/charsets.jar
7f0eb4019000-7f0eb4025000 r--s 00057000 08:06 5780322                    /home/absolute49/vlcj-3.10.1/vlcj-3.10.1.jar
7f0eb4025000-7f0eb402f000 r--s 00059000 08:06 5780319                    /home/absolute49/vlcj-3.10.1/vlcj-3.10.1-tests.jar
7f0eb402f000-7f0eb403a000 r--s 00062000 08:06 5780318                    /home/absolute49/vlcj-3.10.1/vlcj-3.10.1-sources.jar
7f0eb403a000-7f0eb404f000 r--s 001c3000 08:06 5780321                    /home/absolute49/vlcj-3.10.1/vlcj-3.10.1-javadoc.jar
7f0eb404f000-7f0eb4060000 r--s 00155000 08:06 5780324                    /home/absolute49/vlcj-3.10.1/jna-platform-4.1.0.jar
7f0eb4060000-7f0eb4516000 rw-p 00000000 00:00 0 
7f0eb4516000-7f0eb46f0000 r--s 03d4d000 08:06 6165245                    /usr/lib/jvm/java-8-oracle/jre/lib/rt.jar
7f0eb46f0000-7f0eb48d4000 rw-p 00000000 00:00 0 
7f0eb48d4000-7f0eb48d5000 ---p 00000000 00:00 0 
7f0eb48d5000-7f0eb49d5000 rw-p 00000000 00:00 0 
7f0eb49d5000-7f0eb49d6000 ---p 00000000 00:00 0 
7f0eb49d6000-7f0eb4ad6000 rw-p 00000000 00:00 0 
7f0eb4ad6000-7f0eb4ad7000 ---p 00000000 00:00 0 
7f0eb4ad7000-7f0eb4bd7000 rw-p 00000000 00:00 0 
7f0eb4bd7000-7f0eb4bd8000 ---p 00000000 00:00 0 
7f0eb4bd8000-7f0eb4ced000 rw-p 00000000 00:00 0 
7f0eb4ced000-7f0eb4e1b000 ---p 00000000 00:00 0 
7f0eb4e1b000-7f0eb4e30000 rw-p 00000000 00:00 0 
7f0eb4e30000-7f0eb4f5d000 ---p 00000000 00:00 0 
7f0eb4f5d000-7f0eb4f68000 rw-p 00000000 00:00 0 
7f0eb4f68000-7f0eb4fff000 ---p 00000000 00:00 0 
7f0eb4fff000-7f0eb5000000 rw-p 00000000 00:00 0 
7f0eb5000000-7f0eb5270000 rwxp 00000000 00:00 0 
7f0eb5270000-7f0ec4000000 ---p 00000000 00:00 0 
7f0ec4000000-7f0ec41a5000 rw-p 00000000 00:00 0 
7f0ec41a5000-7f0ec8000000 ---p 00000000 00:00 0 
7f0ec8000000-7f0ec8002000 r--s 00001000 08:06 5780244                    /home/absolute49/slf4j-1.7.25/slf4j-jdk14-1.7.25.jar
7f0ec8002000-7f0ec8003000 r--s 00002000 08:06 5780238                    /home/absolute49/slf4j-1.7.25/slf4j-jdk14-1.7.25-sources.jar
7f0ec8003000-7f0ec8083000 rw-p 00000000 00:00 0 
7f0ec8083000-7f0ec8439000 ---p 00000000 00:00 0 
7f0ec8439000-7f0ec8453000 r-xp 00000000 08:06 6165276                    /usr/lib/jvm/java-8-oracle/jre/lib/amd64/libzip.so
7f0ec8453000-7f0ec8653000 ---p 0001a000 08:06 6165276                    /usr/lib/jvm/java-8-oracle/jre/lib/amd64/libzip.so
7f0ec8653000-7f0ec8654000 rw-p 0001a000 08:06 6165276                    /usr/lib/jvm/java-8-oracle/jre/lib/amd64/libzip.so
7f0ec8654000-7f0ec865f000 r-xp 00000000 08:06 6296418                    /lib/x86_64-linux-gnu/libnss_files-2.23.so
7f0ec865f000-7f0ec885e000 ---p 0000b000 08:06 6296418                    /lib/x86_64-linux-gnu/libnss_files-2.23.so
7f0ec885e000-7f0ec885f000 r--p 0000a000 08:06 6296418                    /lib/x86_64-linux-gnu/libnss_files-2.23.so
7f0ec885f000-7f0ec8860000 rw-p 0000b000 08:06 6296418                    /lib/x86_64-linux-gnu/libnss_files-2.23.so
7f0ec8860000-7f0ec8866000 rw-p 00000000 00:00 0 
7f0ec8866000-7f0ec8871000 r-xp 00000000 08:06 6297020                    /lib/x86_64-linux-gnu/libnss_nis-2.23.so
7f0ec8871000-7f0ec8a70000 ---p 0000b000 08:06 6297020                    /lib/x86_64-linux-gnu/libnss_nis-2.23.so
7f0ec8a70000-7f0ec8a71000 r--p 0000a000 08:06 6297020                    /lib/x86_64-linux-gnu/libnss_nis-2.23.so
7f0ec8a71000-7f0ec8a72000 rw-p 0000b000 08:06 6297020                    /lib/x86_64-linux-gnu/libnss_nis-2.23.so
7f0ec8a72000-7f0ec8a88000 r-xp 00000000 08:06 6291471                    /lib/x86_64-linux-gnu/libnsl-2.23.so
7f0ec8a88000-7f0ec8c87000 ---p 00016000 08:06 6291471                    /lib/x86_64-linux-gnu/libnsl-2.23.so
7f0ec8c87000-7f0ec8c88000 r--p 00015000 08:06 6291471                    /lib/x86_64-linux-gnu/libnsl-2.23.so
7f0ec8c88000-7f0ec8c89000 rw-p 00016000 08:06 6291471                    /lib/x86_64-linux-gnu/libnsl-2.23.so
7f0ec8c89000-7f0ec8c8b000 rw-p 00000000 00:00 0 
7f0ec8c8b000-7f0ec8c93000 r-xp 00000000 08:06 6297587                    /lib/x86_64-linux-gnu/libnss_compat-2.23.so
7f0ec8c93000-7f0ec8e92000 ---p 00008000 08:06 6297587                    /lib/x86_64-linux-gnu/libnss_compat-2.23.so
7f0ec8e92000-7f0ec8e93000 r--p 00007000 08:06 6297587                    /lib/x86_64-linux-gnu/libnss_compat-2.23.so
7f0ec8e93000-7f0ec8e94000 rw-p 00008000 08:06 6297587                    /lib/x86_64-linux-gnu/libnss_compat-2.23.so
7f0ec8e94000-7f0ec8ebf000 r-xp 00000000 08:06 6165301                    /usr/lib/jvm/java-8-oracle/jre/lib/amd64/libjava.so
7f0ec8ebf000-7f0ec90be000 ---p 0002b000 08:06 6165301                    /usr/lib/jvm/java-8-oracle/jre/lib/amd64/libjava.so
7f0ec90be000-7f0ec90c0000 rw-p 0002a000 08:06 6165301                    /usr/lib/jvm/java-8-oracle/jre/lib/amd64/libjava.so
7f0ec90c0000-7f0ec90cd000 r-xp 00000000 08:06 6165254                    /usr/lib/jvm/java-8-oracle/jre/lib/amd64/libverify.so
7f0ec90cd000-7f0ec92cd000 ---p 0000d000 08:06 6165254                    /usr/lib/jvm/java-8-oracle/jre/lib/amd64/libverify.so
7f0ec92cd000-7f0ec92cf000 rw-p 0000d000 08:06 6165254                    /usr/lib/jvm/java-8-oracle/jre/lib/amd64/libverify.so
7f0ec92cf000-7f0ec92d6000 r-xp 00000000 08:06 6297583                    /lib/x86_64-linux-gnu/librt-2.23.so
7f0ec92d6000-7f0ec94d5000 ---p 00007000 08:06 6297583                    /lib/x86_64-linux-gnu/librt-2.23.so
7f0ec94d5000-7f0ec94d6000 r--p 00006000 08:06 6297583                    /lib/x86_64-linux-gnu/librt-2.23.so
7f0ec94d6000-7f0ec94d7000 rw-p 00007000 08:06 6297583                    /lib/x86_64-linux-gnu/librt-2.23.so
7f0ec94d7000-7f0ec95df000 r-xp 00000000 08:06 6297816                    /lib/x86_64-linux-gnu/libm-2.23.so
7f0ec95df000-7f0ec97de000 ---p 00108000 08:06 6297816                    /lib/x86_64-linux-gnu/libm-2.23.so
7f0ec97de000-7f0ec97df000 r--p 00107000 08:06 6297816                    /lib/x86_64-linux-gnu/libm-2.23.so
7f0ec97df000-7f0ec97e0000 rw-p 00108000 08:06 6297816                    /lib/x86_64-linux-gnu/libm-2.23.so
7f0ec97e0000-7f0eca4b3000 r-xp 00000000 08:06 6165313                    /usr/lib/jvm/java-8-oracle/jre/lib/amd64/server/libjvm.so
7f0eca4b3000-7f0eca6b2000 ---p 00cd3000 08:06 6165313                    /usr/lib/jvm/java-8-oracle/jre/lib/amd64/server/libjvm.so
7f0eca6b2000-7f0eca78c000 rw-p 00cd2000 08:06 6165313                    /usr/lib/jvm/java-8-oracle/jre/lib/amd64/server/libjvm.so
7f0eca78c000-7f0eca7d7000 rw-p 00000000 00:00 0 
7f0eca7d7000-7f0eca997000 r-xp 00000000 08:06 6297821                    /lib/x86_64-linux-gnu/libc-2.23.so
7f0eca997000-7f0ecab97000 ---p 001c0000 08:06 6297821                    /lib/x86_64-linux-gnu/libc-2.23.so
7f0ecab97000-7f0ecab9b000 r--p 001c0000 08:06 6297821                    /lib/x86_64-linux-gnu/libc-2.23.so
7f0ecab9b000-7f0ecab9d000 rw-p 001c4000 08:06 6297821                    /lib/x86_64-linux-gnu/libc-2.23.so
7f0ecab9d000-7f0ecaba1000 rw-p 00000000 00:00 0 
7f0ecaba1000-7f0ecaba4000 r-xp 00000000 08:06 6297586                    /lib/x86_64-linux-gnu/libdl-2.23.so
7f0ecaba4000-7f0ecada3000 ---p 00003000 08:06 6297586                    /lib/x86_64-linux-gnu/libdl-2.23.so
7f0ecada3000-7f0ecada4000 r--p 00002000 08:06 6297586                    /lib/x86_64-linux-gnu/libdl-2.23.so
7f0ecada4000-7f0ecada5000 rw-p 00003000 08:06 6297586                    /lib/x86_64-linux-gnu/libdl-2.23.so
7f0ecada5000-7f0ecadba000 r-xp 00000000 08:06 5902092                    /usr/lib/jvm/java-8-oracle/lib/amd64/jli/libjli.so
7f0ecadba000-7f0ecafba000 ---p 00015000 08:06 5902092                    /usr/lib/jvm/java-8-oracle/lib/amd64/jli/libjli.so
7f0ecafba000-7f0ecafbb000 rw-p 00015000 08:06 5902092                    /usr/lib/jvm/java-8-oracle/lib/amd64/jli/libjli.so
7f0ecafbb000-7f0ecafd3000 r-xp 00000000 08:06 6296420                    /lib/x86_64-linux-gnu/libpthread-2.23.so
7f0ecafd3000-7f0ecb1d2000 ---p 00018000 08:06 6296420                    /lib/x86_64-linux-gnu/libpthread-2.23.so
7f0ecb1d2000-7f0ecb1d3000 r--p 00017000 08:06 6296420                    /lib/x86_64-linux-gnu/libpthread-2.23.so
7f0ecb1d3000-7f0ecb1d4000 rw-p 00018000 08:06 6296420                    /lib/x86_64-linux-gnu/libpthread-2.23.so
7f0ecb1d4000-7f0ecb1d8000 rw-p 00000000 00:00 0 
7f0ecb1d8000-7f0ecb1fe000 r-xp 00000000 08:06 6291482                    /lib/x86_64-linux-gnu/ld-2.23.so
7f0ecb1fe000-7f0ecb200000 r--s 00009000 08:06 5780218                    /home/absolute49/slf4j-1.7.25/slf4j-api-1.7.25.jar
7f0ecb200000-7f0ecb202000 r--s 0000c000 08:06 5780202                    /home/absolute49/slf4j-1.7.25/slf4j-api-1.7.25-sources.jar
7f0ecb202000-7f0ecb203000 r--s 00007000 08:06 5780325                    /home/absolute49/vlcj-3.10.1/slf4j-api-1.7.10.jar
7f0ecb203000-7f0ecb2db000 rw-p 00000000 00:00 0 
7f0ecb2db000-7f0ecb2de000 ---p 00000000 00:00 0 
7f0ecb2de000-7f0ecb3e0000 rw-p 00000000 00:00 0 
7f0ecb3e0000-7f0ecb3e5000 r--s 00031000 08:06 5780320                    /home/absolute49/vlcj-3.10.1/vlcj-3.10.1-test-sources.jar
7f0ecb3e5000-7f0ecb3e9000 r--s 000dc000 08:06 5780323                    /home/absolute49/vlcj-3.10.1/jna-4.1.0.jar
7f0ecb3e9000-7f0ecb3f1000 r--s 000c4000 08:06 8784726                    /home/absolute49/netbeans-8.2/ide/modules/ext/mysql-connector-java-5.1.23-bin.jar
7f0ecb3f1000-7f0ecb3f9000 rw-s 00000000 08:06 10494212                   /tmp/hsperfdata_absolute49/29930
7f0ecb3f9000-7f0ecb3fa000 rw-p 00000000 00:00 0 
7f0ecb3fa000-7f0ecb3fb000 r--p 00000000 00:00 0 
7f0ecb3fb000-7f0ecb3fd000 rw-p 00000000 00:00 0 
7f0ecb3fd000-7f0ecb3fe000 r--p 00025000 08:06 6291482                    /lib/x86_64-linux-gnu/ld-2.23.so
7f0ecb3fe000-7f0ecb3ff000 rw-p 00026000 08:06 6291482                    /lib/x86_64-linux-gnu/ld-2.23.so
7f0ecb3ff000-7f0ecb400000 rw-p 00000000 00:00 0 
7ffe04a4d000-7ffe04a6e000 rw-p 00000000 00:00 0                          [stack]
7ffe04b41000-7ffe04b43000 r--p 00000000 00:00 0                          [vvar]
7ffe04b43000-7ffe04b45000 r-xp 00000000 00:00 0                          [vdso]
ffffffffff600000-ffffffffff601000 r-xp 00000000 00:00 0                  [vsyscall]

VM Arguments:
jvm_args: -Dfile.encoding=UTF-8 
java_command: servers.Servers
java_class_path (initial): /home/absolute49/netbeans-8.2/ide/modules/ext/mysql-connector-java-5.1.23-bin.jar:/home/absolute49/vlcj-3.10.1/jna-4.1.0.jar:/home/absolute49/vlcj-3.10.1/jna-platform-4.1.0.jar:/home/absolute49/vlcj-3.10.1/vlcj-3.10.1-javadoc.jar:/home/absolute49/vlcj-3.10.1/vlcj-3.10.1-sources.jar:/home/absolute49/vlcj-3.10.1/vlcj-3.10.1-test-sources.jar:/home/absolute49/vlcj-3.10.1/vlcj-3.10.1-tests.jar:/home/absolute49/vlcj-3.10.1/vlcj-3.10.1.jar:/home/absolute49/slf4j-1.7.25/slf4j-api-1.7.25-sources.jar:/home/absolute49/slf4j-1.7.25/slf4j-api-1.7.25.jar:/home/absolute49/slf4j-1.7.25/slf4j-jdk14-1.7.25-sources.jar:/home/absolute49/slf4j-1.7.25/slf4j-jdk14-1.7.25.jar:/home/absolute49/NetBeansProjects/Servers/build/classes
Launcher Type: SUN_STANDARD

Environment Variables:
JAVA_HOME=/usr/lib/jvm/java-8-oracle
PATH=/home/absolute49/bin:/home/absolute49/.local/bin:/usr/local/sbin:/usr/local/bin:/usr/sbin:/usr/bin:/sbin:/bin:/usr/games:/usr/local/games:/usr/lib/jvm/java-8-oracle/bin:/usr/lib/jvm/java-8-oracle/db/bin:/usr/lib/jvm/java-8-oracle/jre/bin
LD_LIBRARY_PATH=/usr/lib/jvm/java-8-oracle/jre/lib/amd64:/usr/lib/jvm/java-8-oracle/jre/lib/i386:
SHELL=/bin/bash
DISPLAY=:0

Signal Handlers:
SIGSEGV: [libjvm.so+0xacba10], sa_mask[0]=11111111011111111101111111111110, sa_flags=SA_RESTART|SA_SIGINFO
SIGBUS: [libjvm.so+0xacba10], sa_mask[0]=11111111011111111101111111111110, sa_flags=SA_RESTART|SA_SIGINFO
SIGFPE: [libjvm.so+0x924ba0], sa_mask[0]=11111111011111111101111111111110, sa_flags=SA_RESTART|SA_SIGINFO
SIGPIPE: [libjvm.so+0x924ba0], sa_mask[0]=11111111011111111101111111111110, sa_flags=SA_RESTART|SA_SIGINFO
SIGXFSZ: [libjvm.so+0x924ba0], sa_mask[0]=11111111011111111101111111111110, sa_flags=SA_RESTART|SA_SIGINFO
SIGILL: [libjvm.so+0x924ba0], sa_mask[0]=11111111011111111101111111111110, sa_flags=SA_RESTART|SA_SIGINFO
SIGUSR1: SIG_DFL, sa_mask[0]=00000000000000000000000000000000, sa_flags=none
SIGUSR2: [libjvm.so+0x9263e0], sa_mask[0]=00100000000000000000000000000000, sa_flags=SA_RESTART|SA_SIGINFO
SIGHUP: [libjvm.so+0x9277e0], sa_mask[0]=11111111011111111101111111111110, sa_flags=SA_RESTART|SA_SIGINFO
SIGINT: SIG_IGN, sa_mask[0]=00000000000000000000000000000000, sa_flags=none
SIGTERM: [libjvm.so+0x9277e0], sa_mask[0]=11111111011111111101111111111110, sa_flags=SA_RESTART|SA_SIGINFO
SIGQUIT: [libjvm.so+0x9277e0], sa_mask[0]=11111111011111111101111111111110, sa_flags=SA_RESTART|SA_SIGINFO


---------------  S Y S T E M  ---------------

OS:DISTRIB_ID=LinuxMint
DISTRIB_RELEASE=18.2
DISTRIB_CODENAME=sonya
DISTRIB_DESCRIPTION="Linux Mint 18.2 Sonya"

uname:Linux 4.8.0-53-generic #56~16.04.1-Ubuntu SMP Tue May 16 01:18:56 UTC 2017 x86_64
libc:glibc 2.23 NPTL 2.23 
rlimit: STACK 8192k, CORE 0k, NPROC 15309, NOFILE 65536, AS infinity
load average:1.00 0.75 0.65

/proc/meminfo:
MemTotal:        3964496 kB
MemFree:          855124 kB
MemAvailable:    1436764 kB
Buffers:          105368 kB
Cached:           752912 kB
SwapCached:       156468 kB
Active:          2001372 kB
Inactive:         829132 kB
Active(anon):    1579860 kB
Inactive(anon):   518152 kB
Active(file):     421512 kB
Inactive(file):   310980 kB
Unevictable:          32 kB
Mlocked:              32 kB
SwapTotal:       3999740 kB
SwapFree:        3274572 kB
Dirty:               316 kB
Writeback:             0 kB
AnonPages:       1929628 kB
Mapped:           223572 kB
Shmem:            125564 kB
Slab:             153524 kB
SReclaimable:     111920 kB
SUnreclaim:        41604 kB
KernelStack:        8768 kB
PageTables:        42092 kB
NFS_Unstable:          0 kB
Bounce:                0 kB
WritebackTmp:          0 kB
CommitLimit:     5981988 kB
Committed_AS:    5492196 kB
VmallocTotal:   34359738367 kB
VmallocUsed:           0 kB
VmallocChunk:          0 kB
HardwareCorrupted:     0 kB
AnonHugePages:   1185792 kB
ShmemHugePages:        0 kB
ShmemPmdMapped:        0 kB
CmaTotal:              0 kB
CmaFree:               0 kB
HugePages_Total:       0
HugePages_Free:        0
HugePages_Rsvd:        0
HugePages_Surp:        0
Hugepagesize:       2048 kB
DirectMap4k:      488508 kB
DirectMap2M:     3624960 kB
DirectMap1G:     1048576 kB


CPU:total 4 (initial active 4) (2 cores per cpu, 2 threads per core) family 6 model 61 stepping 4, cmov, cx8, fxsr, mmx, sse, sse2, sse3, ssse3, sse4.1, sse4.2, popcnt, avx, avx2, aes, clmul, erms, 3dnowpref, lzcnt, ht, tsc, tscinvbit, bmi1, bmi2, adx

/proc/cpuinfo:
processor	: 0
vendor_id	: GenuineIntel
cpu family	: 6
model		: 61
model name	: Intel(R) Core(TM) i5-5200U CPU @ 2.20GHz
stepping	: 4
microcode	: 0x25
cpu MHz		: 2499.975
cache size	: 3072 KB
physical id	: 0
siblings	: 4
core id		: 0
cpu cores	: 2
apicid		: 0
initial apicid	: 0
fpu		: yes
fpu_exception	: yes
cpuid level	: 20
wp		: yes
flags		: fpu vme de pse tsc msr pae mce cx8 apic sep mtrr pge mca cmov pat pse36 clflush dts acpi mmx fxsr sse sse2 ss ht tm pbe syscall nx pdpe1gb rdtscp lm constant_tsc arch_perfmon pebs bts rep_good nopl xtopology nonstop_tsc aperfmperf eagerfpu pni pclmulqdq dtes64 monitor ds_cpl vmx est tm2 ssse3 sdbg fma cx16 xtpr pdcm pcid sse4_1 sse4_2 x2apic movbe popcnt tsc_deadline_timer aes xsave avx f16c rdrand lahf_lm abm 3dnowprefetch epb intel_pt tpr_shadow vnmi flexpriority ept vpid fsgsbase tsc_adjust bmi1 avx2 smep bmi2 erms invpcid rdseed adx smap xsaveopt dtherm ida arat pln pts
bugs		:
bogomips	: 4389.80
clflush size	: 64
cache_alignment	: 64
address sizes	: 39 bits physical, 48 bits virtual
power management:

processor	: 1
vendor_id	: GenuineIntel
cpu family	: 6
model		: 61
model name	: Intel(R) Core(TM) i5-5200U CPU @ 2.20GHz
stepping	: 4
microcode	: 0x25
cpu MHz		: 2606.860
cache size	: 3072 KB
physical id	: 0
siblings	: 4
core id		: 1
cpu cores	: 2
apicid		: 2
initial apicid	: 2
fpu		: yes
fpu_exception	: yes
cpuid level	: 20
wp		: yes
flags		: fpu vme de pse tsc msr pae mce cx8 apic sep mtrr pge mca cmov pat pse36 clflush dts acpi mmx fxsr sse sse2 ss ht tm pbe syscall nx pdpe1gb rdtscp lm constant_tsc arch_perfmon pebs bts rep_good nopl xtopology nonstop_tsc aperfmperf eagerfpu pni pclmulqdq dtes64 monitor ds_cpl vmx est tm2 ssse3 sdbg fma cx16 xtpr pdcm pcid sse4_1 sse4_2 x2apic movbe popcnt tsc_deadline_timer aes xsave avx f16c rdrand lahf_lm abm 3dnowprefetch epb intel_pt tpr_shadow vnmi flexpriority ept vpid fsgsbase tsc_adjust bmi1 avx2 smep bmi2 erms invpcid rdseed adx smap xsaveopt dtherm ida arat pln pts
bugs		:
bogomips	: 4389.80
clflush size	: 64
cache_alignment	: 64
address sizes	: 39 bits physical, 48 bits virtual
power management:

processor	: 2
vendor_id	: GenuineIntel
cpu family	: 6
model		: 61
model name	: Intel(R) Core(TM) i5-5200U CPU @ 2.20GHz
stepping	: 4
microcode	: 0x25
cpu MHz		: 2499.975
cache size	: 3072 KB
physical id	: 0
siblings	: 4
core id		: 0
cpu cores	: 2
apicid		: 1
initial apicid	: 1
fpu		: yes
fpu_exception	: yes
cpuid level	: 20
wp		: yes
flags		: fpu vme de pse tsc msr pae mce cx8 apic sep mtrr pge mca cmov pat pse36 clflush dts acpi mmx fxsr sse sse2 ss ht tm pbe syscall nx pdpe1gb rdtscp lm constant_tsc arch_perfmon pebs bts rep_good nopl xtopology nonstop_tsc aperfmperf eagerfpu pni pclmulqdq dtes64 monitor ds_cpl vmx est tm2 ssse3 sdbg fma cx16 xtpr pdcm pcid sse4_1 sse4_2 x2apic movbe popcnt tsc_deadline_timer aes xsave avx f16c rdrand lahf_lm abm 3dnowprefetch epb intel_pt tpr_shadow vnmi flexpriority ept vpid fsgsbase tsc_adjust bmi1 avx2 smep bmi2 erms invpcid rdseed adx smap xsaveopt dtherm ida arat pln pts
bugs		:
bogomips	: 4389.80
clflush size	: 64
cache_alignment	: 64
address sizes	: 39 bits physical, 48 bits virtual
power management:

processor	: 3
vendor_id	: GenuineIntel
cpu family	: 6
model		: 61
model name	: Intel(R) Core(TM) i5-5200U CPU @ 2.20GHz
stepping	: 4
microcode	: 0x25
cpu MHz		: 2535.424
cache size	: 3072 KB
physical id	: 0
siblings	: 4
core id		: 1
cpu cores	: 2
apicid		: 3
initial apicid	: 3
fpu		: yes
fpu_exception	: yes
cpuid level	: 20
wp		: yes
flags		: fpu vme de pse tsc msr pae mce cx8 apic sep mtrr pge mca cmov pat pse36 clflush dts acpi mmx fxsr sse sse2 ss ht tm pbe syscall nx pdpe1gb rdtscp lm constant_tsc arch_perfmon pebs bts rep_good nopl xtopology nonstop_tsc aperfmperf eagerfpu pni pclmulqdq dtes64 monitor ds_cpl vmx est tm2 ssse3 sdbg fma cx16 xtpr pdcm pcid sse4_1 sse4_2 x2apic movbe popcnt tsc_deadline_timer aes xsave avx f16c rdrand lahf_lm abm 3dnowprefetch epb intel_pt tpr_shadow vnmi flexpriority ept vpid fsgsbase tsc_adjust bmi1 avx2 smep bmi2 erms invpcid rdseed adx smap xsaveopt dtherm ida arat pln pts
bugs		:
bogomips	: 4389.80
clflush size	: 64
cache_alignment	: 64
address sizes	: 39 bits physical, 48 bits virtual
power management:



Memory: 4k page, physical 3964496k(855124k free), swap 3999740k(3274572k free)

vm_info: Java HotSpot(TM) 64-Bit Server VM (25.144-b01) for linux-amd64 JRE (1.8.0_144-b01), built on Jul 21 2017 21:57:33 by "java_re" with gcc 4.3.0 20080428 (Red Hat 4.3.0-8)

time: Thu Oct 19 20:57:45 2017
elapsed time: 17 seconds (0d 0h 0m 17s)

